[0.008s] Invoking command in '/home/ross/RosSwarm/ros2_ws/src/build/crazyflie_examples': AMENT_PREFIX_PATH=/home/ross/RosSwarm/ros2_ws/src/install/crazyflie_py:/home/ross/RosSwarm/ros2_ws/src/install/crazyflie_interfaces:${AMENT_PREFIX_PATH} CMAKE_PREFIX_PATH=/home/ross/RosSwarm/ros2_ws/src/install/crazyflie_interfaces:/home/ross/RosSwarm/ros2_ws/install/crazyflie_sim:/home/ross/RosSwarm/ros2_ws/install/crazyflie_examples:/home/ross/RosSwarm/ros2_ws/install/crazyflie:/home/ross/RosSwarm/ros2_ws/install/crazyflie_interfaces:/opt/ros/jazzy/opt/gz_math_vendor:/opt/ros/jazzy/opt/gz_utils_vendor:/opt/ros/jazzy/opt/gz_cmake_vendor:/home/ross/RosSwarm/ros2_ws/install/crazyflie_py:/opt/ros/jazzy DEBUGINFOD_URLS=https://debuginfod.ubuntu.com LD_LIBRARY_PATH=/home/ross/RosSwarm/ros2_ws/src/install/crazyflie_interfaces/lib:${LD_LIBRARY_PATH} PYTHONPATH=/home/ross/RosSwarm/ros2_ws/src/install/crazyflie_py/lib/python3.12/site-packages:/home/ross/RosSwarm/ros2_ws/src/install/crazyflie_interfaces/lib/python3.12/site-packages:${PYTHONPATH} /usr/bin/cmake --build /home/ross/RosSwarm/ros2_ws/src/build/crazyflie_examples -- -j12 -l12
[0.048s] Built target ament_cmake_python_copy_crazyflie_examples_setup
[0.049s] Built target ament_cmake_python_copy_crazyflie_examples
[0.271s] running install_scripts
[0.273s] running egg_info
[0.297s] writing crazyflie_examples.egg-info/PKG-INFO
[0.297s] writing dependency_links to crazyflie_examples.egg-info/dependency_links.txt
[0.297s] writing entry points to crazyflie_examples.egg-info/entry_points.txt
[0.298s] writing top-level names to crazyflie_examples.egg-info/top_level.txt
[0.318s] /usr/lib/python3/dist-packages/setuptools/_distutils/cmd.py:66: SetuptoolsDeprecationWarning: setup.py install is deprecated.
[0.318s] !!
[0.318s] 
[0.318s]         ********************************************************************************
[0.319s]         Please avoid running ``setup.py`` directly.
[0.319s]         Instead, use pypa/build, pypa/installer or other
[0.319s]         standards-based tools.
[0.319s] 
[0.319s]         See https://blog.ganssle.io/articles/2021/10/setup-py-deprecated.html for details.
[0.319s]         ********************************************************************************
[0.319s] 
[0.319s] !!
[0.319s]   self.initialize_options()
[0.324s] running egg_info
[0.369s] reading manifest file 'crazyflie_examples.egg-info/SOURCES.txt'
[0.369s] writing manifest file 'crazyflie_examples.egg-info/SOURCES.txt'
[0.373s] writing crazyflie_examples.egg-info/PKG-INFO
[0.373s] writing dependency_links to crazyflie_examples.egg-info/dependency_links.txt
[0.373s] writing entry points to crazyflie_examples.egg-info/entry_points.txt
[0.373s] writing top-level names to crazyflie_examples.egg-info/top_level.txt
[0.390s] Built target ament_cmake_python_build_crazyflie_examples_egg
[0.420s] reading manifest file 'crazyflie_examples.egg-info/SOURCES.txt'
[0.421s] writing manifest file 'crazyflie_examples.egg-info/SOURCES.txt'
[0.534s] Installing arming script to scripts
[0.535s] Installing cmd_full_state script to scripts
[0.535s] Installing figure8 script to scripts
[0.535s] Installing group_mask script to scripts
[0.535s] Installing hello_world script to scripts
[0.535s] Installing infinite_flight script to scripts
[0.535s] Installing multi_trajectory script to scripts
[0.535s] Installing nice_hover script to scripts
[0.535s] Installing set_param script to scripts
[0.535s] Installing swap script to scripts
[0.560s] Built target ament_cmake_python_build_crazyflie_examples_scripts
[0.568s] Invoked command in '/home/ross/RosSwarm/ros2_ws/src/build/crazyflie_examples' returned '0': AMENT_PREFIX_PATH=/home/ross/RosSwarm/ros2_ws/src/install/crazyflie_py:/home/ross/RosSwarm/ros2_ws/src/install/crazyflie_interfaces:${AMENT_PREFIX_PATH} CMAKE_PREFIX_PATH=/home/ross/RosSwarm/ros2_ws/src/install/crazyflie_interfaces:/home/ross/RosSwarm/ros2_ws/install/crazyflie_sim:/home/ross/RosSwarm/ros2_ws/install/crazyflie_examples:/home/ross/RosSwarm/ros2_ws/install/crazyflie:/home/ross/RosSwarm/ros2_ws/install/crazyflie_interfaces:/opt/ros/jazzy/opt/gz_math_vendor:/opt/ros/jazzy/opt/gz_utils_vendor:/opt/ros/jazzy/opt/gz_cmake_vendor:/home/ross/RosSwarm/ros2_ws/install/crazyflie_py:/opt/ros/jazzy DEBUGINFOD_URLS=https://debuginfod.ubuntu.com LD_LIBRARY_PATH=/home/ross/RosSwarm/ros2_ws/src/install/crazyflie_interfaces/lib:${LD_LIBRARY_PATH} PYTHONPATH=/home/ross/RosSwarm/ros2_ws/src/install/crazyflie_py/lib/python3.12/site-packages:/home/ross/RosSwarm/ros2_ws/src/install/crazyflie_interfaces/lib/python3.12/site-packages:${PYTHONPATH} /usr/bin/cmake --build /home/ross/RosSwarm/ros2_ws/src/build/crazyflie_examples -- -j12 -l12
[0.585s] Invoking command in '/home/ross/RosSwarm/ros2_ws/src/build/crazyflie_examples': AMENT_PREFIX_PATH=/home/ross/RosSwarm/ros2_ws/src/install/crazyflie_py:/home/ross/RosSwarm/ros2_ws/src/install/crazyflie_interfaces:${AMENT_PREFIX_PATH} CMAKE_PREFIX_PATH=/home/ross/RosSwarm/ros2_ws/src/install/crazyflie_interfaces:/home/ross/RosSwarm/ros2_ws/install/crazyflie_sim:/home/ross/RosSwarm/ros2_ws/install/crazyflie_examples:/home/ross/RosSwarm/ros2_ws/install/crazyflie:/home/ross/RosSwarm/ros2_ws/install/crazyflie_interfaces:/opt/ros/jazzy/opt/gz_math_vendor:/opt/ros/jazzy/opt/gz_utils_vendor:/opt/ros/jazzy/opt/gz_cmake_vendor:/home/ross/RosSwarm/ros2_ws/install/crazyflie_py:/opt/ros/jazzy DEBUGINFOD_URLS=https://debuginfod.ubuntu.com LD_LIBRARY_PATH=/home/ross/RosSwarm/ros2_ws/src/install/crazyflie_interfaces/lib:${LD_LIBRARY_PATH} PYTHONPATH=/home/ross/RosSwarm/ros2_ws/src/install/crazyflie_py/lib/python3.12/site-packages:/home/ross/RosSwarm/ros2_ws/src/install/crazyflie_interfaces/lib/python3.12/site-packages:${PYTHONPATH} /usr/bin/cmake --install /home/ross/RosSwarm/ros2_ws/src/build/crazyflie_examples
[0.590s] -- Install configuration: ""
[0.590s] -- Up-to-date: /home/ross/RosSwarm/ros2_ws/src/install/crazyflie_examples/share/crazyflie_examples/environment/pythonpath.sh
[0.590s] -- Up-to-date: /home/ross/RosSwarm/ros2_ws/src/install/crazyflie_examples/share/crazyflie_examples/environment/pythonpath.dsv
[0.590s] -- Up-to-date: /home/ross/RosSwarm/ros2_ws/src/install/crazyflie_examples/lib/python3.12/site-packages/crazyflie_examples-2.0.0-py3.12.egg-info
[0.591s] -- Installing: /home/ross/RosSwarm/ros2_ws/src/install/crazyflie_examples/lib/python3.12/site-packages/crazyflie_examples-2.0.0-py3.12.egg-info/top_level.txt
[0.591s] -- Installing: /home/ross/RosSwarm/ros2_ws/src/install/crazyflie_examples/lib/python3.12/site-packages/crazyflie_examples-2.0.0-py3.12.egg-info/dependency_links.txt
[0.591s] -- Installing: /home/ross/RosSwarm/ros2_ws/src/install/crazyflie_examples/lib/python3.12/site-packages/crazyflie_examples-2.0.0-py3.12.egg-info/entry_points.txt
[0.591s] -- Installing: /home/ross/RosSwarm/ros2_ws/src/install/crazyflie_examples/lib/python3.12/site-packages/crazyflie_examples-2.0.0-py3.12.egg-info/SOURCES.txt
[0.591s] -- Installing: /home/ross/RosSwarm/ros2_ws/src/install/crazyflie_examples/lib/python3.12/site-packages/crazyflie_examples-2.0.0-py3.12.egg-info/PKG-INFO
[0.591s] -- Up-to-date: /home/ross/RosSwarm/ros2_ws/src/install/crazyflie_examples/lib/crazyflie_examples/
[0.591s] -- Installing: /home/ross/RosSwarm/ros2_ws/src/install/crazyflie_examples/lib/crazyflie_examples//set_param
[0.591s] -- Installing: /home/ross/RosSwarm/ros2_ws/src/install/crazyflie_examples/lib/crazyflie_examples//arming
[0.591s] -- Installing: /home/ross/RosSwarm/ros2_ws/src/install/crazyflie_examples/lib/crazyflie_examples//multi_trajectory
[0.591s] -- Installing: /home/ross/RosSwarm/ros2_ws/src/install/crazyflie_examples/lib/crazyflie_examples//nice_hover
[0.591s] -- Installing: /home/ross/RosSwarm/ros2_ws/src/install/crazyflie_examples/lib/crazyflie_examples//group_mask
[0.591s] -- Installing: /home/ross/RosSwarm/ros2_ws/src/install/crazyflie_examples/lib/crazyflie_examples//swap
[0.592s] -- Installing: /home/ross/RosSwarm/ros2_ws/src/install/crazyflie_examples/lib/crazyflie_examples//cmd_full_state
[0.592s] -- Installing: /home/ross/RosSwarm/ros2_ws/src/install/crazyflie_examples/lib/crazyflie_examples//infinite_flight
[0.592s] -- Installing: /home/ross/RosSwarm/ros2_ws/src/install/crazyflie_examples/lib/crazyflie_examples//hello_world
[0.592s] -- Installing: /home/ross/RosSwarm/ros2_ws/src/install/crazyflie_examples/lib/crazyflie_examples//figure8
[0.592s] -- Up-to-date: /home/ross/RosSwarm/ros2_ws/src/install/crazyflie_examples/lib/python3.12/site-packages/crazyflie_examples
[0.592s] -- Up-to-date: /home/ross/RosSwarm/ros2_ws/src/install/crazyflie_examples/lib/python3.12/site-packages/crazyflie_examples/nice_hover.py
[0.592s] -- Up-to-date: /home/ross/RosSwarm/ros2_ws/src/install/crazyflie_examples/lib/python3.12/site-packages/crazyflie_examples/swap.py
[0.592s] -- Up-to-date: /home/ross/RosSwarm/ros2_ws/src/install/crazyflie_examples/lib/python3.12/site-packages/crazyflie_examples/figure8.py
[0.592s] -- Up-to-date: /home/ross/RosSwarm/ros2_ws/src/install/crazyflie_examples/lib/python3.12/site-packages/crazyflie_examples/data
[0.592s] -- Up-to-date: /home/ross/RosSwarm/ros2_ws/src/install/crazyflie_examples/lib/python3.12/site-packages/crazyflie_examples/data/figure8.csv
[0.592s] -- Up-to-date: /home/ross/RosSwarm/ros2_ws/src/install/crazyflie_examples/lib/python3.12/site-packages/crazyflie_examples/data/multi_trajectory
[0.592s] -- Up-to-date: /home/ross/RosSwarm/ros2_ws/src/install/crazyflie_examples/lib/python3.12/site-packages/crazyflie_examples/data/multi_trajectory/traj0.csv
[0.592s] -- Up-to-date: /home/ross/RosSwarm/ros2_ws/src/install/crazyflie_examples/lib/python3.12/site-packages/crazyflie_examples/data/multi_trajectory/traj1.csv
[0.592s] -- Up-to-date: /home/ross/RosSwarm/ros2_ws/src/install/crazyflie_examples/lib/python3.12/site-packages/crazyflie_examples/cmd_full_state.py
[0.592s] -- Up-to-date: /home/ross/RosSwarm/ros2_ws/src/install/crazyflie_examples/lib/python3.12/site-packages/crazyflie_examples/arming.py
[0.593s] -- Up-to-date: /home/ross/RosSwarm/ros2_ws/src/install/crazyflie_examples/lib/python3.12/site-packages/crazyflie_examples/hello_world.py
[0.593s] -- Up-to-date: /home/ross/RosSwarm/ros2_ws/src/install/crazyflie_examples/lib/python3.12/site-packages/crazyflie_examples/multi_trajectory.py
[0.593s] -- Up-to-date: /home/ross/RosSwarm/ros2_ws/src/install/crazyflie_examples/lib/python3.12/site-packages/crazyflie_examples/__init__.py
[0.593s] -- Up-to-date: /home/ross/RosSwarm/ros2_ws/src/install/crazyflie_examples/lib/python3.12/site-packages/crazyflie_examples/infinite_flight.py
[0.593s] -- Up-to-date: /home/ross/RosSwarm/ros2_ws/src/install/crazyflie_examples/lib/python3.12/site-packages/crazyflie_examples/group_mask.py
[0.593s] -- Up-to-date: /home/ross/RosSwarm/ros2_ws/src/install/crazyflie_examples/lib/python3.12/site-packages/crazyflie_examples/set_param.py
[0.625s] Listing '/home/ross/RosSwarm/ros2_ws/src/install/crazyflie_examples/lib/python3.12/site-packages/crazyflie_examples'...
[0.625s] Listing '/home/ross/RosSwarm/ros2_ws/src/install/crazyflie_examples/lib/python3.12/site-packages/crazyflie_examples/data'...
[0.625s] Listing '/home/ross/RosSwarm/ros2_ws/src/install/crazyflie_examples/lib/python3.12/site-packages/crazyflie_examples/data/multi_trajectory'...
[0.629s] -- Up-to-date: /home/ross/RosSwarm/ros2_ws/src/install/crazyflie_examples/share/crazyflie_examples//config
[0.629s] -- Up-to-date: /home/ross/RosSwarm/ros2_ws/src/install/crazyflie_examples/share/crazyflie_examples//config/nav2_params.yaml
[0.630s] -- Up-to-date: /home/ross/RosSwarm/ros2_ws/src/install/crazyflie_examples/share/crazyflie_examples//config/nav2_view.rviz
[0.630s] -- Up-to-date: /home/ross/RosSwarm/ros2_ws/src/install/crazyflie_examples/share/crazyflie_examples//data
[0.630s] -- Up-to-date: /home/ross/RosSwarm/ros2_ws/src/install/crazyflie_examples/share/crazyflie_examples//data/map.yaml
[0.630s] -- Up-to-date: /home/ross/RosSwarm/ros2_ws/src/install/crazyflie_examples/share/crazyflie_examples//data/map.posegraph
[0.630s] -- Up-to-date: /home/ross/RosSwarm/ros2_ws/src/install/crazyflie_examples/share/crazyflie_examples//data/map.data
[0.630s] -- Up-to-date: /home/ross/RosSwarm/ros2_ws/src/install/crazyflie_examples/share/crazyflie_examples//data/map.pgm
[0.630s] -- Up-to-date: /home/ross/RosSwarm/ros2_ws/src/install/crazyflie_examples/share/crazyflie_examples//launch
[0.630s] -- Up-to-date: /home/ross/RosSwarm/ros2_ws/src/install/crazyflie_examples/share/crazyflie_examples//launch/keyboard_velmux_launch.py
[0.630s] -- Up-to-date: /home/ross/RosSwarm/ros2_ws/src/install/crazyflie_examples/share/crazyflie_examples//launch/multiranger_mapping_launch.py
[0.631s] -- Up-to-date: /home/ross/RosSwarm/ros2_ws/src/install/crazyflie_examples/share/crazyflie_examples//launch/multiranger_nav2_launch.py
[0.631s] -- Up-to-date: /home/ross/RosSwarm/ros2_ws/src/install/crazyflie_examples/share/crazyflie_examples//launch/launch.py
[0.631s] -- Up-to-date: /home/ross/RosSwarm/ros2_ws/src/install/crazyflie_examples/share/crazyflie_examples//launch/multiranger_simple_mapper_launch.py
[0.631s] -- Up-to-date: /home/ross/RosSwarm/ros2_ws/src/install/crazyflie_examples/share/ament_index/resource_index/package_run_dependencies/crazyflie_examples
[0.631s] -- Up-to-date: /home/ross/RosSwarm/ros2_ws/src/install/crazyflie_examples/share/ament_index/resource_index/parent_prefix_path/crazyflie_examples
[0.631s] -- Up-to-date: /home/ross/RosSwarm/ros2_ws/src/install/crazyflie_examples/share/crazyflie_examples/environment/ament_prefix_path.sh
[0.631s] -- Up-to-date: /home/ross/RosSwarm/ros2_ws/src/install/crazyflie_examples/share/crazyflie_examples/environment/ament_prefix_path.dsv
[0.631s] -- Up-to-date: /home/ross/RosSwarm/ros2_ws/src/install/crazyflie_examples/share/crazyflie_examples/environment/path.sh
[0.631s] -- Up-to-date: /home/ross/RosSwarm/ros2_ws/src/install/crazyflie_examples/share/crazyflie_examples/environment/path.dsv
[0.631s] -- Up-to-date: /home/ross/RosSwarm/ros2_ws/src/install/crazyflie_examples/share/crazyflie_examples/local_setup.bash
[0.631s] -- Up-to-date: /home/ross/RosSwarm/ros2_ws/src/install/crazyflie_examples/share/crazyflie_examples/local_setup.sh
[0.631s] -- Up-to-date: /home/ross/RosSwarm/ros2_ws/src/install/crazyflie_examples/share/crazyflie_examples/local_setup.zsh
[0.631s] -- Up-to-date: /home/ross/RosSwarm/ros2_ws/src/install/crazyflie_examples/share/crazyflie_examples/local_setup.dsv
[0.632s] -- Up-to-date: /home/ross/RosSwarm/ros2_ws/src/install/crazyflie_examples/share/crazyflie_examples/package.dsv
[0.632s] -- Up-to-date: /home/ross/RosSwarm/ros2_ws/src/install/crazyflie_examples/share/ament_index/resource_index/packages/crazyflie_examples
[0.632s] -- Up-to-date: /home/ross/RosSwarm/ros2_ws/src/install/crazyflie_examples/share/crazyflie_examples/cmake/crazyflie_examplesConfig.cmake
[0.632s] -- Up-to-date: /home/ross/RosSwarm/ros2_ws/src/install/crazyflie_examples/share/crazyflie_examples/cmake/crazyflie_examplesConfig-version.cmake
[0.632s] -- Up-to-date: /home/ross/RosSwarm/ros2_ws/src/install/crazyflie_examples/share/crazyflie_examples/package.xml
[0.633s] Invoked command in '/home/ross/RosSwarm/ros2_ws/src/build/crazyflie_examples' returned '0': AMENT_PREFIX_PATH=/home/ross/RosSwarm/ros2_ws/src/install/crazyflie_py:/home/ross/RosSwarm/ros2_ws/src/install/crazyflie_interfaces:${AMENT_PREFIX_PATH} CMAKE_PREFIX_PATH=/home/ross/RosSwarm/ros2_ws/src/install/crazyflie_interfaces:/home/ross/RosSwarm/ros2_ws/install/crazyflie_sim:/home/ross/RosSwarm/ros2_ws/install/crazyflie_examples:/home/ross/RosSwarm/ros2_ws/install/crazyflie:/home/ross/RosSwarm/ros2_ws/install/crazyflie_interfaces:/opt/ros/jazzy/opt/gz_math_vendor:/opt/ros/jazzy/opt/gz_utils_vendor:/opt/ros/jazzy/opt/gz_cmake_vendor:/home/ross/RosSwarm/ros2_ws/install/crazyflie_py:/opt/ros/jazzy DEBUGINFOD_URLS=https://debuginfod.ubuntu.com LD_LIBRARY_PATH=/home/ross/RosSwarm/ros2_ws/src/install/crazyflie_interfaces/lib:${LD_LIBRARY_PATH} PYTHONPATH=/home/ross/RosSwarm/ros2_ws/src/install/crazyflie_py/lib/python3.12/site-packages:/home/ross/RosSwarm/ros2_ws/src/install/crazyflie_interfaces/lib/python3.12/site-packages:${PYTHONPATH} /usr/bin/cmake --install /home/ross/RosSwarm/ros2_ws/src/build/crazyflie_examples
