[0.218s] Invoking command in '/home/ross/RosSwarm/ros2_ws/src/build/crazyflie_sim': AMENT_PREFIX_PATH=/home/ross/RosSwarm/ros2_ws/src/install/crazyflie_interfaces:${AMENT_PREFIX_PATH} CMAKE_PREFIX_PATH=/home/ross/RosSwarm/ros2_ws/src/install/crazyflie_interfaces:/home/ross/RosSwarm/ros2_ws/install/crazyflie_sim:/home/ross/RosSwarm/ros2_ws/install/crazyflie_examples:/home/ross/RosSwarm/ros2_ws/install/crazyflie:/home/ross/RosSwarm/ros2_ws/install/crazyflie_interfaces:/opt/ros/jazzy/opt/gz_math_vendor:/opt/ros/jazzy/opt/gz_utils_vendor:/opt/ros/jazzy/opt/gz_cmake_vendor:/home/ross/RosSwarm/ros2_ws/install/crazyflie_py:/opt/ros/jazzy DEBUGINFOD_URLS=https://debuginfod.ubuntu.com LD_LIBRARY_PATH=/home/ross/RosSwarm/ros2_ws/src/install/crazyflie_interfaces/lib:${LD_LIBRARY_PATH} PYTHONPATH=/home/ross/RosSwarm/ros2_ws/src/install/crazyflie_interfaces/lib/python3.12/site-packages:${PYTHONPATH} /usr/bin/cmake --build /home/ross/RosSwarm/ros2_ws/src/build/crazyflie_sim -- -j12 -l12
[0.259s] Built target ament_cmake_python_copy_crazyflie_sim_setup
[0.264s] Built target ament_cmake_python_copy_crazyflie_sim
[0.516s] running egg_info
[0.518s] running install_scripts
[0.540s] writing crazyflie_sim.egg-info/PKG-INFO
[0.540s] writing dependency_links to crazyflie_sim.egg-info/dependency_links.txt
[0.540s] writing entry points to crazyflie_sim.egg-info/entry_points.txt
[0.540s] writing top-level names to crazyflie_sim.egg-info/top_level.txt
[0.565s] /usr/lib/python3/dist-packages/setuptools/_distutils/cmd.py:66: SetuptoolsDeprecationWarning: setup.py install is deprecated.
[0.565s] !!
[0.565s] 
[0.565s]         ********************************************************************************
[0.565s]         Please avoid running ``setup.py`` directly.
[0.565s]         Instead, use pypa/build, pypa/installer or other
[0.565s]         standards-based tools.
[0.565s] 
[0.565s]         See https://blog.ganssle.io/articles/2021/10/setup-py-deprecated.html for details.
[0.565s]         ********************************************************************************
[0.565s] 
[0.565s] !!
[0.565s]   self.initialize_options()
[0.570s] running egg_info
[0.613s] reading manifest file 'crazyflie_sim.egg-info/SOURCES.txt'
[0.613s] writing manifest file 'crazyflie_sim.egg-info/SOURCES.txt'
[0.619s] writing crazyflie_sim.egg-info/PKG-INFO
[0.619s] writing dependency_links to crazyflie_sim.egg-info/dependency_links.txt
[0.619s] writing entry points to crazyflie_sim.egg-info/entry_points.txt
[0.619s] writing top-level names to crazyflie_sim.egg-info/top_level.txt
[0.635s] Built target ament_cmake_python_build_crazyflie_sim_egg
[0.667s] reading manifest file 'crazyflie_sim.egg-info/SOURCES.txt'
[0.667s] writing manifest file 'crazyflie_sim.egg-info/SOURCES.txt'
[0.784s] Installing crazyflie_server script to scripts
[0.812s] Built target ament_cmake_python_build_crazyflie_sim_scripts
[0.821s] Invoked command in '/home/ross/RosSwarm/ros2_ws/src/build/crazyflie_sim' returned '0': AMENT_PREFIX_PATH=/home/ross/RosSwarm/ros2_ws/src/install/crazyflie_interfaces:${AMENT_PREFIX_PATH} CMAKE_PREFIX_PATH=/home/ross/RosSwarm/ros2_ws/src/install/crazyflie_interfaces:/home/ross/RosSwarm/ros2_ws/install/crazyflie_sim:/home/ross/RosSwarm/ros2_ws/install/crazyflie_examples:/home/ross/RosSwarm/ros2_ws/install/crazyflie:/home/ross/RosSwarm/ros2_ws/install/crazyflie_interfaces:/opt/ros/jazzy/opt/gz_math_vendor:/opt/ros/jazzy/opt/gz_utils_vendor:/opt/ros/jazzy/opt/gz_cmake_vendor:/home/ross/RosSwarm/ros2_ws/install/crazyflie_py:/opt/ros/jazzy DEBUGINFOD_URLS=https://debuginfod.ubuntu.com LD_LIBRARY_PATH=/home/ross/RosSwarm/ros2_ws/src/install/crazyflie_interfaces/lib:${LD_LIBRARY_PATH} PYTHONPATH=/home/ross/RosSwarm/ros2_ws/src/install/crazyflie_interfaces/lib/python3.12/site-packages:${PYTHONPATH} /usr/bin/cmake --build /home/ross/RosSwarm/ros2_ws/src/build/crazyflie_sim -- -j12 -l12
[0.837s] Invoking command in '/home/ross/RosSwarm/ros2_ws/src/build/crazyflie_sim': AMENT_PREFIX_PATH=/home/ross/RosSwarm/ros2_ws/src/install/crazyflie_interfaces:${AMENT_PREFIX_PATH} CMAKE_PREFIX_PATH=/home/ross/RosSwarm/ros2_ws/src/install/crazyflie_interfaces:/home/ross/RosSwarm/ros2_ws/install/crazyflie_sim:/home/ross/RosSwarm/ros2_ws/install/crazyflie_examples:/home/ross/RosSwarm/ros2_ws/install/crazyflie:/home/ross/RosSwarm/ros2_ws/install/crazyflie_interfaces:/opt/ros/jazzy/opt/gz_math_vendor:/opt/ros/jazzy/opt/gz_utils_vendor:/opt/ros/jazzy/opt/gz_cmake_vendor:/home/ross/RosSwarm/ros2_ws/install/crazyflie_py:/opt/ros/jazzy DEBUGINFOD_URLS=https://debuginfod.ubuntu.com LD_LIBRARY_PATH=/home/ross/RosSwarm/ros2_ws/src/install/crazyflie_interfaces/lib:${LD_LIBRARY_PATH} PYTHONPATH=/home/ross/RosSwarm/ros2_ws/src/install/crazyflie_interfaces/lib/python3.12/site-packages:${PYTHONPATH} /usr/bin/cmake --install /home/ross/RosSwarm/ros2_ws/src/build/crazyflie_sim
[0.843s] -- Install configuration: ""
[0.844s] -- Up-to-date: /home/ross/RosSwarm/ros2_ws/src/install/crazyflie_sim/share/crazyflie_sim/environment/pythonpath.sh
[0.844s] -- Up-to-date: /home/ross/RosSwarm/ros2_ws/src/install/crazyflie_sim/share/crazyflie_sim/environment/pythonpath.dsv
[0.844s] -- Up-to-date: /home/ross/RosSwarm/ros2_ws/src/install/crazyflie_sim/lib/python3.12/site-packages/crazyflie_sim-2.0.0-py3.12.egg-info
[0.844s] -- Installing: /home/ross/RosSwarm/ros2_ws/src/install/crazyflie_sim/lib/python3.12/site-packages/crazyflie_sim-2.0.0-py3.12.egg-info/top_level.txt
[0.844s] -- Installing: /home/ross/RosSwarm/ros2_ws/src/install/crazyflie_sim/lib/python3.12/site-packages/crazyflie_sim-2.0.0-py3.12.egg-info/dependency_links.txt
[0.844s] -- Installing: /home/ross/RosSwarm/ros2_ws/src/install/crazyflie_sim/lib/python3.12/site-packages/crazyflie_sim-2.0.0-py3.12.egg-info/entry_points.txt
[0.844s] -- Installing: /home/ross/RosSwarm/ros2_ws/src/install/crazyflie_sim/lib/python3.12/site-packages/crazyflie_sim-2.0.0-py3.12.egg-info/SOURCES.txt
[0.844s] -- Installing: /home/ross/RosSwarm/ros2_ws/src/install/crazyflie_sim/lib/python3.12/site-packages/crazyflie_sim-2.0.0-py3.12.egg-info/PKG-INFO
[0.844s] -- Up-to-date: /home/ross/RosSwarm/ros2_ws/src/install/crazyflie_sim/lib/crazyflie_sim/
[0.844s] -- Installing: /home/ross/RosSwarm/ros2_ws/src/install/crazyflie_sim/lib/crazyflie_sim//crazyflie_server
[0.844s] -- Up-to-date: /home/ross/RosSwarm/ros2_ws/src/install/crazyflie_sim/lib/python3.12/site-packages/crazyflie_sim
[0.845s] -- Up-to-date: /home/ross/RosSwarm/ros2_ws/src/install/crazyflie_sim/lib/python3.12/site-packages/crazyflie_sim/backend
[0.845s] -- Up-to-date: /home/ross/RosSwarm/ros2_ws/src/install/crazyflie_sim/lib/python3.12/site-packages/crazyflie_sim/backend/none.py
[0.845s] -- Up-to-date: /home/ross/RosSwarm/ros2_ws/src/install/crazyflie_sim/lib/python3.12/site-packages/crazyflie_sim/backend/dynobench.py
[0.845s] -- Up-to-date: /home/ross/RosSwarm/ros2_ws/src/install/crazyflie_sim/lib/python3.12/site-packages/crazyflie_sim/backend/neuralswarm.py
[0.845s] -- Up-to-date: /home/ross/RosSwarm/ros2_ws/src/install/crazyflie_sim/lib/python3.12/site-packages/crazyflie_sim/backend/pinocchio.py
[0.845s] -- Up-to-date: /home/ross/RosSwarm/ros2_ws/src/install/crazyflie_sim/lib/python3.12/site-packages/crazyflie_sim/backend/data
[0.845s] -- Up-to-date: /home/ross/RosSwarm/ros2_ws/src/install/crazyflie_sim/lib/python3.12/site-packages/crazyflie_sim/backend/data/neuralswarm2
[0.845s] -- Up-to-date: /home/ross/RosSwarm/ros2_ws/src/install/crazyflie_sim/lib/python3.12/site-packages/crazyflie_sim/backend/data/neuralswarm2/phi_S.pth
[0.845s] -- Up-to-date: /home/ross/RosSwarm/ros2_ws/src/install/crazyflie_sim/lib/python3.12/site-packages/crazyflie_sim/backend/data/neuralswarm2/rho_L.pth
[0.845s] -- Up-to-date: /home/ross/RosSwarm/ros2_ws/src/install/crazyflie_sim/lib/python3.12/site-packages/crazyflie_sim/backend/data/neuralswarm2/rho_S.pth
[0.845s] -- Up-to-date: /home/ross/RosSwarm/ros2_ws/src/install/crazyflie_sim/lib/python3.12/site-packages/crazyflie_sim/backend/data/neuralswarm2/phi_G.pth
[0.845s] -- Up-to-date: /home/ross/RosSwarm/ros2_ws/src/install/crazyflie_sim/lib/python3.12/site-packages/crazyflie_sim/backend/data/neuralswarm2/phi_L.pth
[0.845s] -- Up-to-date: /home/ross/RosSwarm/ros2_ws/src/install/crazyflie_sim/lib/python3.12/site-packages/crazyflie_sim/backend/data/pinocchio
[0.846s] -- Up-to-date: /home/ross/RosSwarm/ros2_ws/src/install/crazyflie_sim/lib/python3.12/site-packages/crazyflie_sim/backend/data/pinocchio/crazyflie2.urdf
[0.846s] -- Up-to-date: /home/ross/RosSwarm/ros2_ws/src/install/crazyflie_sim/lib/python3.12/site-packages/crazyflie_sim/backend/data/dynobench
[0.846s] -- Up-to-date: /home/ross/RosSwarm/ros2_ws/src/install/crazyflie_sim/lib/python3.12/site-packages/crazyflie_sim/backend/data/dynobench/crazyflie2.yaml
[0.846s] -- Up-to-date: /home/ross/RosSwarm/ros2_ws/src/install/crazyflie_sim/lib/python3.12/site-packages/crazyflie_sim/backend/np.py
[0.846s] -- Up-to-date: /home/ross/RosSwarm/ros2_ws/src/install/crazyflie_sim/lib/python3.12/site-packages/crazyflie_sim/sim_data_types.py
[0.846s] -- Up-to-date: /home/ross/RosSwarm/ros2_ws/src/install/crazyflie_sim/lib/python3.12/site-packages/crazyflie_sim/crazyflie_sil.py
[0.846s] -- Up-to-date: /home/ross/RosSwarm/ros2_ws/src/install/crazyflie_sim/lib/python3.12/site-packages/crazyflie_sim/__init__.py
[0.846s] -- Up-to-date: /home/ross/RosSwarm/ros2_ws/src/install/crazyflie_sim/lib/python3.12/site-packages/crazyflie_sim/crazyflie_server.py
[0.846s] -- Up-to-date: /home/ross/RosSwarm/ros2_ws/src/install/crazyflie_sim/lib/python3.12/site-packages/crazyflie_sim/visualization
[0.846s] -- Up-to-date: /home/ross/RosSwarm/ros2_ws/src/install/crazyflie_sim/lib/python3.12/site-packages/crazyflie_sim/visualization/README.md
[0.846s] -- Up-to-date: /home/ross/RosSwarm/ros2_ws/src/install/crazyflie_sim/lib/python3.12/site-packages/crazyflie_sim/visualization/record_states.py
[0.846s] -- Up-to-date: /home/ross/RosSwarm/ros2_ws/src/install/crazyflie_sim/lib/python3.12/site-packages/crazyflie_sim/visualization/data
[0.846s] -- Up-to-date: /home/ross/RosSwarm/ros2_ws/src/install/crazyflie_sim/lib/python3.12/site-packages/crazyflie_sim/visualization/data/README.md
[0.846s] -- Up-to-date: /home/ross/RosSwarm/ros2_ws/src/install/crazyflie_sim/lib/python3.12/site-packages/crazyflie_sim/visualization/data/model
[0.846s] -- Up-to-date: /home/ross/RosSwarm/ros2_ws/src/install/crazyflie_sim/lib/python3.12/site-packages/crazyflie_sim/visualization/data/model/cf.obj
[0.846s] -- Up-to-date: /home/ross/RosSwarm/ros2_ws/src/install/crazyflie_sim/lib/python3.12/site-packages/crazyflie_sim/visualization/data/model/cf.mtl
[0.847s] -- Up-to-date: /home/ross/RosSwarm/ros2_ws/src/install/crazyflie_sim/lib/python3.12/site-packages/crazyflie_sim/visualization/data/env
[0.847s] -- Up-to-date: /home/ross/RosSwarm/ros2_ws/src/install/crazyflie_sim/lib/python3.12/site-packages/crazyflie_sim/visualization/data/env/derelict_overpass.jpg
[0.847s] -- Up-to-date: /home/ross/RosSwarm/ros2_ws/src/install/crazyflie_sim/lib/python3.12/site-packages/crazyflie_sim/visualization/data/env/aviation_museum.jpg
[0.847s] -- Up-to-date: /home/ross/RosSwarm/ros2_ws/src/install/crazyflie_sim/lib/python3.12/site-packages/crazyflie_sim/visualization/data/env/lago_disola.jpg
[0.847s] -- Up-to-date: /home/ross/RosSwarm/ros2_ws/src/install/crazyflie_sim/lib/python3.12/site-packages/crazyflie_sim/visualization/data/env/machine_shop.jpg
[0.847s] -- Up-to-date: /home/ross/RosSwarm/ros2_ws/src/install/crazyflie_sim/lib/python3.12/site-packages/crazyflie_sim/visualization/data/env/museumplein.jpg
[0.847s] -- Up-to-date: /home/ross/RosSwarm/ros2_ws/src/install/crazyflie_sim/lib/python3.12/site-packages/crazyflie_sim/visualization/data/env/peppermint_powerplant.jpg
[0.847s] -- Up-to-date: /home/ross/RosSwarm/ros2_ws/src/install/crazyflie_sim/lib/python3.12/site-packages/crazyflie_sim/visualization/data/env/abandoned_greenhouse.jpg
[0.847s] -- Up-to-date: /home/ross/RosSwarm/ros2_ws/src/install/crazyflie_sim/lib/python3.12/site-packages/crazyflie_sim/visualization/data/env/crosswalk.jpg
[0.847s] -- Up-to-date: /home/ross/RosSwarm/ros2_ws/src/install/crazyflie_sim/lib/python3.12/site-packages/crazyflie_sim/visualization/data/env/lake_pier.jpg
[0.847s] -- Up-to-date: /home/ross/RosSwarm/ros2_ws/src/install/crazyflie_sim/lib/python3.12/site-packages/crazyflie_sim/visualization/data/env/env.jpg
[0.847s] -- Up-to-date: /home/ross/RosSwarm/ros2_ws/src/install/crazyflie_sim/lib/python3.12/site-packages/crazyflie_sim/visualization/data/env/aerodynamics_workshop.jpg
[0.847s] -- Up-to-date: /home/ross/RosSwarm/ros2_ws/src/install/crazyflie_sim/lib/python3.12/site-packages/crazyflie_sim/visualization/data/env/studio_garden.jpg
[0.847s] -- Up-to-date: /home/ross/RosSwarm/ros2_ws/src/install/crazyflie_sim/lib/python3.12/site-packages/crazyflie_sim/visualization/pdf.py
[0.847s] -- Up-to-date: /home/ross/RosSwarm/ros2_ws/src/install/crazyflie_sim/lib/python3.12/site-packages/crazyflie_sim/visualization/blender.py
[0.847s] -- Up-to-date: /home/ross/RosSwarm/ros2_ws/src/install/crazyflie_sim/lib/python3.12/site-packages/crazyflie_sim/visualization/rviz.py
[0.879s] Listing '/home/ross/RosSwarm/ros2_ws/src/install/crazyflie_sim/lib/python3.12/site-packages/crazyflie_sim'...
[0.879s] Listing '/home/ross/RosSwarm/ros2_ws/src/install/crazyflie_sim/lib/python3.12/site-packages/crazyflie_sim/backend'...
[0.879s] Listing '/home/ross/RosSwarm/ros2_ws/src/install/crazyflie_sim/lib/python3.12/site-packages/crazyflie_sim/backend/data'...
[0.879s] Listing '/home/ross/RosSwarm/ros2_ws/src/install/crazyflie_sim/lib/python3.12/site-packages/crazyflie_sim/backend/data/dynobench'...
[0.879s] Listing '/home/ross/RosSwarm/ros2_ws/src/install/crazyflie_sim/lib/python3.12/site-packages/crazyflie_sim/backend/data/neuralswarm2'...
[0.879s] Listing '/home/ross/RosSwarm/ros2_ws/src/install/crazyflie_sim/lib/python3.12/site-packages/crazyflie_sim/backend/data/pinocchio'...
[0.879s] Listing '/home/ross/RosSwarm/ros2_ws/src/install/crazyflie_sim/lib/python3.12/site-packages/crazyflie_sim/visualization'...
[0.879s] Listing '/home/ross/RosSwarm/ros2_ws/src/install/crazyflie_sim/lib/python3.12/site-packages/crazyflie_sim/visualization/data'...
[0.879s] Listing '/home/ross/RosSwarm/ros2_ws/src/install/crazyflie_sim/lib/python3.12/site-packages/crazyflie_sim/visualization/data/env'...
[0.880s] Listing '/home/ross/RosSwarm/ros2_ws/src/install/crazyflie_sim/lib/python3.12/site-packages/crazyflie_sim/visualization/data/model'...
[0.883s] -- Up-to-date: /home/ross/RosSwarm/ros2_ws/src/install/crazyflie_sim/share/ament_index/resource_index/package_run_dependencies/crazyflie_sim
[0.883s] -- Up-to-date: /home/ross/RosSwarm/ros2_ws/src/install/crazyflie_sim/share/ament_index/resource_index/parent_prefix_path/crazyflie_sim
[0.884s] -- Up-to-date: /home/ross/RosSwarm/ros2_ws/src/install/crazyflie_sim/share/crazyflie_sim/environment/ament_prefix_path.sh
[0.884s] -- Up-to-date: /home/ross/RosSwarm/ros2_ws/src/install/crazyflie_sim/share/crazyflie_sim/environment/ament_prefix_path.dsv
[0.884s] -- Up-to-date: /home/ross/RosSwarm/ros2_ws/src/install/crazyflie_sim/share/crazyflie_sim/environment/path.sh
[0.884s] -- Up-to-date: /home/ross/RosSwarm/ros2_ws/src/install/crazyflie_sim/share/crazyflie_sim/environment/path.dsv
[0.884s] -- Up-to-date: /home/ross/RosSwarm/ros2_ws/src/install/crazyflie_sim/share/crazyflie_sim/local_setup.bash
[0.884s] -- Up-to-date: /home/ross/RosSwarm/ros2_ws/src/install/crazyflie_sim/share/crazyflie_sim/local_setup.sh
[0.884s] -- Up-to-date: /home/ross/RosSwarm/ros2_ws/src/install/crazyflie_sim/share/crazyflie_sim/local_setup.zsh
[0.884s] -- Up-to-date: /home/ross/RosSwarm/ros2_ws/src/install/crazyflie_sim/share/crazyflie_sim/local_setup.dsv
[0.884s] -- Installing: /home/ross/RosSwarm/ros2_ws/src/install/crazyflie_sim/share/crazyflie_sim/package.dsv
[0.884s] -- Up-to-date: /home/ross/RosSwarm/ros2_ws/src/install/crazyflie_sim/share/ament_index/resource_index/packages/crazyflie_sim
[0.884s] -- Up-to-date: /home/ross/RosSwarm/ros2_ws/src/install/crazyflie_sim/share/crazyflie_sim/cmake/crazyflie_simConfig.cmake
[0.884s] -- Up-to-date: /home/ross/RosSwarm/ros2_ws/src/install/crazyflie_sim/share/crazyflie_sim/cmake/crazyflie_simConfig-version.cmake
[0.884s] -- Up-to-date: /home/ross/RosSwarm/ros2_ws/src/install/crazyflie_sim/share/crazyflie_sim/package.xml
[0.885s] Invoked command in '/home/ross/RosSwarm/ros2_ws/src/build/crazyflie_sim' returned '0': AMENT_PREFIX_PATH=/home/ross/RosSwarm/ros2_ws/src/install/crazyflie_interfaces:${AMENT_PREFIX_PATH} CMAKE_PREFIX_PATH=/home/ross/RosSwarm/ros2_ws/src/install/crazyflie_interfaces:/home/ross/RosSwarm/ros2_ws/install/crazyflie_sim:/home/ross/RosSwarm/ros2_ws/install/crazyflie_examples:/home/ross/RosSwarm/ros2_ws/install/crazyflie:/home/ross/RosSwarm/ros2_ws/install/crazyflie_interfaces:/opt/ros/jazzy/opt/gz_math_vendor:/opt/ros/jazzy/opt/gz_utils_vendor:/opt/ros/jazzy/opt/gz_cmake_vendor:/home/ross/RosSwarm/ros2_ws/install/crazyflie_py:/opt/ros/jazzy DEBUGINFOD_URLS=https://debuginfod.ubuntu.com LD_LIBRARY_PATH=/home/ross/RosSwarm/ros2_ws/src/install/crazyflie_interfaces/lib:${LD_LIBRARY_PATH} PYTHONPATH=/home/ross/RosSwarm/ros2_ws/src/install/crazyflie_interfaces/lib/python3.12/site-packages:${PYTHONPATH} /usr/bin/cmake --install /home/ross/RosSwarm/ros2_ws/src/build/crazyflie_sim
