In file included from [01m[K/home/ross/RosSwarm/ros2_ws/src/crazyswarm2/crazyflie/deps/crazyflie_tools/crazyflie_cpp/crazyflie-link-cpp/src/USBManager.h:9[m[K,
                 from [01m[K/home/ross/RosSwarm/ros2_ws/src/crazyswarm2/crazyflie/deps/crazyflie_tools/crazyflie_cpp/crazyflie-link-cpp/src/USBManager.cpp:1[m[K:
[01m[K/home/ross/RosSwarm/ros2_ws/src/crazyswarm2/crazyflie/deps/crazyflie_tools/crazyflie_cpp/crazyflie-link-cpp/src/CrazyradioThread.h:54:17:[m[K [01;31m[Kerror: [m[Kfield ‘[01m[Kruntime_error_[m[K’ has incomplete type ‘[01m[Kstd::string[m[K’ {aka ‘[01m[Kstd::__cxx11::basic_string<char>[m[K’}
   54 |     std::string [01;31m[Kruntime_error_[m[K;
      |                 [01;31m[K^~~~~~~~~~~~~~[m[K
In file included from [01m[K/usr/include/c++/13/iosfwd:41[m[K,
                 from [01m[K/usr/include/c++/13/bits/std_thread.h:38[m[K,
                 from [01m[K/usr/include/c++/13/thread:45[m[K,
                 from [01m[K/home/ross/RosSwarm/ros2_ws/src/crazyswarm2/crazyflie/deps/crazyflie_tools/crazyflie_cpp/crazyflie-link-cpp/src/CrazyradioThread.h:4[m[K:
[01m[K/usr/include/c++/13/bits/stringfwd.h:72:11:[m[K [01;36m[Knote: [m[Kdeclaration of ‘[01m[Kstd::string[m[K’ {aka ‘[01m[Kclass std::__cxx11::basic_string<char>[m[K’}
   72 |     class [01;36m[Kbasic_string[m[K;
      |           [01;36m[K^~~~~~~~~~~~[m[K
In file included from [01m[K/home/ross/RosSwarm/ros2_ws/src/crazyswarm2/crazyflie/deps/crazyflie_tools/crazyflie_cpp/crazyflie-link-cpp/src/USBManager.h:10[m[K:
[01m[K/home/ross/RosSwarm/ros2_ws/src/crazyswarm2/crazyflie/deps/crazyflie_tools/crazyflie_cpp/crazyflie-link-cpp/src/CrazyflieUSBThread.h:49:17:[m[K [01;31m[Kerror: [m[Kfield ‘[01m[Kruntime_error_[m[K’ has incomplete type ‘[01m[Kstd::string[m[K’ {aka ‘[01m[Kstd::__cxx11::basic_string<char>[m[K’}
   49 |     std::string [01;31m[Kruntime_error_[m[K;
      |                 [01;31m[K^~~~~~~~~~~~~~[m[K
[01m[K/usr/include/c++/13/bits/stringfwd.h:72:11:[m[K [01;36m[Knote: [m[Kdeclaration of ‘[01m[Kstd::string[m[K’ {aka ‘[01m[Kclass std::__cxx11::basic_string<char>[m[K’}
   72 |     class [01;36m[Kbasic_string[m[K;
      |           [01;36m[K^~~~~~~~~~~~[m[K
gmake[2]: *** [deps/crazyflie_tools/crazyflie_cpp/crazyflie-link-cpp/CMakeFiles/crazyflieLinkCpp.dir/build.make:76: deps/crazyflie_tools/crazyflie_cpp/crazyflie-link-cpp/CMakeFiles/crazyflieLinkCpp.dir/src/USBManager.cpp.o] Error 1
gmake[2]: *** Waiting for unfinished jobs....
gmake[1]: *** [CMakeFiles/Makefile2:613: deps/crazyflie_tools/crazyflie_cpp/crazyflie-link-cpp/CMakeFiles/crazyflieLinkCpp.dir/all] Error 2
gmake[1]: *** Waiting for unfinished jobs....
gmake: *** [Makefile:146: all] Error 2
