[0.212s] Invoking command in '/home/ross/RosSwarm/ros2_ws/build/crazyflie': AMENT_PREFIX_PATH=/home/ross/RosSwarm/ros2_ws/install/crazyflie_interfaces:${AMENT_PREFIX_PATH} CMAKE_PREFIX_PATH=/home/ross/RosSwarm/ros2_ws/install/crazyflie_interfaces:/opt/ros/jazzy/opt/gz_math_vendor:/opt/ros/jazzy/opt/gz_utils_vendor:/opt/ros/jazzy/opt/gz_cmake_vendor:/opt/ros/jazzy DEBUGINFOD_URLS=https://debuginfod.ubuntu.com LD_LIBRARY_PATH=/home/ross/RosSwarm/ros2_ws/install/crazyflie_interfaces/lib:${LD_LIBRARY_PATH} PYTHONPATH=/home/ross/RosSwarm/ros2_ws/install/crazyflie_interfaces/lib/python3.12/site-packages:${PYTHONPATH} /usr/bin/cmake /home/ross/RosSwarm/ros2_ws/src/crazyswarm2/crazyflie -DCMAKE_BUILD_TYPE=Release -DAMENT_CMAKE_SYMLINK_INSTALL=1 -DCMAKE_INSTALL_PREFIX=/home/ross/RosSwarm/ros2_ws/install/crazyflie
[0.258s] -- The C compiler identification is GNU 13.2.0
[0.305s] -- The CXX compiler identification is GNU 13.2.0
[0.571s] -- Detecting C compiler ABI info
[0.638s] -- Detecting C compiler ABI info - done
[0.647s] -- Check for working C compiler: /usr/bin/cc - skipped
[0.648s] -- Detecting C compile features
[0.648s] -- Detecting C compile features - done
[0.655s] -- Detecting CXX compiler ABI info
[0.731s] -- Detecting CXX compiler ABI info - done
[0.748s] -- Check for working CXX compiler: /usr/bin/c++ - skipped
[0.748s] -- Detecting CXX compile features
[0.749s] -- Detecting CXX compile features - done
[0.752s] -- Found ament_cmake: 2.5.0 (/opt/ros/jazzy/share/ament_cmake/cmake)
[0.890s] -- Found Python3: /usr/bin/python3 (found version "3.12.3") found components: Interpreter 
[0.954s] -- Override CMake install command with custom implementation using symlinks instead of copying resources
[0.975s] -- Found rclcpp: 28.1.2 (/opt/ros/jazzy/share/rclcpp/cmake)
[1.007s] -- Found rosidl_generator_c: 4.6.2 (/opt/ros/jazzy/share/rosidl_generator_c/cmake)
[1.019s] -- Found rosidl_generator_cpp: 4.6.2 (/opt/ros/jazzy/share/rosidl_generator_cpp/cmake)
[1.032s] -- Using all available rosidl_typesupport_c: rosidl_typesupport_fastrtps_c;rosidl_typesupport_introspection_c
[1.047s] -- Using all available rosidl_typesupport_cpp: rosidl_typesupport_fastrtps_cpp;rosidl_typesupport_introspection_cpp
[1.119s] -- Found rmw_implementation_cmake: 7.3.1 (/opt/ros/jazzy/share/rmw_implementation_cmake/cmake)
[1.121s] -- Found rmw_fastrtps_cpp: 8.4.0 (/opt/ros/jazzy/share/rmw_fastrtps_cpp/cmake)
[1.180s] -- Found OpenSSL: /usr/lib/x86_64-linux-gnu/libcrypto.so (found version "3.0.13")  
[1.197s] -- Found FastRTPS: /opt/ros/jazzy/include (Required is at least version "2.13") 
[1.217s] -- Using RMW implementation 'rmw_fastrtps_cpp' as default
[1.289s] -- Found tf2_ros: 0.36.3 (/opt/ros/jazzy/share/tf2_ros/cmake)
[1.454s] -- Found rclpy: 7.1.1 (/opt/ros/jazzy/share/rclpy/cmake)
[1.455s] -- Found std_srvs: 5.3.5 (/opt/ros/jazzy/share/std_srvs/cmake)
[1.474s] -- Found sensor_msgs: 5.3.5 (/opt/ros/jazzy/share/sensor_msgs/cmake)
[1.498s] -- Found crazyflie_interfaces: 2.0.0 (/home/ross/RosSwarm/ros2_ws/install/crazyflie_interfaces/share/crazyflie_interfaces/cmake)
[1.535s] -- Found motion_capture_tracking_interfaces: 1.0.3 (/opt/ros/jazzy/share/motion_capture_tracking_interfaces/cmake)
[1.570s] -- Found Boost: /usr/lib/x86_64-linux-gnu/cmake/Boost-1.83.0/BoostConfig.cmake (found version "1.83.0") found components: program_options 
[1.574s] -- Found libusb: /usr/lib/x86_64-linux-gnu/libusb-1.0.so  
[1.662s] -- Configuring done (1.4s)
[1.700s] -- Generating done (0.0s)
[1.703s] -- Build files have been written to: /home/ross/RosSwarm/ros2_ws/build/crazyflie
[1.715s] Invoked command in '/home/ross/RosSwarm/ros2_ws/build/crazyflie' returned '0': AMENT_PREFIX_PATH=/home/ross/RosSwarm/ros2_ws/install/crazyflie_interfaces:${AMENT_PREFIX_PATH} CMAKE_PREFIX_PATH=/home/ross/RosSwarm/ros2_ws/install/crazyflie_interfaces:/opt/ros/jazzy/opt/gz_math_vendor:/opt/ros/jazzy/opt/gz_utils_vendor:/opt/ros/jazzy/opt/gz_cmake_vendor:/opt/ros/jazzy DEBUGINFOD_URLS=https://debuginfod.ubuntu.com LD_LIBRARY_PATH=/home/ross/RosSwarm/ros2_ws/install/crazyflie_interfaces/lib:${LD_LIBRARY_PATH} PYTHONPATH=/home/ross/RosSwarm/ros2_ws/install/crazyflie_interfaces/lib/python3.12/site-packages:${PYTHONPATH} /usr/bin/cmake /home/ross/RosSwarm/ros2_ws/src/crazyswarm2/crazyflie -DCMAKE_BUILD_TYPE=Release -DAMENT_CMAKE_SYMLINK_INSTALL=1 -DCMAKE_INSTALL_PREFIX=/home/ross/RosSwarm/ros2_ws/install/crazyflie
[1.715s] Invoking command in '/home/ross/RosSwarm/ros2_ws/build/crazyflie': AMENT_PREFIX_PATH=/home/ross/RosSwarm/ros2_ws/install/crazyflie_interfaces:${AMENT_PREFIX_PATH} CMAKE_PREFIX_PATH=/home/ross/RosSwarm/ros2_ws/install/crazyflie_interfaces:/opt/ros/jazzy/opt/gz_math_vendor:/opt/ros/jazzy/opt/gz_utils_vendor:/opt/ros/jazzy/opt/gz_cmake_vendor:/opt/ros/jazzy DEBUGINFOD_URLS=https://debuginfod.ubuntu.com LD_LIBRARY_PATH=/home/ross/RosSwarm/ros2_ws/install/crazyflie_interfaces/lib:${LD_LIBRARY_PATH} PYTHONPATH=/home/ross/RosSwarm/ros2_ws/install/crazyflie_interfaces/lib/python3.12/site-packages:${PYTHONPATH} /usr/bin/cmake --build /home/ross/RosSwarm/ros2_ws/build/crazyflie -- -j12 -l12
[1.757s] [  2%] [32mBuilding CXX object deps/crazyflie_tools/crazyflie_cpp/crazyflie-link-cpp/CMakeFiles/crazyflieLinkCpp.dir/src/CrazyflieUSB.cpp.o[0m
[1.757s] [  5%] [32mBuilding CXX object deps/crazyflie_tools/crazyflie_cpp/crazyflie-link-cpp/CMakeFiles/crazyflieLinkCpp.dir/src/Crazyradio.cpp.o[0m
[1.757s] [  7%] [32mBuilding CXX object CMakeFiles/teleop.dir/src/teleop.cpp.o[0m
[1.757s] [ 10%] [32mBuilding CXX object deps/crazyflie_tools/crazyflie_cpp/crazyflie-link-cpp/CMakeFiles/crazyflieLinkCpp.dir/src/USBManager.cpp.o[0m
[1.757s] [ 12%] [32mBuilding CXX object deps/crazyflie_tools/crazyflie_cpp/crazyflie-link-cpp/CMakeFiles/crazyflieLinkCpp.dir/src/Connection.cpp.o[0m
[1.758s] [ 15%] [32mBuilding CXX object deps/crazyflie_tools/crazyflie_cpp/crazyflie-link-cpp/CMakeFiles/crazyflieLinkCpp.dir/src/USBDevice.cpp.o[0m
[1.758s] [ 17%] [32mBuilding CXX object deps/crazyflie_tools/crazyflie_cpp/crazyflie-link-cpp/CMakeFiles/crazyflieLinkCpp.dir/src/CrazyflieUSBThread.cpp.o[0m
[1.758s] [ 20%] [32mBuilding CXX object deps/crazyflie_tools/crazyflie_cpp/crazyflie-link-cpp/CMakeFiles/crazyflieLinkCpp.dir/src/CrazyradioThread.cpp.o[0m
[1.758s] [ 22%] [32mBuilding CXX object deps/crazyflie_tools/crazyflie_cpp/crazyflie-link-cpp/CMakeFiles/crazyflieLinkCpp.dir/src/Version.cpp.o[0m
[2.283s] In file included from [01m[K/home/ross/RosSwarm/ros2_ws/src/crazyswarm2/crazyflie/deps/crazyflie_tools/crazyflie_cpp/crazyflie-link-cpp/src/USBManager.h:9[m[K,
[2.284s]                  from [01m[K/home/ross/RosSwarm/ros2_ws/src/crazyswarm2/crazyflie/deps/crazyflie_tools/crazyflie_cpp/crazyflie-link-cpp/src/USBManager.cpp:1[m[K:
[2.285s] [01m[K/home/ross/RosSwarm/ros2_ws/src/crazyswarm2/crazyflie/deps/crazyflie_tools/crazyflie_cpp/crazyflie-link-cpp/src/CrazyradioThread.h:54:17:[m[K [01;31m[Kerror: [m[Kfield ‘[01m[Kruntime_error_[m[K’ has incomplete type ‘[01m[Kstd::string[m[K’ {aka ‘[01m[Kstd::__cxx11::basic_string<char>[m[K’}
[2.285s]    54 |     std::string [01;31m[Kruntime_error_[m[K;
[2.286s]       |                 [01;31m[K^~~~~~~~~~~~~~[m[K
[2.287s] In file included from [01m[K/usr/include/c++/13/iosfwd:41[m[K,
[2.287s]                  from [01m[K/usr/include/c++/13/bits/std_thread.h:38[m[K,
[2.288s]                  from [01m[K/usr/include/c++/13/thread:45[m[K,
[2.289s]                  from [01m[K/home/ross/RosSwarm/ros2_ws/src/crazyswarm2/crazyflie/deps/crazyflie_tools/crazyflie_cpp/crazyflie-link-cpp/src/CrazyradioThread.h:4[m[K:
[2.289s] [01m[K/usr/include/c++/13/bits/stringfwd.h:72:11:[m[K [01;36m[Knote: [m[Kdeclaration of ‘[01m[Kstd::string[m[K’ {aka ‘[01m[Kclass std::__cxx11::basic_string<char>[m[K’}
[2.290s]    72 |     class [01;36m[Kbasic_string[m[K;
[2.291s]       |           [01;36m[K^~~~~~~~~~~~[m[K
[2.295s] In file included from [01m[K/home/ross/RosSwarm/ros2_ws/src/crazyswarm2/crazyflie/deps/crazyflie_tools/crazyflie_cpp/crazyflie-link-cpp/src/USBManager.h:10[m[K:
[2.296s] [01m[K/home/ross/RosSwarm/ros2_ws/src/crazyswarm2/crazyflie/deps/crazyflie_tools/crazyflie_cpp/crazyflie-link-cpp/src/CrazyflieUSBThread.h:49:17:[m[K [01;31m[Kerror: [m[Kfield ‘[01m[Kruntime_error_[m[K’ has incomplete type ‘[01m[Kstd::string[m[K’ {aka ‘[01m[Kstd::__cxx11::basic_string<char>[m[K’}
[2.296s]    49 |     std::string [01;31m[Kruntime_error_[m[K;
[2.297s]       |                 [01;31m[K^~~~~~~~~~~~~~[m[K
[2.298s] [01m[K/usr/include/c++/13/bits/stringfwd.h:72:11:[m[K [01;36m[Knote: [m[Kdeclaration of ‘[01m[Kstd::string[m[K’ {aka ‘[01m[Kclass std::__cxx11::basic_string<char>[m[K’}
[2.298s]    72 |     class [01;36m[Kbasic_string[m[K;
[2.299s]       |           [01;36m[K^~~~~~~~~~~~[m[K
[3.087s] gmake[2]: *** [deps/crazyflie_tools/crazyflie_cpp/crazyflie-link-cpp/CMakeFiles/crazyflieLinkCpp.dir/build.make:76: deps/crazyflie_tools/crazyflie_cpp/crazyflie-link-cpp/CMakeFiles/crazyflieLinkCpp.dir/src/USBManager.cpp.o] Error 1
[3.087s] gmake[2]: *** Waiting for unfinished jobs....
[7.293s] gmake[1]: *** [CMakeFiles/Makefile2:613: deps/crazyflie_tools/crazyflie_cpp/crazyflie-link-cpp/CMakeFiles/crazyflieLinkCpp.dir/all] Error 2
[7.293s] gmake[1]: *** Waiting for unfinished jobs....
[21.109s] [ 25%] [32m[1mLinking CXX executable teleop[0m
[21.250s] [ 25%] Built target teleop
[21.251s] gmake: *** [Makefile:146: all] Error 2
[21.252s] Invoked command in '/home/ross/RosSwarm/ros2_ws/build/crazyflie' returned '2': AMENT_PREFIX_PATH=/home/ross/RosSwarm/ros2_ws/install/crazyflie_interfaces:${AMENT_PREFIX_PATH} CMAKE_PREFIX_PATH=/home/ross/RosSwarm/ros2_ws/install/crazyflie_interfaces:/opt/ros/jazzy/opt/gz_math_vendor:/opt/ros/jazzy/opt/gz_utils_vendor:/opt/ros/jazzy/opt/gz_cmake_vendor:/opt/ros/jazzy DEBUGINFOD_URLS=https://debuginfod.ubuntu.com LD_LIBRARY_PATH=/home/ross/RosSwarm/ros2_ws/install/crazyflie_interfaces/lib:${LD_LIBRARY_PATH} PYTHONPATH=/home/ross/RosSwarm/ros2_ws/install/crazyflie_interfaces/lib/python3.12/site-packages:${PYTHONPATH} /usr/bin/cmake --build /home/ross/RosSwarm/ros2_ws/build/crazyflie -- -j12 -l12
