[0.829s] Invoking command in '/home/ross/RosSwarm/ros2_ws/build/crazyflie_py': AMENT_PREFIX_PATH=/home/ross/RosSwarm/ros2_ws/install/crazyflie_interfaces:${AMENT_PREFIX_PATH} CMAKE_PREFIX_PATH=/home/ross/RosSwarm/ros2_ws/install/crazyflie_interfaces:${CMAKE_PREFIX_PATH} DEBUGINFOD_URLS=https://debuginfod.ubuntu.com LD_LIBRARY_PATH=/home/ross/RosSwarm/ros2_ws/install/crazyflie_interfaces/lib:${LD_LIBRARY_PATH} PYTHONPATH=/home/ross/RosSwarm/ros2_ws/build/crazyflie_py/prefix_override:/home/ross/RosSwarm/ros2_ws/install/crazyflie_py/lib/python3.12/site-packages:/home/ross/RosSwarm/ros2_ws/install/crazyflie_interfaces/lib/python3.12/site-packages:${PYTHONPATH} /usr/bin/python3 -W ignore:setup.py install is deprecated setup.py develop --editable --build-directory /home/ross/RosSwarm/ros2_ws/build/crazyflie_py/build --no-deps symlink_data
[1.169s] running develop
[1.169s] /usr/lib/python3/dist-packages/setuptools/command/develop.py:40: EasyInstallDeprecationWarning: easy_install command is deprecated.
[1.169s] !!
[1.169s] 
[1.169s]         ********************************************************************************
[1.169s]         Please avoid running ``setup.py`` and ``easy_install``.
[1.169s]         Instead, use pypa/build, pypa/installer or other
[1.170s]         standards-based tools.
[1.170s] 
[1.170s]         See https://github.com/pypa/setuptools/issues/917 for details.
[1.170s]         ********************************************************************************
[1.170s] 
[1.170s] !!
[1.170s]   easy_install.initialize_options(self)
[1.405s] running egg_info
[1.406s] creating crazyflie_py.egg-info
[1.429s] writing crazyflie_py.egg-info/PKG-INFO
[1.429s] writing dependency_links to crazyflie_py.egg-info/dependency_links.txt
[1.429s] writing requirements to crazyflie_py.egg-info/requires.txt
[1.430s] writing top-level names to crazyflie_py.egg-info/top_level.txt
[1.430s] writing manifest file 'crazyflie_py.egg-info/SOURCES.txt'
[1.479s] reading manifest file 'crazyflie_py.egg-info/SOURCES.txt'
[1.479s] writing manifest file 'crazyflie_py.egg-info/SOURCES.txt'
[1.504s] running build_ext
[1.504s] Creating /home/ross/RosSwarm/ros2_ws/install/crazyflie_py/lib/python3.12/site-packages/crazyflie-py.egg-link (link to .)
[1.505s] 
[1.505s] Installed /home/ross/RosSwarm/ros2_ws/build/crazyflie_py
[1.505s] running symlink_data
[1.505s] creating /home/ross/RosSwarm/ros2_ws/install/crazyflie_py/share/ament_index
[1.505s] creating /home/ross/RosSwarm/ros2_ws/install/crazyflie_py/share/ament_index/resource_index
[1.505s] creating /home/ross/RosSwarm/ros2_ws/install/crazyflie_py/share/ament_index/resource_index/packages
[1.505s] symbolically linking /home/ross/RosSwarm/ros2_ws/build/crazyflie_py/resource/crazyflie_py -> /home/ross/RosSwarm/ros2_ws/install/crazyflie_py/share/ament_index/resource_index/packages
[1.505s] symbolically linking /home/ross/RosSwarm/ros2_ws/build/crazyflie_py/package.xml -> /home/ross/RosSwarm/ros2_ws/install/crazyflie_py/share/crazyflie_py
[1.533s] Invoked command in '/home/ross/RosSwarm/ros2_ws/build/crazyflie_py' returned '0': AMENT_PREFIX_PATH=/home/ross/RosSwarm/ros2_ws/install/crazyflie_interfaces:${AMENT_PREFIX_PATH} CMAKE_PREFIX_PATH=/home/ross/RosSwarm/ros2_ws/install/crazyflie_interfaces:${CMAKE_PREFIX_PATH} DEBUGINFOD_URLS=https://debuginfod.ubuntu.com LD_LIBRARY_PATH=/home/ross/RosSwarm/ros2_ws/install/crazyflie_interfaces/lib:${LD_LIBRARY_PATH} PYTHONPATH=/home/ross/RosSwarm/ros2_ws/build/crazyflie_py/prefix_override:/home/ross/RosSwarm/ros2_ws/install/crazyflie_py/lib/python3.12/site-packages:/home/ross/RosSwarm/ros2_ws/install/crazyflie_interfaces/lib/python3.12/site-packages:${PYTHONPATH} /usr/bin/python3 -W ignore:setup.py install is deprecated setup.py develop --editable --build-directory /home/ross/RosSwarm/ros2_ws/build/crazyflie_py/build --no-deps symlink_data
