[0.008s] Invoking command in '/home/ross/RosSwarm/controllerFly/build/cfclient': DEBUGINFOD_URLS=https://debuginfod.ubuntu.com /usr/bin/cmake /home/ross/RosSwarm/controllerFly/crazyflie-clients-python -DCATKIN_INSTALL_INTO_PREFIX_ROOT=0 -DCMAKE_INSTALL_PREFIX=/home/ross/RosSwarm/controllerFly/install/cfclient
[0.014s] [0mCMake Deprecation Warning at CMakeLists.txt:1 (cmake_minimum_required):
[0.014s]   Compatibility with CMake < 3.5 will be removed from a future version of
[0.014s]   CMake.
[0.014s] 
[0.014s]   Update the VERSION argument <min> value or use a ...<max> suffix to tell
[0.014s]   CMake that the project does not need compatibility with older versions.
[0.014s] 
[0.014s] [0m
[0.026s] [31mCMake Error at CMakeLists.txt:3 (find_package):
[0.026s]   By not providing "Findcatkin.cmake" in CMAKE_MODULE_PATH this project has
[0.026s]   asked CMake to find a package configuration file provided by "catkin", but
[0.026s]   CMake did not find one.
[0.026s] 
[0.026s]   Could not find a package configuration file provided by "catkin" with any
[0.026s]   of the following names:
[0.026s] 
[0.026s]     catkinConfig.cmake
[0.026s]     catkin-config.cmake
[0.026s] 
[0.027s]   Add the installation prefix of "catkin" to CMAKE_PREFIX_PATH or set
[0.027s]   "catkin_DIR" to a directory containing one of the above files.  If "catkin"
[0.027s]   provides a separate development package or SDK, be sure it has been
[0.027s]   installed.
[0.027s] 
[0.027s] [0m
[0.027s] -- Configuring incomplete, errors occurred!
[0.027s] Invoked command in '/home/ross/RosSwarm/controllerFly/build/cfclient' returned '1': DEBUGINFOD_URLS=https://debuginfod.ubuntu.com /usr/bin/cmake /home/ross/RosSwarm/controllerFly/crazyflie-clients-python -DCATKIN_INSTALL_INTO_PREFIX_ROOT=0 -DCMAKE_INSTALL_PREFIX=/home/ross/RosSwarm/controllerFly/install/cfclient
