[0.009s] Invoking command in '/home/ross/RosSwarm/ros2_ws/build/crazyflie_examples': AMENT_PREFIX_PATH=/home/ross/RosSwarm/ros2_ws/install/crazyflie_py:/home/ross/RosSwarm/ros2_ws/install/crazyflie_interfaces:${AMENT_PREFIX_PATH} CMAKE_PREFIX_PATH=/home/ross/RosSwarm/ros2_ws/install/crazyflie_interfaces:/opt/ros/jazzy/opt/gz_math_vendor:/opt/ros/jazzy/opt/gz_utils_vendor:/opt/ros/jazzy/opt/gz_cmake_vendor:/opt/ros/jazzy DEBUGINFOD_URLS=https://debuginfod.ubuntu.com LD_LIBRARY_PATH=/home/ross/RosSwarm/ros2_ws/install/crazyflie_interfaces/lib:${LD_LIBRARY_PATH} PYTHONPATH=/home/ross/RosSwarm/ros2_ws/build/crazyflie_py:/home/ross/RosSwarm/ros2_ws/install/crazyflie_py/lib/python3.12/site-packages:/home/ross/RosSwarm/ros2_ws/install/crazyflie_interfaces/lib/python3.12/site-packages:${PYTHONPATH} /usr/bin/cmake --build /home/ross/RosSwarm/ros2_ws/build/crazyflie_examples -- -j12 -l12
[0.051s] Built target ament_cmake_python_symlink_crazyflie_examples
[0.051s] Built target ament_cmake_python_symlink_crazyflie_examples_setup
[0.271s] running install_scripts
[0.271s] running egg_info
[0.294s] writing crazyflie_examples.egg-info/PKG-INFO
[0.294s] writing dependency_links to crazyflie_examples.egg-info/dependency_links.txt
[0.294s] writing entry points to crazyflie_examples.egg-info/entry_points.txt
[0.294s] writing top-level names to crazyflie_examples.egg-info/top_level.txt
[0.316s] /usr/lib/python3/dist-packages/setuptools/_distutils/cmd.py:66: SetuptoolsDeprecationWarning: setup.py install is deprecated.
[0.316s] !!
[0.317s] 
[0.317s]         ********************************************************************************
[0.317s]         Please avoid running ``setup.py`` directly.
[0.317s]         Instead, use pypa/build, pypa/installer or other
[0.317s]         standards-based tools.
[0.317s] 
[0.317s]         See https://blog.ganssle.io/articles/2021/10/setup-py-deprecated.html for details.
[0.317s]         ********************************************************************************
[0.317s] 
[0.317s] !!
[0.317s]   self.initialize_options()
[0.322s] running egg_info
[0.362s] reading manifest file 'crazyflie_examples.egg-info/SOURCES.txt'
[0.363s] writing manifest file 'crazyflie_examples.egg-info/SOURCES.txt'
[0.370s] writing crazyflie_examples.egg-info/PKG-INFO
[0.370s] writing dependency_links to crazyflie_examples.egg-info/dependency_links.txt
[0.371s] writing entry points to crazyflie_examples.egg-info/entry_points.txt
[0.371s] writing top-level names to crazyflie_examples.egg-info/top_level.txt
[0.385s] Built target ament_cmake_python_build_crazyflie_examples_egg
[0.417s] reading manifest file 'crazyflie_examples.egg-info/SOURCES.txt'
[0.418s] writing manifest file 'crazyflie_examples.egg-info/SOURCES.txt'
[0.532s] Installing arming script to scripts
[0.533s] Installing cmd_full_state script to scripts
[0.533s] Installing figure8 script to scripts
[0.533s] Installing group_mask script to scripts
[0.533s] Installing hello_world script to scripts
[0.533s] Installing infinite_flight script to scripts
[0.533s] Installing multi_trajectory script to scripts
[0.533s] Installing nice_hover script to scripts
[0.533s] Installing set_param script to scripts
[0.535s] Installing swap script to scripts
[0.566s] Built target ament_cmake_python_build_crazyflie_examples_scripts
[0.574s] Invoked command in '/home/ross/RosSwarm/ros2_ws/build/crazyflie_examples' returned '0': AMENT_PREFIX_PATH=/home/ross/RosSwarm/ros2_ws/install/crazyflie_py:/home/ross/RosSwarm/ros2_ws/install/crazyflie_interfaces:${AMENT_PREFIX_PATH} CMAKE_PREFIX_PATH=/home/ross/RosSwarm/ros2_ws/install/crazyflie_interfaces:/opt/ros/jazzy/opt/gz_math_vendor:/opt/ros/jazzy/opt/gz_utils_vendor:/opt/ros/jazzy/opt/gz_cmake_vendor:/opt/ros/jazzy DEBUGINFOD_URLS=https://debuginfod.ubuntu.com LD_LIBRARY_PATH=/home/ross/RosSwarm/ros2_ws/install/crazyflie_interfaces/lib:${LD_LIBRARY_PATH} PYTHONPATH=/home/ross/RosSwarm/ros2_ws/build/crazyflie_py:/home/ross/RosSwarm/ros2_ws/install/crazyflie_py/lib/python3.12/site-packages:/home/ross/RosSwarm/ros2_ws/install/crazyflie_interfaces/lib/python3.12/site-packages:${PYTHONPATH} /usr/bin/cmake --build /home/ross/RosSwarm/ros2_ws/build/crazyflie_examples -- -j12 -l12
[0.590s] Invoking command in '/home/ross/RosSwarm/ros2_ws/build/crazyflie_examples': AMENT_PREFIX_PATH=/home/ross/RosSwarm/ros2_ws/install/crazyflie_py:/home/ross/RosSwarm/ros2_ws/install/crazyflie_interfaces:${AMENT_PREFIX_PATH} CMAKE_PREFIX_PATH=/home/ross/RosSwarm/ros2_ws/install/crazyflie_interfaces:/opt/ros/jazzy/opt/gz_math_vendor:/opt/ros/jazzy/opt/gz_utils_vendor:/opt/ros/jazzy/opt/gz_cmake_vendor:/opt/ros/jazzy DEBUGINFOD_URLS=https://debuginfod.ubuntu.com LD_LIBRARY_PATH=/home/ross/RosSwarm/ros2_ws/install/crazyflie_interfaces/lib:${LD_LIBRARY_PATH} PYTHONPATH=/home/ross/RosSwarm/ros2_ws/build/crazyflie_py:/home/ross/RosSwarm/ros2_ws/install/crazyflie_py/lib/python3.12/site-packages:/home/ross/RosSwarm/ros2_ws/install/crazyflie_interfaces/lib/python3.12/site-packages:${PYTHONPATH} /usr/bin/cmake --install /home/ross/RosSwarm/ros2_ws/build/crazyflie_examples
[0.596s] -- Install configuration: "Release"
[0.596s] -- Execute custom install script
[0.596s] -- Up-to-date symlink: /home/ross/RosSwarm/ros2_ws/install/crazyflie_examples/share/crazyflie_examples/environment/pythonpath.sh
[0.597s] -- Up-to-date symlink: /home/ross/RosSwarm/ros2_ws/install/crazyflie_examples/share/crazyflie_examples/environment/pythonpath.dsv
[0.597s] -- Up-to-date symlink: /home/ross/RosSwarm/ros2_ws/install/crazyflie_examples/lib/python3.12/site-packages/crazyflie_examples-2.0.0-py3.12.egg-info/PKG-INFO
[0.597s] -- Up-to-date symlink: /home/ross/RosSwarm/ros2_ws/install/crazyflie_examples/lib/python3.12/site-packages/crazyflie_examples-2.0.0-py3.12.egg-info/SOURCES.txt
[0.597s] -- Up-to-date symlink: /home/ross/RosSwarm/ros2_ws/install/crazyflie_examples/lib/python3.12/site-packages/crazyflie_examples-2.0.0-py3.12.egg-info/dependency_links.txt
[0.597s] -- Up-to-date symlink: /home/ross/RosSwarm/ros2_ws/install/crazyflie_examples/lib/python3.12/site-packages/crazyflie_examples-2.0.0-py3.12.egg-info/entry_points.txt
[0.597s] -- Up-to-date symlink: /home/ross/RosSwarm/ros2_ws/install/crazyflie_examples/lib/python3.12/site-packages/crazyflie_examples-2.0.0-py3.12.egg-info/top_level.txt
[0.598s] -- Up-to-date symlink: /home/ross/RosSwarm/ros2_ws/install/crazyflie_examples/lib/crazyflie_examples//arming
[0.598s] -- Up-to-date symlink: /home/ross/RosSwarm/ros2_ws/install/crazyflie_examples/lib/crazyflie_examples//cmd_full_state
[0.598s] -- Up-to-date symlink: /home/ross/RosSwarm/ros2_ws/install/crazyflie_examples/lib/crazyflie_examples//figure8
[0.598s] -- Up-to-date symlink: /home/ross/RosSwarm/ros2_ws/install/crazyflie_examples/lib/crazyflie_examples//group_mask
[0.598s] -- Up-to-date symlink: /home/ross/RosSwarm/ros2_ws/install/crazyflie_examples/lib/crazyflie_examples//hello_world
[0.598s] -- Up-to-date symlink: /home/ross/RosSwarm/ros2_ws/install/crazyflie_examples/lib/crazyflie_examples//infinite_flight
[0.598s] -- Up-to-date symlink: /home/ross/RosSwarm/ros2_ws/install/crazyflie_examples/lib/crazyflie_examples//multi_trajectory
[0.598s] -- Up-to-date symlink: /home/ross/RosSwarm/ros2_ws/install/crazyflie_examples/lib/crazyflie_examples//nice_hover
[0.598s] -- Up-to-date symlink: /home/ross/RosSwarm/ros2_ws/install/crazyflie_examples/lib/crazyflie_examples//set_param
[0.598s] -- Up-to-date symlink: /home/ross/RosSwarm/ros2_ws/install/crazyflie_examples/lib/crazyflie_examples//swap
[0.599s] -- Up-to-date symlink: /home/ross/RosSwarm/ros2_ws/install/crazyflie_examples/lib/python3.12/site-packages/crazyflie_examples/__init__.py
[0.599s] -- Up-to-date symlink: /home/ross/RosSwarm/ros2_ws/install/crazyflie_examples/lib/python3.12/site-packages/crazyflie_examples/arming.py
[0.599s] -- Up-to-date symlink: /home/ross/RosSwarm/ros2_ws/install/crazyflie_examples/lib/python3.12/site-packages/crazyflie_examples/cmd_full_state.py
[0.599s] -- Up-to-date symlink: /home/ross/RosSwarm/ros2_ws/install/crazyflie_examples/lib/python3.12/site-packages/crazyflie_examples/data/figure8.csv
[0.599s] -- Up-to-date symlink: /home/ross/RosSwarm/ros2_ws/install/crazyflie_examples/lib/python3.12/site-packages/crazyflie_examples/data/multi_trajectory/traj0.csv
[0.599s] -- Up-to-date symlink: /home/ross/RosSwarm/ros2_ws/install/crazyflie_examples/lib/python3.12/site-packages/crazyflie_examples/data/multi_trajectory/traj1.csv
[0.599s] -- Up-to-date symlink: /home/ross/RosSwarm/ros2_ws/install/crazyflie_examples/lib/python3.12/site-packages/crazyflie_examples/figure8.py
[0.599s] -- Up-to-date symlink: /home/ross/RosSwarm/ros2_ws/install/crazyflie_examples/lib/python3.12/site-packages/crazyflie_examples/group_mask.py
[0.599s] -- Up-to-date symlink: /home/ross/RosSwarm/ros2_ws/install/crazyflie_examples/lib/python3.12/site-packages/crazyflie_examples/hello_world.py
[0.600s] -- Up-to-date symlink: /home/ross/RosSwarm/ros2_ws/install/crazyflie_examples/lib/python3.12/site-packages/crazyflie_examples/infinite_flight.py
[0.600s] -- Up-to-date symlink: /home/ross/RosSwarm/ros2_ws/install/crazyflie_examples/lib/python3.12/site-packages/crazyflie_examples/multi_trajectory.py
[0.600s] -- Up-to-date symlink: /home/ross/RosSwarm/ros2_ws/install/crazyflie_examples/lib/python3.12/site-packages/crazyflie_examples/nice_hover.py
[0.600s] -- Up-to-date symlink: /home/ross/RosSwarm/ros2_ws/install/crazyflie_examples/lib/python3.12/site-packages/crazyflie_examples/set_param.py
[0.600s] -- Up-to-date symlink: /home/ross/RosSwarm/ros2_ws/install/crazyflie_examples/lib/python3.12/site-packages/crazyflie_examples/swap.py
[0.600s] -- Up-to-date symlink: /home/ross/RosSwarm/ros2_ws/install/crazyflie_examples/share/crazyflie_examples//config/nav2_params.yaml
[0.600s] -- Up-to-date symlink: /home/ross/RosSwarm/ros2_ws/install/crazyflie_examples/share/crazyflie_examples//config/nav2_view.rviz
[0.601s] -- Up-to-date symlink: /home/ross/RosSwarm/ros2_ws/install/crazyflie_examples/share/crazyflie_examples//data/map.data
[0.601s] -- Up-to-date symlink: /home/ross/RosSwarm/ros2_ws/install/crazyflie_examples/share/crazyflie_examples//data/map.pgm
[0.601s] -- Up-to-date symlink: /home/ross/RosSwarm/ros2_ws/install/crazyflie_examples/share/crazyflie_examples//data/map.posegraph
[0.601s] -- Up-to-date symlink: /home/ross/RosSwarm/ros2_ws/install/crazyflie_examples/share/crazyflie_examples//data/map.yaml
[0.601s] -- Up-to-date symlink: /home/ross/RosSwarm/ros2_ws/install/crazyflie_examples/share/crazyflie_examples//launch/keyboard_velmux_launch.py
[0.601s] -- Up-to-date symlink: /home/ross/RosSwarm/ros2_ws/install/crazyflie_examples/share/crazyflie_examples//launch/launch.py
[0.602s] -- Up-to-date symlink: /home/ross/RosSwarm/ros2_ws/install/crazyflie_examples/share/crazyflie_examples//launch/multiranger_mapping_launch.py
[0.602s] -- Up-to-date symlink: /home/ross/RosSwarm/ros2_ws/install/crazyflie_examples/share/crazyflie_examples//launch/multiranger_nav2_launch.py
[0.602s] -- Up-to-date symlink: /home/ross/RosSwarm/ros2_ws/install/crazyflie_examples/share/crazyflie_examples//launch/multiranger_simple_mapper_launch.py
[0.602s] -- Up-to-date symlink: /home/ross/RosSwarm/ros2_ws/install/crazyflie_examples/share/ament_index/resource_index/package_run_dependencies/crazyflie_examples
[0.602s] -- Up-to-date symlink: /home/ross/RosSwarm/ros2_ws/install/crazyflie_examples/share/ament_index/resource_index/parent_prefix_path/crazyflie_examples
[0.602s] -- Up-to-date symlink: /home/ross/RosSwarm/ros2_ws/install/crazyflie_examples/share/crazyflie_examples/environment/ament_prefix_path.sh
[0.602s] -- Up-to-date symlink: /home/ross/RosSwarm/ros2_ws/install/crazyflie_examples/share/crazyflie_examples/environment/ament_prefix_path.dsv
[0.603s] -- Up-to-date symlink: /home/ross/RosSwarm/ros2_ws/install/crazyflie_examples/share/crazyflie_examples/environment/path.sh
[0.603s] -- Up-to-date symlink: /home/ross/RosSwarm/ros2_ws/install/crazyflie_examples/share/crazyflie_examples/environment/path.dsv
[0.603s] -- Up-to-date symlink: /home/ross/RosSwarm/ros2_ws/install/crazyflie_examples/share/crazyflie_examples/local_setup.bash
[0.603s] -- Up-to-date symlink: /home/ross/RosSwarm/ros2_ws/install/crazyflie_examples/share/crazyflie_examples/local_setup.sh
[0.603s] -- Up-to-date symlink: /home/ross/RosSwarm/ros2_ws/install/crazyflie_examples/share/crazyflie_examples/local_setup.zsh
[0.603s] -- Up-to-date symlink: /home/ross/RosSwarm/ros2_ws/install/crazyflie_examples/share/crazyflie_examples/local_setup.dsv
[0.603s] -- Symlinking: /home/ross/RosSwarm/ros2_ws/install/crazyflie_examples/share/crazyflie_examples/package.dsv
[0.610s] -- Up-to-date symlink: /home/ross/RosSwarm/ros2_ws/install/crazyflie_examples/share/ament_index/resource_index/packages/crazyflie_examples
[0.610s] -- Up-to-date symlink: /home/ross/RosSwarm/ros2_ws/install/crazyflie_examples/share/crazyflie_examples/cmake/crazyflie_examplesConfig.cmake
[0.611s] -- Up-to-date symlink: /home/ross/RosSwarm/ros2_ws/install/crazyflie_examples/share/crazyflie_examples/cmake/crazyflie_examplesConfig-version.cmake
[0.611s] -- Up-to-date symlink: /home/ross/RosSwarm/ros2_ws/install/crazyflie_examples/share/crazyflie_examples/package.xml
[0.645s] Listing '/home/ross/RosSwarm/ros2_ws/install/crazyflie_examples/lib/python3.12/site-packages/crazyflie_examples'...
[0.645s] Listing '/home/ross/RosSwarm/ros2_ws/install/crazyflie_examples/lib/python3.12/site-packages/crazyflie_examples/data'...
[0.645s] Listing '/home/ross/RosSwarm/ros2_ws/install/crazyflie_examples/lib/python3.12/site-packages/crazyflie_examples/data/multi_trajectory'...
[0.652s] Invoked command in '/home/ross/RosSwarm/ros2_ws/build/crazyflie_examples' returned '0': AMENT_PREFIX_PATH=/home/ross/RosSwarm/ros2_ws/install/crazyflie_py:/home/ross/RosSwarm/ros2_ws/install/crazyflie_interfaces:${AMENT_PREFIX_PATH} CMAKE_PREFIX_PATH=/home/ross/RosSwarm/ros2_ws/install/crazyflie_interfaces:/opt/ros/jazzy/opt/gz_math_vendor:/opt/ros/jazzy/opt/gz_utils_vendor:/opt/ros/jazzy/opt/gz_cmake_vendor:/opt/ros/jazzy DEBUGINFOD_URLS=https://debuginfod.ubuntu.com LD_LIBRARY_PATH=/home/ross/RosSwarm/ros2_ws/install/crazyflie_interfaces/lib:${LD_LIBRARY_PATH} PYTHONPATH=/home/ross/RosSwarm/ros2_ws/build/crazyflie_py:/home/ross/RosSwarm/ros2_ws/install/crazyflie_py/lib/python3.12/site-packages:/home/ross/RosSwarm/ros2_ws/install/crazyflie_interfaces/lib/python3.12/site-packages:${PYTHONPATH} /usr/bin/cmake --install /home/ross/RosSwarm/ros2_ws/build/crazyflie_examples
