[0.221s] Invoking command in '/home/ross/RosSwarm/ros2_ws/src/build/crazyflie': AMENT_PREFIX_PATH=/home/ross/RosSwarm/ros2_ws/src/install/crazyflie_interfaces:${AMENT_PREFIX_PATH} CMAKE_PREFIX_PATH=/home/ross/RosSwarm/ros2_ws/src/install/crazyflie_interfaces:/home/ross/RosSwarm/ros2_ws/install/crazyflie_sim:/home/ross/RosSwarm/ros2_ws/install/crazyflie_examples:/home/ross/RosSwarm/ros2_ws/install/crazyflie:/home/ross/RosSwarm/ros2_ws/install/crazyflie_interfaces:/opt/ros/jazzy/opt/gz_math_vendor:/opt/ros/jazzy/opt/gz_utils_vendor:/opt/ros/jazzy/opt/gz_cmake_vendor:/home/ross/RosSwarm/ros2_ws/install/crazyflie_py:/opt/ros/jazzy DEBUGINFOD_URLS=https://debuginfod.ubuntu.com LD_LIBRARY_PATH=/home/ross/RosSwarm/ros2_ws/src/install/crazyflie_interfaces/lib:${LD_LIBRARY_PATH} PYTHONPATH=/home/ross/RosSwarm/ros2_ws/src/install/crazyflie_interfaces/lib/python3.12/site-packages:${PYTHONPATH} /usr/bin/cmake --build /home/ross/RosSwarm/ros2_ws/src/build/crazyflie -- -j12 -l12
[0.266s] [ 22%] Built target crazyflieLinkCpp
[0.267s] [ 27%] Built target teleop
[0.285s] [ 35%] Built target crazyflie_cpp
[0.325s] [ 45%] Built target crazyflie_server
[0.325s] [ 45%] Built target scan
[0.326s] [ 50%] Built target listParams
[0.326s] [ 55%] Built target listLogVariables
[0.327s] [ 60%] Built target battery
[0.327s] [ 65%] Built target version
[0.329s] [ 70%] Built target console
[0.329s] [ 75%] Built target reboot
[0.331s] [ 80%] Built target downloadUSDLogfile
[0.333s] [ 85%] Built target comCheck
[0.334s] [ 90%] Built target log
[0.337s] [ 95%] Built target listMemories
[0.349s] [100%] Built target setParam
[0.358s] Invoked command in '/home/ross/RosSwarm/ros2_ws/src/build/crazyflie' returned '0': AMENT_PREFIX_PATH=/home/ross/RosSwarm/ros2_ws/src/install/crazyflie_interfaces:${AMENT_PREFIX_PATH} CMAKE_PREFIX_PATH=/home/ross/RosSwarm/ros2_ws/src/install/crazyflie_interfaces:/home/ross/RosSwarm/ros2_ws/install/crazyflie_sim:/home/ross/RosSwarm/ros2_ws/install/crazyflie_examples:/home/ross/RosSwarm/ros2_ws/install/crazyflie:/home/ross/RosSwarm/ros2_ws/install/crazyflie_interfaces:/opt/ros/jazzy/opt/gz_math_vendor:/opt/ros/jazzy/opt/gz_utils_vendor:/opt/ros/jazzy/opt/gz_cmake_vendor:/home/ross/RosSwarm/ros2_ws/install/crazyflie_py:/opt/ros/jazzy DEBUGINFOD_URLS=https://debuginfod.ubuntu.com LD_LIBRARY_PATH=/home/ross/RosSwarm/ros2_ws/src/install/crazyflie_interfaces/lib:${LD_LIBRARY_PATH} PYTHONPATH=/home/ross/RosSwarm/ros2_ws/src/install/crazyflie_interfaces/lib/python3.12/site-packages:${PYTHONPATH} /usr/bin/cmake --build /home/ross/RosSwarm/ros2_ws/src/build/crazyflie -- -j12 -l12
[0.385s] Invoking command in '/home/ross/RosSwarm/ros2_ws/src/build/crazyflie': AMENT_PREFIX_PATH=/home/ross/RosSwarm/ros2_ws/src/install/crazyflie_interfaces:${AMENT_PREFIX_PATH} CMAKE_PREFIX_PATH=/home/ross/RosSwarm/ros2_ws/src/install/crazyflie_interfaces:/home/ross/RosSwarm/ros2_ws/install/crazyflie_sim:/home/ross/RosSwarm/ros2_ws/install/crazyflie_examples:/home/ross/RosSwarm/ros2_ws/install/crazyflie:/home/ross/RosSwarm/ros2_ws/install/crazyflie_interfaces:/opt/ros/jazzy/opt/gz_math_vendor:/opt/ros/jazzy/opt/gz_utils_vendor:/opt/ros/jazzy/opt/gz_cmake_vendor:/home/ross/RosSwarm/ros2_ws/install/crazyflie_py:/opt/ros/jazzy DEBUGINFOD_URLS=https://debuginfod.ubuntu.com LD_LIBRARY_PATH=/home/ross/RosSwarm/ros2_ws/src/install/crazyflie_interfaces/lib:${LD_LIBRARY_PATH} PYTHONPATH=/home/ross/RosSwarm/ros2_ws/src/install/crazyflie_interfaces/lib/python3.12/site-packages:${PYTHONPATH} /usr/bin/cmake --install /home/ross/RosSwarm/ros2_ws/src/build/crazyflie
[0.392s] -- Install configuration: ""
[0.392s] -- Up-to-date: /home/ross/RosSwarm/ros2_ws/src/install/crazyflie/lib/crazyflie/comCheck
[0.392s] -- Up-to-date: /home/ross/RosSwarm/ros2_ws/src/install/crazyflie/lib/crazyflie/scan
[0.392s] -- Up-to-date: /home/ross/RosSwarm/ros2_ws/src/install/crazyflie/lib/crazyflie/listParams
[0.392s] -- Up-to-date: /home/ross/RosSwarm/ros2_ws/src/install/crazyflie/lib/crazyflie/listLogVariables
[0.392s] -- Up-to-date: /home/ross/RosSwarm/ros2_ws/src/install/crazyflie/lib/crazyflie/listMemories
[0.392s] -- Up-to-date: /home/ross/RosSwarm/ros2_ws/src/install/crazyflie/lib/crazyflie/reboot
[0.393s] -- Up-to-date: /home/ross/RosSwarm/ros2_ws/src/install/crazyflie/lib/crazyflie/battery
[0.393s] -- Up-to-date: /home/ross/RosSwarm/ros2_ws/src/install/crazyflie/lib/crazyflie/version
[0.393s] -- Up-to-date: /home/ross/RosSwarm/ros2_ws/src/install/crazyflie/lib/crazyflie/console
[0.393s] -- Up-to-date: /home/ross/RosSwarm/ros2_ws/src/install/crazyflie/lib/crazyflie/log
[0.393s] -- Up-to-date: /home/ross/RosSwarm/ros2_ws/src/install/crazyflie/lib/crazyflie/setParam
[0.393s] -- Up-to-date: /home/ross/RosSwarm/ros2_ws/src/install/crazyflie/lib/crazyflie/downloadUSDLogfile
[0.394s] -- Up-to-date: /home/ross/RosSwarm/ros2_ws/src/install/crazyflie/lib/crazyflie/teleop
[0.394s] -- Up-to-date: /home/ross/RosSwarm/ros2_ws/src/install/crazyflie/lib/crazyflie/crazyflie_server
[0.394s] -- Up-to-date: /home/ross/RosSwarm/ros2_ws/src/install/crazyflie/lib/crazyflie/crazyflie_server.py
[0.394s] -- Up-to-date: /home/ross/RosSwarm/ros2_ws/src/install/crazyflie/lib/crazyflie/chooser.py
[0.394s] -- Up-to-date: /home/ross/RosSwarm/ros2_ws/src/install/crazyflie/lib/crazyflie/vel_mux.py
[0.395s] -- Up-to-date: /home/ross/RosSwarm/ros2_ws/src/install/crazyflie/lib/crazyflie/cfmult.py
[0.395s] -- Up-to-date: /home/ross/RosSwarm/ros2_ws/src/install/crazyflie/lib/crazyflie/simple_mapper_multiranger.py
[0.395s] -- Up-to-date: /home/ross/RosSwarm/ros2_ws/src/install/crazyflie/lib/crazyflie/aideck_streamer.py
[0.395s] -- Up-to-date: /home/ross/RosSwarm/ros2_ws/src/install/crazyflie/lib/crazyflie/gui.py
[0.395s] -- Up-to-date: /home/ross/RosSwarm/ros2_ws/src/install/crazyflie/lib/crazyflie/flash.py
[0.395s] -- Up-to-date: /home/ross/RosSwarm/ros2_ws/src/install/crazyflie/share/crazyflie//launch
[0.395s] -- Up-to-date: /home/ross/RosSwarm/ros2_ws/src/install/crazyflie/share/crazyflie//launch/teleop_launch.py
[0.395s] -- Up-to-date: /home/ross/RosSwarm/ros2_ws/src/install/crazyflie/share/crazyflie//launch/launch_teleop2.py
[0.396s] -- Up-to-date: /home/ross/RosSwarm/ros2_ws/src/install/crazyflie/share/crazyflie//launch/launch.py
[0.396s] -- Up-to-date: /home/ross/RosSwarm/ros2_ws/src/install/crazyflie/share/crazyflie//config
[0.396s] -- Up-to-date: /home/ross/RosSwarm/ros2_ws/src/install/crazyflie/share/crazyflie//config/teleop.yaml
[0.396s] -- Up-to-date: /home/ross/RosSwarm/ros2_ws/src/install/crazyflie/share/crazyflie//config/motion_capture.yaml
[0.396s] -- Up-to-date: /home/ross/RosSwarm/ros2_ws/src/install/crazyflie/share/crazyflie//config/server.yaml
[0.396s] -- Up-to-date: /home/ross/RosSwarm/ros2_ws/src/install/crazyflie/share/crazyflie//config/config.rviz
[0.396s] -- Up-to-date: /home/ross/RosSwarm/ros2_ws/src/install/crazyflie/share/crazyflie//config/crazyflies.yaml
[0.396s] -- Up-to-date: /home/ross/RosSwarm/ros2_ws/src/install/crazyflie/share/crazyflie//config/aideck_streamer.yaml
[0.397s] -- Up-to-date: /home/ross/RosSwarm/ros2_ws/src/install/crazyflie/share/crazyflie//urdf
[0.397s] -- Up-to-date: /home/ross/RosSwarm/ros2_ws/src/install/crazyflie/share/crazyflie//urdf/cf2_assembly.stl
[0.397s] -- Up-to-date: /home/ross/RosSwarm/ros2_ws/src/install/crazyflie/share/crazyflie//urdf/crazyflie_description.urdf
[0.397s] -- Up-to-date: /home/ross/RosSwarm/ros2_ws/src/install/crazyflie/share/crazyflie//urdf/cf2_assembly_with_props.dae
[0.397s] -- Up-to-date: /home/ross/RosSwarm/ros2_ws/src/install/crazyflie/share/ament_index/resource_index/package_run_dependencies/crazyflie
[0.397s] -- Up-to-date: /home/ross/RosSwarm/ros2_ws/src/install/crazyflie/share/ament_index/resource_index/parent_prefix_path/crazyflie
[0.398s] -- Up-to-date: /home/ross/RosSwarm/ros2_ws/src/install/crazyflie/share/crazyflie/environment/ament_prefix_path.sh
[0.398s] -- Up-to-date: /home/ross/RosSwarm/ros2_ws/src/install/crazyflie/share/crazyflie/environment/ament_prefix_path.dsv
[0.398s] -- Up-to-date: /home/ross/RosSwarm/ros2_ws/src/install/crazyflie/share/crazyflie/environment/path.sh
[0.398s] -- Up-to-date: /home/ross/RosSwarm/ros2_ws/src/install/crazyflie/share/crazyflie/environment/path.dsv
[0.398s] -- Up-to-date: /home/ross/RosSwarm/ros2_ws/src/install/crazyflie/share/crazyflie/local_setup.bash
[0.398s] -- Up-to-date: /home/ross/RosSwarm/ros2_ws/src/install/crazyflie/share/crazyflie/local_setup.sh
[0.398s] -- Up-to-date: /home/ross/RosSwarm/ros2_ws/src/install/crazyflie/share/crazyflie/local_setup.zsh
[0.399s] -- Up-to-date: /home/ross/RosSwarm/ros2_ws/src/install/crazyflie/share/crazyflie/local_setup.dsv
[0.399s] -- Installing: /home/ross/RosSwarm/ros2_ws/src/install/crazyflie/share/crazyflie/package.dsv
[0.399s] -- Up-to-date: /home/ross/RosSwarm/ros2_ws/src/install/crazyflie/share/ament_index/resource_index/packages/crazyflie
[0.399s] -- Up-to-date: /home/ross/RosSwarm/ros2_ws/src/install/crazyflie/share/crazyflie/cmake/crazyflieConfig.cmake
[0.399s] -- Up-to-date: /home/ross/RosSwarm/ros2_ws/src/install/crazyflie/share/crazyflie/cmake/crazyflieConfig-version.cmake
[0.399s] -- Up-to-date: /home/ross/RosSwarm/ros2_ws/src/install/crazyflie/share/crazyflie/package.xml
[0.400s] Invoked command in '/home/ross/RosSwarm/ros2_ws/src/build/crazyflie' returned '0': AMENT_PREFIX_PATH=/home/ross/RosSwarm/ros2_ws/src/install/crazyflie_interfaces:${AMENT_PREFIX_PATH} CMAKE_PREFIX_PATH=/home/ross/RosSwarm/ros2_ws/src/install/crazyflie_interfaces:/home/ross/RosSwarm/ros2_ws/install/crazyflie_sim:/home/ross/RosSwarm/ros2_ws/install/crazyflie_examples:/home/ross/RosSwarm/ros2_ws/install/crazyflie:/home/ross/RosSwarm/ros2_ws/install/crazyflie_interfaces:/opt/ros/jazzy/opt/gz_math_vendor:/opt/ros/jazzy/opt/gz_utils_vendor:/opt/ros/jazzy/opt/gz_cmake_vendor:/home/ross/RosSwarm/ros2_ws/install/crazyflie_py:/opt/ros/jazzy DEBUGINFOD_URLS=https://debuginfod.ubuntu.com LD_LIBRARY_PATH=/home/ross/RosSwarm/ros2_ws/src/install/crazyflie_interfaces/lib:${LD_LIBRARY_PATH} PYTHONPATH=/home/ross/RosSwarm/ros2_ws/src/install/crazyflie_interfaces/lib/python3.12/site-packages:${PYTHONPATH} /usr/bin/cmake --install /home/ross/RosSwarm/ros2_ws/src/build/crazyflie
