running egg_info
creating ../../build/crazyflie_py/crazyflie_py.egg-info
writing ../../build/crazyflie_py/crazyflie_py.egg-info/PKG-INFO
writing dependency_links to ../../build/crazyflie_py/crazyflie_py.egg-info/dependency_links.txt
writing requirements to ../../build/crazyflie_py/crazyflie_py.egg-info/requires.txt
writing top-level names to ../../build/crazyflie_py/crazyflie_py.egg-info/top_level.txt
writing manifest file '../../build/crazyflie_py/crazyflie_py.egg-info/SOURCES.txt'
reading manifest file '../../build/crazyflie_py/crazyflie_py.egg-info/SOURCES.txt'
writing manifest file '../../build/crazyflie_py/crazyflie_py.egg-info/SOURCES.txt'
running build
running build_py
creating /home/ross/RosSwarm/ros2_ws/src/build/crazyflie_py/build
creating /home/ross/RosSwarm/ros2_ws/src/build/crazyflie_py/build/lib
creating /home/ross/RosSwarm/ros2_ws/src/build/crazyflie_py/build/lib/crazyflie_py
copying crazyflie_py/crazyswarm_py.py -> /home/ross/RosSwarm/ros2_ws/src/build/crazyflie_py/build/lib/crazyflie_py
copying crazyflie_py/keyboard.py -> /home/ross/RosSwarm/ros2_ws/src/build/crazyflie_py/build/lib/crazyflie_py
copying crazyflie_py/linuxjsdev.py -> /home/ross/RosSwarm/ros2_ws/src/build/crazyflie_py/build/lib/crazyflie_py
copying crazyflie_py/genericJoystick.py -> /home/ross/RosSwarm/ros2_ws/src/build/crazyflie_py/build/lib/crazyflie_py
copying crazyflie_py/uav_trajectory.py -> /home/ross/RosSwarm/ros2_ws/src/build/crazyflie_py/build/lib/crazyflie_py
copying crazyflie_py/util.py -> /home/ross/RosSwarm/ros2_ws/src/build/crazyflie_py/build/lib/crazyflie_py
copying crazyflie_py/__init__.py -> /home/ross/RosSwarm/ros2_ws/src/build/crazyflie_py/build/lib/crazyflie_py
copying crazyflie_py/crazyflie.py -> /home/ross/RosSwarm/ros2_ws/src/build/crazyflie_py/build/lib/crazyflie_py
copying crazyflie_py/joystick.py -> /home/ross/RosSwarm/ros2_ws/src/build/crazyflie_py/build/lib/crazyflie_py
running install
running install_lib
creating /home/ross/RosSwarm/ros2_ws/src/install/crazyflie_py/lib/python3.12/site-packages/crazyflie_py
copying /home/ross/RosSwarm/ros2_ws/src/build/crazyflie_py/build/lib/crazyflie_py/crazyswarm_py.py -> /home/ross/RosSwarm/ros2_ws/src/install/crazyflie_py/lib/python3.12/site-packages/crazyflie_py
copying /home/ross/RosSwarm/ros2_ws/src/build/crazyflie_py/build/lib/crazyflie_py/keyboard.py -> /home/ross/RosSwarm/ros2_ws/src/install/crazyflie_py/lib/python3.12/site-packages/crazyflie_py
copying /home/ross/RosSwarm/ros2_ws/src/build/crazyflie_py/build/lib/crazyflie_py/linuxjsdev.py -> /home/ross/RosSwarm/ros2_ws/src/install/crazyflie_py/lib/python3.12/site-packages/crazyflie_py
copying /home/ross/RosSwarm/ros2_ws/src/build/crazyflie_py/build/lib/crazyflie_py/genericJoystick.py -> /home/ross/RosSwarm/ros2_ws/src/install/crazyflie_py/lib/python3.12/site-packages/crazyflie_py
copying /home/ross/RosSwarm/ros2_ws/src/build/crazyflie_py/build/lib/crazyflie_py/uav_trajectory.py -> /home/ross/RosSwarm/ros2_ws/src/install/crazyflie_py/lib/python3.12/site-packages/crazyflie_py
copying /home/ross/RosSwarm/ros2_ws/src/build/crazyflie_py/build/lib/crazyflie_py/util.py -> /home/ross/RosSwarm/ros2_ws/src/install/crazyflie_py/lib/python3.12/site-packages/crazyflie_py
copying /home/ross/RosSwarm/ros2_ws/src/build/crazyflie_py/build/lib/crazyflie_py/__init__.py -> /home/ross/RosSwarm/ros2_ws/src/install/crazyflie_py/lib/python3.12/site-packages/crazyflie_py
copying /home/ross/RosSwarm/ros2_ws/src/build/crazyflie_py/build/lib/crazyflie_py/crazyflie.py -> /home/ross/RosSwarm/ros2_ws/src/install/crazyflie_py/lib/python3.12/site-packages/crazyflie_py
copying /home/ross/RosSwarm/ros2_ws/src/build/crazyflie_py/build/lib/crazyflie_py/joystick.py -> /home/ross/RosSwarm/ros2_ws/src/install/crazyflie_py/lib/python3.12/site-packages/crazyflie_py
byte-compiling /home/ross/RosSwarm/ros2_ws/src/install/crazyflie_py/lib/python3.12/site-packages/crazyflie_py/crazyswarm_py.py to crazyswarm_py.cpython-312.pyc
byte-compiling /home/ross/RosSwarm/ros2_ws/src/install/crazyflie_py/lib/python3.12/site-packages/crazyflie_py/keyboard.py to keyboard.cpython-312.pyc
byte-compiling /home/ross/RosSwarm/ros2_ws/src/install/crazyflie_py/lib/python3.12/site-packages/crazyflie_py/linuxjsdev.py to linuxjsdev.cpython-312.pyc
byte-compiling /home/ross/RosSwarm/ros2_ws/src/install/crazyflie_py/lib/python3.12/site-packages/crazyflie_py/genericJoystick.py to genericJoystick.cpython-312.pyc
byte-compiling /home/ross/RosSwarm/ros2_ws/src/install/crazyflie_py/lib/python3.12/site-packages/crazyflie_py/uav_trajectory.py to uav_trajectory.cpython-312.pyc
byte-compiling /home/ross/RosSwarm/ros2_ws/src/install/crazyflie_py/lib/python3.12/site-packages/crazyflie_py/util.py to util.cpython-312.pyc
byte-compiling /home/ross/RosSwarm/ros2_ws/src/install/crazyflie_py/lib/python3.12/site-packages/crazyflie_py/__init__.py to __init__.cpython-312.pyc
byte-compiling /home/ross/RosSwarm/ros2_ws/src/install/crazyflie_py/lib/python3.12/site-packages/crazyflie_py/crazyflie.py to crazyflie.cpython-312.pyc
byte-compiling /home/ross/RosSwarm/ros2_ws/src/install/crazyflie_py/lib/python3.12/site-packages/crazyflie_py/joystick.py to joystick.cpython-312.pyc
running install_data
creating /home/ross/RosSwarm/ros2_ws/src/install/crazyflie_py/share/ament_index
creating /home/ross/RosSwarm/ros2_ws/src/install/crazyflie_py/share/ament_index/resource_index
creating /home/ross/RosSwarm/ros2_ws/src/install/crazyflie_py/share/ament_index/resource_index/packages
copying resource/crazyflie_py -> /home/ross/RosSwarm/ros2_ws/src/install/crazyflie_py/share/ament_index/resource_index/packages
copying package.xml -> /home/ross/RosSwarm/ros2_ws/src/install/crazyflie_py/share/crazyflie_py
running install_egg_info
Copying ../../build/crazyflie_py/crazyflie_py.egg-info to /home/ross/RosSwarm/ros2_ws/src/install/crazyflie_py/lib/python3.12/site-packages/crazyflie_py-2.0.0-py3.12.egg-info
running install_scripts
writing list of installed files to '/home/ross/RosSwarm/ros2_ws/src/build/crazyflie_py/install.log'
