[0.009s] Invoking command in '/home/ross/RosSwarm/ros2_ws/build/crazyflie_examples': AMENT_PREFIX_PATH=/home/ross/RosSwarm/ros2_ws/install/crazyflie_py:/home/ross/RosSwarm/ros2_ws/install/crazyflie_interfaces:${AMENT_PREFIX_PATH} CMAKE_PREFIX_PATH=/home/ross/RosSwarm/ros2_ws/install/crazyflie_interfaces:/opt/ros/jazzy/opt/gz_math_vendor:/opt/ros/jazzy/opt/gz_utils_vendor:/opt/ros/jazzy/opt/gz_cmake_vendor:/opt/ros/jazzy DEBUGINFOD_URLS=https://debuginfod.ubuntu.com LD_LIBRARY_PATH=/home/ross/RosSwarm/ros2_ws/install/crazyflie_interfaces/lib:${LD_LIBRARY_PATH} PYTHONPATH=/home/ross/RosSwarm/ros2_ws/build/crazyflie_py:/home/ross/RosSwarm/ros2_ws/install/crazyflie_py/lib/python3.12/site-packages:/home/ross/RosSwarm/ros2_ws/install/crazyflie_interfaces/lib/python3.12/site-packages:${PYTHONPATH} /usr/bin/cmake /home/ross/RosSwarm/ros2_ws/src/crazyswarm2/crazyflie_examples -DCMAKE_BUILD_TYPE=Release -DAMENT_CMAKE_SYMLINK_INSTALL=1 -DCMAKE_INSTALL_PREFIX=/home/ross/RosSwarm/ros2_ws/install/crazyflie_examples
[0.053s] -- The C compiler identification is GNU 13.2.0
[0.099s] -- The CXX compiler identification is GNU 13.2.0
[0.111s] -- Detecting C compiler ABI info
[0.178s] -- Detecting C compiler ABI info - done
[0.186s] -- Check for working C compiler: /usr/bin/cc - skipped
[0.186s] -- Detecting C compile features
[0.186s] -- Detecting C compile features - done
[0.195s] -- Detecting CXX compiler ABI info
[0.287s] -- Detecting CXX compiler ABI info - done
[0.298s] -- Check for working CXX compiler: /usr/bin/c++ - skipped
[0.298s] -- Detecting CXX compile features
[0.298s] -- Detecting CXX compile features - done
[0.301s] -- Found ament_cmake: 2.5.0 (/opt/ros/jazzy/share/ament_cmake/cmake)
[0.460s] -- Found Python3: /usr/bin/python3 (found version "3.12.3") found components: Interpreter 
[0.599s] -- Override CMake install command with custom implementation using symlinks instead of copying resources
[1.012s] -- Found ament_cmake_pytest: 2.5.0 (/opt/ros/jazzy/share/ament_cmake_pytest/cmake)
[2.006s] -- Configuring done (2.0s)
[2.010s] -- Generating done (0.0s)
[2.010s] -- Build files have been written to: /home/ross/RosSwarm/ros2_ws/build/crazyflie_examples
[2.014s] Invoked command in '/home/ross/RosSwarm/ros2_ws/build/crazyflie_examples' returned '0': AMENT_PREFIX_PATH=/home/ross/RosSwarm/ros2_ws/install/crazyflie_py:/home/ross/RosSwarm/ros2_ws/install/crazyflie_interfaces:${AMENT_PREFIX_PATH} CMAKE_PREFIX_PATH=/home/ross/RosSwarm/ros2_ws/install/crazyflie_interfaces:/opt/ros/jazzy/opt/gz_math_vendor:/opt/ros/jazzy/opt/gz_utils_vendor:/opt/ros/jazzy/opt/gz_cmake_vendor:/opt/ros/jazzy DEBUGINFOD_URLS=https://debuginfod.ubuntu.com LD_LIBRARY_PATH=/home/ross/RosSwarm/ros2_ws/install/crazyflie_interfaces/lib:${LD_LIBRARY_PATH} PYTHONPATH=/home/ross/RosSwarm/ros2_ws/build/crazyflie_py:/home/ross/RosSwarm/ros2_ws/install/crazyflie_py/lib/python3.12/site-packages:/home/ross/RosSwarm/ros2_ws/install/crazyflie_interfaces/lib/python3.12/site-packages:${PYTHONPATH} /usr/bin/cmake /home/ross/RosSwarm/ros2_ws/src/crazyswarm2/crazyflie_examples -DCMAKE_BUILD_TYPE=Release -DAMENT_CMAKE_SYMLINK_INSTALL=1 -DCMAKE_INSTALL_PREFIX=/home/ross/RosSwarm/ros2_ws/install/crazyflie_examples
[2.015s] Invoking command in '/home/ross/RosSwarm/ros2_ws/build/crazyflie_examples': AMENT_PREFIX_PATH=/home/ross/RosSwarm/ros2_ws/install/crazyflie_py:/home/ross/RosSwarm/ros2_ws/install/crazyflie_interfaces:${AMENT_PREFIX_PATH} CMAKE_PREFIX_PATH=/home/ross/RosSwarm/ros2_ws/install/crazyflie_interfaces:/opt/ros/jazzy/opt/gz_math_vendor:/opt/ros/jazzy/opt/gz_utils_vendor:/opt/ros/jazzy/opt/gz_cmake_vendor:/opt/ros/jazzy DEBUGINFOD_URLS=https://debuginfod.ubuntu.com LD_LIBRARY_PATH=/home/ross/RosSwarm/ros2_ws/install/crazyflie_interfaces/lib:${LD_LIBRARY_PATH} PYTHONPATH=/home/ross/RosSwarm/ros2_ws/build/crazyflie_py:/home/ross/RosSwarm/ros2_ws/install/crazyflie_py/lib/python3.12/site-packages:/home/ross/RosSwarm/ros2_ws/install/crazyflie_interfaces/lib/python3.12/site-packages:${PYTHONPATH} /usr/bin/cmake --build /home/ross/RosSwarm/ros2_ws/build/crazyflie_examples -- -j12 -l12
[2.058s] Built target ament_cmake_python_symlink_crazyflie_examples
[2.058s] Built target ament_cmake_python_symlink_crazyflie_examples_setup
[2.305s] running egg_info
[2.306s] creating crazyflie_examples.egg-info
[2.317s] running install_scripts
[2.331s] writing crazyflie_examples.egg-info/PKG-INFO
[2.331s] writing dependency_links to crazyflie_examples.egg-info/dependency_links.txt
[2.332s] writing entry points to crazyflie_examples.egg-info/entry_points.txt
[2.332s] writing top-level names to crazyflie_examples.egg-info/top_level.txt
[2.332s] writing manifest file 'crazyflie_examples.egg-info/SOURCES.txt'
[2.368s] /usr/lib/python3/dist-packages/setuptools/_distutils/cmd.py:66: SetuptoolsDeprecationWarning: setup.py install is deprecated.
[2.368s] !!
[2.368s] 
[2.368s]         ********************************************************************************
[2.368s]         Please avoid running ``setup.py`` directly.
[2.368s]         Instead, use pypa/build, pypa/installer or other
[2.368s]         standards-based tools.
[2.369s] 
[2.369s]         See https://blog.ganssle.io/articles/2021/10/setup-py-deprecated.html for details.
[2.369s]         ********************************************************************************
[2.369s] 
[2.369s] !!
[2.369s]   self.initialize_options()
[2.374s] running egg_info
[2.405s] reading manifest file 'crazyflie_examples.egg-info/SOURCES.txt'
[2.405s] writing manifest file 'crazyflie_examples.egg-info/SOURCES.txt'
[2.426s] writing crazyflie_examples.egg-info/PKG-INFO
[2.426s] writing dependency_links to crazyflie_examples.egg-info/dependency_links.txt
[2.427s] writing entry points to crazyflie_examples.egg-info/entry_points.txt
[2.427s] writing top-level names to crazyflie_examples.egg-info/top_level.txt
[2.431s] Built target ament_cmake_python_build_crazyflie_examples_egg
[2.479s] reading manifest file 'crazyflie_examples.egg-info/SOURCES.txt'
[2.479s] writing manifest file 'crazyflie_examples.egg-info/SOURCES.txt'
[2.600s] Installing arming script to scripts
[2.600s] Installing cmd_full_state script to scripts
[2.600s] Installing figure8 script to scripts
[2.600s] Installing group_mask script to scripts
[2.600s] Installing hello_world script to scripts
[2.600s] Installing infinite_flight script to scripts
[2.600s] Installing multi_trajectory script to scripts
[2.600s] Installing nice_hover script to scripts
[2.600s] Installing set_param script to scripts
[2.600s] Installing swap script to scripts
[2.631s] Built target ament_cmake_python_build_crazyflie_examples_scripts
[2.640s] Invoked command in '/home/ross/RosSwarm/ros2_ws/build/crazyflie_examples' returned '0': AMENT_PREFIX_PATH=/home/ross/RosSwarm/ros2_ws/install/crazyflie_py:/home/ross/RosSwarm/ros2_ws/install/crazyflie_interfaces:${AMENT_PREFIX_PATH} CMAKE_PREFIX_PATH=/home/ross/RosSwarm/ros2_ws/install/crazyflie_interfaces:/opt/ros/jazzy/opt/gz_math_vendor:/opt/ros/jazzy/opt/gz_utils_vendor:/opt/ros/jazzy/opt/gz_cmake_vendor:/opt/ros/jazzy DEBUGINFOD_URLS=https://debuginfod.ubuntu.com LD_LIBRARY_PATH=/home/ross/RosSwarm/ros2_ws/install/crazyflie_interfaces/lib:${LD_LIBRARY_PATH} PYTHONPATH=/home/ross/RosSwarm/ros2_ws/build/crazyflie_py:/home/ross/RosSwarm/ros2_ws/install/crazyflie_py/lib/python3.12/site-packages:/home/ross/RosSwarm/ros2_ws/install/crazyflie_interfaces/lib/python3.12/site-packages:${PYTHONPATH} /usr/bin/cmake --build /home/ross/RosSwarm/ros2_ws/build/crazyflie_examples -- -j12 -l12
[2.657s] Invoking command in '/home/ross/RosSwarm/ros2_ws/build/crazyflie_examples': AMENT_PREFIX_PATH=/home/ross/RosSwarm/ros2_ws/install/crazyflie_py:/home/ross/RosSwarm/ros2_ws/install/crazyflie_interfaces:${AMENT_PREFIX_PATH} CMAKE_PREFIX_PATH=/home/ross/RosSwarm/ros2_ws/install/crazyflie_interfaces:/opt/ros/jazzy/opt/gz_math_vendor:/opt/ros/jazzy/opt/gz_utils_vendor:/opt/ros/jazzy/opt/gz_cmake_vendor:/opt/ros/jazzy DEBUGINFOD_URLS=https://debuginfod.ubuntu.com LD_LIBRARY_PATH=/home/ross/RosSwarm/ros2_ws/install/crazyflie_interfaces/lib:${LD_LIBRARY_PATH} PYTHONPATH=/home/ross/RosSwarm/ros2_ws/build/crazyflie_py:/home/ross/RosSwarm/ros2_ws/install/crazyflie_py/lib/python3.12/site-packages:/home/ross/RosSwarm/ros2_ws/install/crazyflie_interfaces/lib/python3.12/site-packages:${PYTHONPATH} /usr/bin/cmake --install /home/ross/RosSwarm/ros2_ws/build/crazyflie_examples
[2.663s] -- Install configuration: "Release"
[2.663s] -- Execute custom install script
[2.663s] -- Symlinking: /home/ross/RosSwarm/ros2_ws/install/crazyflie_examples/share/crazyflie_examples/environment/pythonpath.sh
[2.671s] -- Symlinking: /home/ross/RosSwarm/ros2_ws/install/crazyflie_examples/share/crazyflie_examples/environment/pythonpath.dsv
[2.678s] -- Symlinking: /home/ross/RosSwarm/ros2_ws/install/crazyflie_examples/lib/python3.12/site-packages/crazyflie_examples-2.0.0-py3.12.egg-info/PKG-INFO
[2.684s] -- Symlinking: /home/ross/RosSwarm/ros2_ws/install/crazyflie_examples/lib/python3.12/site-packages/crazyflie_examples-2.0.0-py3.12.egg-info/SOURCES.txt
[2.691s] -- Symlinking: /home/ross/RosSwarm/ros2_ws/install/crazyflie_examples/lib/python3.12/site-packages/crazyflie_examples-2.0.0-py3.12.egg-info/dependency_links.txt
[2.698s] -- Symlinking: /home/ross/RosSwarm/ros2_ws/install/crazyflie_examples/lib/python3.12/site-packages/crazyflie_examples-2.0.0-py3.12.egg-info/entry_points.txt
[2.705s] -- Symlinking: /home/ross/RosSwarm/ros2_ws/install/crazyflie_examples/lib/python3.12/site-packages/crazyflie_examples-2.0.0-py3.12.egg-info/top_level.txt
[2.711s] -- Symlinking: /home/ross/RosSwarm/ros2_ws/install/crazyflie_examples/lib/crazyflie_examples//arming
[2.718s] -- Symlinking: /home/ross/RosSwarm/ros2_ws/install/crazyflie_examples/lib/crazyflie_examples//cmd_full_state
[2.725s] -- Symlinking: /home/ross/RosSwarm/ros2_ws/install/crazyflie_examples/lib/crazyflie_examples//figure8
[2.732s] -- Symlinking: /home/ross/RosSwarm/ros2_ws/install/crazyflie_examples/lib/crazyflie_examples//group_mask
[2.739s] -- Symlinking: /home/ross/RosSwarm/ros2_ws/install/crazyflie_examples/lib/crazyflie_examples//hello_world
[2.746s] -- Symlinking: /home/ross/RosSwarm/ros2_ws/install/crazyflie_examples/lib/crazyflie_examples//infinite_flight
[2.752s] -- Symlinking: /home/ross/RosSwarm/ros2_ws/install/crazyflie_examples/lib/crazyflie_examples//multi_trajectory
[2.759s] -- Symlinking: /home/ross/RosSwarm/ros2_ws/install/crazyflie_examples/lib/crazyflie_examples//nice_hover
[2.766s] -- Symlinking: /home/ross/RosSwarm/ros2_ws/install/crazyflie_examples/lib/crazyflie_examples//set_param
[2.772s] -- Symlinking: /home/ross/RosSwarm/ros2_ws/install/crazyflie_examples/lib/crazyflie_examples//swap
[2.780s] -- Symlinking: /home/ross/RosSwarm/ros2_ws/install/crazyflie_examples/lib/python3.12/site-packages/crazyflie_examples/__init__.py
[2.786s] -- Symlinking: /home/ross/RosSwarm/ros2_ws/install/crazyflie_examples/lib/python3.12/site-packages/crazyflie_examples/arming.py
[2.793s] -- Symlinking: /home/ross/RosSwarm/ros2_ws/install/crazyflie_examples/lib/python3.12/site-packages/crazyflie_examples/cmd_full_state.py
[2.800s] -- Symlinking: /home/ross/RosSwarm/ros2_ws/install/crazyflie_examples/lib/python3.12/site-packages/crazyflie_examples/data/figure8.csv
[2.807s] -- Symlinking: /home/ross/RosSwarm/ros2_ws/install/crazyflie_examples/lib/python3.12/site-packages/crazyflie_examples/data/multi_trajectory/traj0.csv
[2.814s] -- Symlinking: /home/ross/RosSwarm/ros2_ws/install/crazyflie_examples/lib/python3.12/site-packages/crazyflie_examples/data/multi_trajectory/traj1.csv
[2.820s] -- Symlinking: /home/ross/RosSwarm/ros2_ws/install/crazyflie_examples/lib/python3.12/site-packages/crazyflie_examples/figure8.py
[2.827s] -- Symlinking: /home/ross/RosSwarm/ros2_ws/install/crazyflie_examples/lib/python3.12/site-packages/crazyflie_examples/group_mask.py
[2.835s] -- Symlinking: /home/ross/RosSwarm/ros2_ws/install/crazyflie_examples/lib/python3.12/site-packages/crazyflie_examples/hello_world.py
[2.842s] -- Symlinking: /home/ross/RosSwarm/ros2_ws/install/crazyflie_examples/lib/python3.12/site-packages/crazyflie_examples/infinite_flight.py
[2.849s] -- Symlinking: /home/ross/RosSwarm/ros2_ws/install/crazyflie_examples/lib/python3.12/site-packages/crazyflie_examples/multi_trajectory.py
[2.855s] -- Symlinking: /home/ross/RosSwarm/ros2_ws/install/crazyflie_examples/lib/python3.12/site-packages/crazyflie_examples/nice_hover.py
[2.862s] -- Symlinking: /home/ross/RosSwarm/ros2_ws/install/crazyflie_examples/lib/python3.12/site-packages/crazyflie_examples/set_param.py
[2.869s] -- Symlinking: /home/ross/RosSwarm/ros2_ws/install/crazyflie_examples/lib/python3.12/site-packages/crazyflie_examples/swap.py
[2.876s] -- Symlinking: /home/ross/RosSwarm/ros2_ws/install/crazyflie_examples/share/crazyflie_examples//config/nav2_params.yaml
[2.882s] -- Symlinking: /home/ross/RosSwarm/ros2_ws/install/crazyflie_examples/share/crazyflie_examples//config/nav2_view.rviz
[2.889s] -- Symlinking: /home/ross/RosSwarm/ros2_ws/install/crazyflie_examples/share/crazyflie_examples//data/map.data
[2.896s] -- Symlinking: /home/ross/RosSwarm/ros2_ws/install/crazyflie_examples/share/crazyflie_examples//data/map.pgm
[2.903s] -- Symlinking: /home/ross/RosSwarm/ros2_ws/install/crazyflie_examples/share/crazyflie_examples//data/map.posegraph
[2.910s] -- Symlinking: /home/ross/RosSwarm/ros2_ws/install/crazyflie_examples/share/crazyflie_examples//data/map.yaml
[2.917s] -- Symlinking: /home/ross/RosSwarm/ros2_ws/install/crazyflie_examples/share/crazyflie_examples//launch/keyboard_velmux_launch.py
[2.924s] -- Symlinking: /home/ross/RosSwarm/ros2_ws/install/crazyflie_examples/share/crazyflie_examples//launch/launch.py
[2.932s] -- Symlinking: /home/ross/RosSwarm/ros2_ws/install/crazyflie_examples/share/crazyflie_examples//launch/multiranger_mapping_launch.py
[2.939s] -- Symlinking: /home/ross/RosSwarm/ros2_ws/install/crazyflie_examples/share/crazyflie_examples//launch/multiranger_nav2_launch.py
[2.946s] -- Symlinking: /home/ross/RosSwarm/ros2_ws/install/crazyflie_examples/share/crazyflie_examples//launch/multiranger_simple_mapper_launch.py
[2.953s] -- Symlinking: /home/ross/RosSwarm/ros2_ws/install/crazyflie_examples/share/ament_index/resource_index/package_run_dependencies/crazyflie_examples
[2.960s] -- Symlinking: /home/ross/RosSwarm/ros2_ws/install/crazyflie_examples/share/ament_index/resource_index/parent_prefix_path/crazyflie_examples
[2.966s] -- Symlinking: /home/ross/RosSwarm/ros2_ws/install/crazyflie_examples/share/crazyflie_examples/environment/ament_prefix_path.sh
[2.973s] -- Symlinking: /home/ross/RosSwarm/ros2_ws/install/crazyflie_examples/share/crazyflie_examples/environment/ament_prefix_path.dsv
[2.980s] -- Symlinking: /home/ross/RosSwarm/ros2_ws/install/crazyflie_examples/share/crazyflie_examples/environment/path.sh
[2.987s] -- Symlinking: /home/ross/RosSwarm/ros2_ws/install/crazyflie_examples/share/crazyflie_examples/environment/path.dsv
[2.994s] -- Symlinking: /home/ross/RosSwarm/ros2_ws/install/crazyflie_examples/share/crazyflie_examples/local_setup.bash
[3.001s] -- Symlinking: /home/ross/RosSwarm/ros2_ws/install/crazyflie_examples/share/crazyflie_examples/local_setup.sh
[3.008s] -- Symlinking: /home/ross/RosSwarm/ros2_ws/install/crazyflie_examples/share/crazyflie_examples/local_setup.zsh
[3.015s] -- Symlinking: /home/ross/RosSwarm/ros2_ws/install/crazyflie_examples/share/crazyflie_examples/local_setup.dsv
[3.022s] -- Symlinking: /home/ross/RosSwarm/ros2_ws/install/crazyflie_examples/share/crazyflie_examples/package.dsv
[3.029s] -- Symlinking: /home/ross/RosSwarm/ros2_ws/install/crazyflie_examples/share/ament_index/resource_index/packages/crazyflie_examples
[3.036s] -- Symlinking: /home/ross/RosSwarm/ros2_ws/install/crazyflie_examples/share/crazyflie_examples/cmake/crazyflie_examplesConfig.cmake
[3.043s] -- Symlinking: /home/ross/RosSwarm/ros2_ws/install/crazyflie_examples/share/crazyflie_examples/cmake/crazyflie_examplesConfig-version.cmake
[3.050s] -- Symlinking: /home/ross/RosSwarm/ros2_ws/install/crazyflie_examples/share/crazyflie_examples/package.xml
[3.094s] Listing '/home/ross/RosSwarm/ros2_ws/install/crazyflie_examples/lib/python3.12/site-packages/crazyflie_examples'...
[3.094s] Compiling '/home/ross/RosSwarm/ros2_ws/install/crazyflie_examples/lib/python3.12/site-packages/crazyflie_examples/__init__.py'...
[3.094s] Compiling '/home/ross/RosSwarm/ros2_ws/install/crazyflie_examples/lib/python3.12/site-packages/crazyflie_examples/arming.py'...
[3.094s] Compiling '/home/ross/RosSwarm/ros2_ws/install/crazyflie_examples/lib/python3.12/site-packages/crazyflie_examples/cmd_full_state.py'...
[3.094s] Listing '/home/ross/RosSwarm/ros2_ws/install/crazyflie_examples/lib/python3.12/site-packages/crazyflie_examples/data'...
[3.094s] Listing '/home/ross/RosSwarm/ros2_ws/install/crazyflie_examples/lib/python3.12/site-packages/crazyflie_examples/data/multi_trajectory'...
[3.094s] Compiling '/home/ross/RosSwarm/ros2_ws/install/crazyflie_examples/lib/python3.12/site-packages/crazyflie_examples/figure8.py'...
[3.094s] Compiling '/home/ross/RosSwarm/ros2_ws/install/crazyflie_examples/lib/python3.12/site-packages/crazyflie_examples/group_mask.py'...
[3.094s] Compiling '/home/ross/RosSwarm/ros2_ws/install/crazyflie_examples/lib/python3.12/site-packages/crazyflie_examples/hello_world.py'...
[3.095s] Compiling '/home/ross/RosSwarm/ros2_ws/install/crazyflie_examples/lib/python3.12/site-packages/crazyflie_examples/infinite_flight.py'...
[3.095s] Compiling '/home/ross/RosSwarm/ros2_ws/install/crazyflie_examples/lib/python3.12/site-packages/crazyflie_examples/multi_trajectory.py'...
[3.095s] Compiling '/home/ross/RosSwarm/ros2_ws/install/crazyflie_examples/lib/python3.12/site-packages/crazyflie_examples/nice_hover.py'...
[3.095s] Compiling '/home/ross/RosSwarm/ros2_ws/install/crazyflie_examples/lib/python3.12/site-packages/crazyflie_examples/set_param.py'...
[3.095s] Compiling '/home/ross/RosSwarm/ros2_ws/install/crazyflie_examples/lib/python3.12/site-packages/crazyflie_examples/swap.py'...
[3.101s] Invoked command in '/home/ross/RosSwarm/ros2_ws/build/crazyflie_examples' returned '0': AMENT_PREFIX_PATH=/home/ross/RosSwarm/ros2_ws/install/crazyflie_py:/home/ross/RosSwarm/ros2_ws/install/crazyflie_interfaces:${AMENT_PREFIX_PATH} CMAKE_PREFIX_PATH=/home/ross/RosSwarm/ros2_ws/install/crazyflie_interfaces:/opt/ros/jazzy/opt/gz_math_vendor:/opt/ros/jazzy/opt/gz_utils_vendor:/opt/ros/jazzy/opt/gz_cmake_vendor:/opt/ros/jazzy DEBUGINFOD_URLS=https://debuginfod.ubuntu.com LD_LIBRARY_PATH=/home/ross/RosSwarm/ros2_ws/install/crazyflie_interfaces/lib:${LD_LIBRARY_PATH} PYTHONPATH=/home/ross/RosSwarm/ros2_ws/build/crazyflie_py:/home/ross/RosSwarm/ros2_ws/install/crazyflie_py/lib/python3.12/site-packages:/home/ross/RosSwarm/ros2_ws/install/crazyflie_interfaces/lib/python3.12/site-packages:${PYTHONPATH} /usr/bin/cmake --install /home/ross/RosSwarm/ros2_ws/build/crazyflie_examples
