/home/ross/RosSwarm/ros2_ws/src/install/crazyflie_py/lib/python3.12/site-packages/crazyflie_py/crazyswarm_py.py
/home/ross/RosSwarm/ros2_ws/src/install/crazyflie_py/lib/python3.12/site-packages/crazyflie_py/keyboard.py
/home/ross/RosSwarm/ros2_ws/src/install/crazyflie_py/lib/python3.12/site-packages/crazyflie_py/linuxjsdev.py
/home/ross/RosSwarm/ros2_ws/src/install/crazyflie_py/lib/python3.12/site-packages/crazyflie_py/genericJoystick.py
/home/ross/RosSwarm/ros2_ws/src/install/crazyflie_py/lib/python3.12/site-packages/crazyflie_py/uav_trajectory.py
/home/ross/RosSwarm/ros2_ws/src/install/crazyflie_py/lib/python3.12/site-packages/crazyflie_py/util.py
/home/ross/RosSwarm/ros2_ws/src/install/crazyflie_py/lib/python3.12/site-packages/crazyflie_py/__init__.py
/home/ross/RosSwarm/ros2_ws/src/install/crazyflie_py/lib/python3.12/site-packages/crazyflie_py/crazyflie.py
/home/ross/RosSwarm/ros2_ws/src/install/crazyflie_py/lib/python3.12/site-packages/crazyflie_py/joystick.py
/home/ross/RosSwarm/ros2_ws/src/install/crazyflie_py/lib/python3.12/site-packages/crazyflie_py/__pycache__/crazyswarm_py.cpython-312.pyc
/home/ross/RosSwarm/ros2_ws/src/install/crazyflie_py/lib/python3.12/site-packages/crazyflie_py/__pycache__/keyboard.cpython-312.pyc
/home/ross/RosSwarm/ros2_ws/src/install/crazyflie_py/lib/python3.12/site-packages/crazyflie_py/__pycache__/linuxjsdev.cpython-312.pyc
/home/ross/RosSwarm/ros2_ws/src/install/crazyflie_py/lib/python3.12/site-packages/crazyflie_py/__pycache__/genericJoystick.cpython-312.pyc
/home/ross/RosSwarm/ros2_ws/src/install/crazyflie_py/lib/python3.12/site-packages/crazyflie_py/__pycache__/uav_trajectory.cpython-312.pyc
/home/ross/RosSwarm/ros2_ws/src/install/crazyflie_py/lib/python3.12/site-packages/crazyflie_py/__pycache__/util.cpython-312.pyc
/home/ross/RosSwarm/ros2_ws/src/install/crazyflie_py/lib/python3.12/site-packages/crazyflie_py/__pycache__/__init__.cpython-312.pyc
/home/ross/RosSwarm/ros2_ws/src/install/crazyflie_py/lib/python3.12/site-packages/crazyflie_py/__pycache__/crazyflie.cpython-312.pyc
/home/ross/RosSwarm/ros2_ws/src/install/crazyflie_py/lib/python3.12/site-packages/crazyflie_py/__pycache__/joystick.cpython-312.pyc
/home/ross/RosSwarm/ros2_ws/src/install/crazyflie_py/share/ament_index/resource_index/packages/crazyflie_py
/home/ross/RosSwarm/ros2_ws/src/install/crazyflie_py/share/crazyflie_py/package.xml
/home/ross/RosSwarm/ros2_ws/src/install/crazyflie_py/lib/python3.12/site-packages/crazyflie_py-2.0.0-py3.12.egg-info/top_level.txt
/home/ross/RosSwarm/ros2_ws/src/install/crazyflie_py/lib/python3.12/site-packages/crazyflie_py-2.0.0-py3.12.egg-info/dependency_links.txt
/home/ross/RosSwarm/ros2_ws/src/install/crazyflie_py/lib/python3.12/site-packages/crazyflie_py-2.0.0-py3.12.egg-info/zip-safe
/home/ross/RosSwarm/ros2_ws/src/install/crazyflie_py/lib/python3.12/site-packages/crazyflie_py-2.0.0-py3.12.egg-info/requires.txt
/home/ross/RosSwarm/ros2_ws/src/install/crazyflie_py/lib/python3.12/site-packages/crazyflie_py-2.0.0-py3.12.egg-info/SOURCES.txt
/home/ross/RosSwarm/ros2_ws/src/install/crazyflie_py/lib/python3.12/site-packages/crazyflie_py-2.0.0-py3.12.egg-info/PKG-INFO
