[0.007s] Invoking command in '/home/ross/RosSwarm/controllerFly/build/cfclient': DEBUGINFOD_URLS=https://debuginfod.ubuntu.com /usr/bin/cmake /home/ross/RosSwarm/controllerFly/crazyflie-clients-python -DCATKIN_INSTALL_INTO_PREFIX_ROOT=0 -DCMAKE_INSTALL_PREFIX=/home/ross/RosSwarm/controllerFly/install/cfclient
[0.013s] [0mCMake Deprecation Warning at CMakeLists.txt:1 (cmake_minimum_required):
[0.013s]   Compatibility with CMake < 3.5 will be removed from a future version of
[0.014s]   CMake.
[0.014s] 
[0.014s]   Update the VERSION argument <min> value or use a ...<max> suffix to tell
[0.014s]   CMake that the project does not need compatibility with older versions.
[0.014s] 
[0.014s] [0m
[0.053s] -- The C compiler identification is GNU 13.2.0
[0.101s] -- The CXX compiler identification is GNU 13.2.0
[0.115s] -- Detecting C compiler ABI info
[0.179s] -- Detecting C compiler ABI info - done
[0.189s] -- Check for working C compiler: /usr/bin/cc - skipped
[0.189s] -- Detecting C compile features
[0.189s] -- Detecting C compile features - done
[0.197s] -- Detecting CXX compiler ABI info
[0.271s] -- Detecting CXX compiler ABI info - done
[0.281s] -- Check for working CXX compiler: /usr/bin/c++ - skipped
[0.282s] -- Detecting CXX compile features
[0.282s] -- Detecting CXX compile features - done
[0.329s] [31mCMake Error at CMakeLists.txt:3 (find_package):
[0.329s]   By not providing "Findcatkin.cmake" in CMAKE_MODULE_PATH this project has
[0.329s]   asked CMake to find a package configuration file provided by "catkin", but
[0.329s]   CMake did not find one.
[0.329s] 
[0.329s]   Could not find a package configuration file provided by "catkin" with any
[0.329s]   of the following names:
[0.329s] 
[0.329s]     catkinConfig.cmake
[0.329s]     catkin-config.cmake
[0.329s] 
[0.329s]   Add the installation prefix of "catkin" to CMAKE_PREFIX_PATH or set
[0.330s]   "catkin_DIR" to a directory containing one of the above files.  If "catkin"
[0.330s]   provides a separate development package or SDK, be sure it has been
[0.330s]   installed.
[0.330s] 
[0.330s] [0m
[0.330s] -- Configuring incomplete, errors occurred!
[0.332s] Invoked command in '/home/ross/RosSwarm/controllerFly/build/cfclient' returned '1': DEBUGINFOD_URLS=https://debuginfod.ubuntu.com /usr/bin/cmake /home/ross/RosSwarm/controllerFly/crazyflie-clients-python -DCATKIN_INSTALL_INTO_PREFIX_ROOT=0 -DCMAKE_INSTALL_PREFIX=/home/ross/RosSwarm/controllerFly/install/cfclient
