[0.212s] Invoking command in '/home/ross/RosSwarm/ros2_ws/build/crazyflie_sim': AMENT_PREFIX_PATH=/home/ross/RosSwarm/ros2_ws/install/crazyflie_interfaces:${AMENT_PREFIX_PATH} CMAKE_PREFIX_PATH=/home/ross/RosSwarm/ros2_ws/install/crazyflie_interfaces:/opt/ros/jazzy/opt/gz_math_vendor:/opt/ros/jazzy/opt/gz_utils_vendor:/opt/ros/jazzy/opt/gz_cmake_vendor:/opt/ros/jazzy DEBUGINFOD_URLS=https://debuginfod.ubuntu.com LD_LIBRARY_PATH=/home/ross/RosSwarm/ros2_ws/install/crazyflie_interfaces/lib:${LD_LIBRARY_PATH} PYTHONPATH=/home/ross/RosSwarm/ros2_ws/install/crazyflie_interfaces/lib/python3.12/site-packages:${PYTHONPATH} /usr/bin/cmake /home/ross/RosSwarm/ros2_ws/src/crazyswarm2/crazyflie_sim -DCMAKE_BUILD_TYPE=Release -DAMENT_CMAKE_SYMLINK_INSTALL=1 -DCMAKE_INSTALL_PREFIX=/home/ross/RosSwarm/ros2_ws/install/crazyflie_sim
[0.254s] -- The C compiler identification is GNU 13.2.0
[0.302s] -- The CXX compiler identification is GNU 13.2.0
[0.568s] -- Detecting C compiler ABI info
[0.635s] -- Detecting C compiler ABI info - done
[0.645s] -- Check for working C compiler: /usr/bin/cc - skipped
[0.645s] -- Detecting C compile features
[0.645s] -- Detecting C compile features - done
[0.652s] -- Detecting CXX compiler ABI info
[0.729s] -- Detecting CXX compiler ABI info - done
[0.746s] -- Check for working CXX compiler: /usr/bin/c++ - skipped
[0.746s] -- Detecting CXX compile features
[0.747s] -- Detecting CXX compile features - done
[0.749s] -- Found ament_cmake: 2.5.0 (/opt/ros/jazzy/share/ament_cmake/cmake)
[0.887s] -- Found Python3: /usr/bin/python3 (found version "3.12.3") found components: Interpreter 
[0.951s] -- Override CMake install command with custom implementation using symlinks instead of copying resources
[1.068s] -- Found ament_cmake_pytest: 2.5.0 (/opt/ros/jazzy/share/ament_cmake_pytest/cmake)
[1.952s] -- Configuring done (1.7s)
[1.959s] -- Generating done (0.0s)
[1.961s] -- Build files have been written to: /home/ross/RosSwarm/ros2_ws/build/crazyflie_sim
[1.967s] Invoked command in '/home/ross/RosSwarm/ros2_ws/build/crazyflie_sim' returned '0': AMENT_PREFIX_PATH=/home/ross/RosSwarm/ros2_ws/install/crazyflie_interfaces:${AMENT_PREFIX_PATH} CMAKE_PREFIX_PATH=/home/ross/RosSwarm/ros2_ws/install/crazyflie_interfaces:/opt/ros/jazzy/opt/gz_math_vendor:/opt/ros/jazzy/opt/gz_utils_vendor:/opt/ros/jazzy/opt/gz_cmake_vendor:/opt/ros/jazzy DEBUGINFOD_URLS=https://debuginfod.ubuntu.com LD_LIBRARY_PATH=/home/ross/RosSwarm/ros2_ws/install/crazyflie_interfaces/lib:${LD_LIBRARY_PATH} PYTHONPATH=/home/ross/RosSwarm/ros2_ws/install/crazyflie_interfaces/lib/python3.12/site-packages:${PYTHONPATH} /usr/bin/cmake /home/ross/RosSwarm/ros2_ws/src/crazyswarm2/crazyflie_sim -DCMAKE_BUILD_TYPE=Release -DAMENT_CMAKE_SYMLINK_INSTALL=1 -DCMAKE_INSTALL_PREFIX=/home/ross/RosSwarm/ros2_ws/install/crazyflie_sim
[1.968s] Invoking command in '/home/ross/RosSwarm/ros2_ws/build/crazyflie_sim': AMENT_PREFIX_PATH=/home/ross/RosSwarm/ros2_ws/install/crazyflie_interfaces:${AMENT_PREFIX_PATH} CMAKE_PREFIX_PATH=/home/ross/RosSwarm/ros2_ws/install/crazyflie_interfaces:/opt/ros/jazzy/opt/gz_math_vendor:/opt/ros/jazzy/opt/gz_utils_vendor:/opt/ros/jazzy/opt/gz_cmake_vendor:/opt/ros/jazzy DEBUGINFOD_URLS=https://debuginfod.ubuntu.com LD_LIBRARY_PATH=/home/ross/RosSwarm/ros2_ws/install/crazyflie_interfaces/lib:${LD_LIBRARY_PATH} PYTHONPATH=/home/ross/RosSwarm/ros2_ws/install/crazyflie_interfaces/lib/python3.12/site-packages:${PYTHONPATH} /usr/bin/cmake --build /home/ross/RosSwarm/ros2_ws/build/crazyflie_sim -- -j12 -l12
[2.030s] Built target ament_cmake_python_symlink_crazyflie_sim_setup
[2.033s] Built target ament_cmake_python_symlink_crazyflie_sim
[2.502s] running egg_info
[2.504s] creating crazyflie_sim.egg-info
[2.549s] writing crazyflie_sim.egg-info/PKG-INFO
[2.549s] writing dependency_links to crazyflie_sim.egg-info/dependency_links.txt
[2.550s] writing entry points to crazyflie_sim.egg-info/entry_points.txt
[2.550s] writing top-level names to crazyflie_sim.egg-info/top_level.txt
[2.550s] writing manifest file 'crazyflie_sim.egg-info/SOURCES.txt'
[2.655s] reading manifest file 'crazyflie_sim.egg-info/SOURCES.txt'
[2.655s] writing manifest file 'crazyflie_sim.egg-info/SOURCES.txt'
[2.689s] running install_scripts
[2.690s] Built target ament_cmake_python_build_crazyflie_sim_egg
[2.793s] /usr/lib/python3/dist-packages/setuptools/_distutils/cmd.py:66: SetuptoolsDeprecationWarning: setup.py install is deprecated.
[2.793s] !!
[2.793s] 
[2.793s]         ********************************************************************************
[2.793s]         Please avoid running ``setup.py`` directly.
[2.794s]         Instead, use pypa/build, pypa/installer or other
[2.794s]         standards-based tools.
[2.794s] 
[2.794s]         See https://blog.ganssle.io/articles/2021/10/setup-py-deprecated.html for details.
[2.794s]         ********************************************************************************
[2.794s] 
[2.794s] !!
[2.795s]   self.initialize_options()
[2.804s] running egg_info
[2.909s] writing crazyflie_sim.egg-info/PKG-INFO
[2.909s] writing dependency_links to crazyflie_sim.egg-info/dependency_links.txt
[2.909s] writing entry points to crazyflie_sim.egg-info/entry_points.txt
[2.910s] writing top-level names to crazyflie_sim.egg-info/top_level.txt
[3.011s] reading manifest file 'crazyflie_sim.egg-info/SOURCES.txt'
[3.012s] writing manifest file 'crazyflie_sim.egg-info/SOURCES.txt'
[3.208s] Installing crazyflie_server script to scripts
[3.246s] Built target ament_cmake_python_build_crazyflie_sim_scripts
[3.255s] Invoked command in '/home/ross/RosSwarm/ros2_ws/build/crazyflie_sim' returned '0': AMENT_PREFIX_PATH=/home/ross/RosSwarm/ros2_ws/install/crazyflie_interfaces:${AMENT_PREFIX_PATH} CMAKE_PREFIX_PATH=/home/ross/RosSwarm/ros2_ws/install/crazyflie_interfaces:/opt/ros/jazzy/opt/gz_math_vendor:/opt/ros/jazzy/opt/gz_utils_vendor:/opt/ros/jazzy/opt/gz_cmake_vendor:/opt/ros/jazzy DEBUGINFOD_URLS=https://debuginfod.ubuntu.com LD_LIBRARY_PATH=/home/ross/RosSwarm/ros2_ws/install/crazyflie_interfaces/lib:${LD_LIBRARY_PATH} PYTHONPATH=/home/ross/RosSwarm/ros2_ws/install/crazyflie_interfaces/lib/python3.12/site-packages:${PYTHONPATH} /usr/bin/cmake --build /home/ross/RosSwarm/ros2_ws/build/crazyflie_sim -- -j12 -l12
[3.274s] Invoking command in '/home/ross/RosSwarm/ros2_ws/build/crazyflie_sim': AMENT_PREFIX_PATH=/home/ross/RosSwarm/ros2_ws/install/crazyflie_interfaces:${AMENT_PREFIX_PATH} CMAKE_PREFIX_PATH=/home/ross/RosSwarm/ros2_ws/install/crazyflie_interfaces:/opt/ros/jazzy/opt/gz_math_vendor:/opt/ros/jazzy/opt/gz_utils_vendor:/opt/ros/jazzy/opt/gz_cmake_vendor:/opt/ros/jazzy DEBUGINFOD_URLS=https://debuginfod.ubuntu.com LD_LIBRARY_PATH=/home/ross/RosSwarm/ros2_ws/install/crazyflie_interfaces/lib:${LD_LIBRARY_PATH} PYTHONPATH=/home/ross/RosSwarm/ros2_ws/install/crazyflie_interfaces/lib/python3.12/site-packages:${PYTHONPATH} /usr/bin/cmake --install /home/ross/RosSwarm/ros2_ws/build/crazyflie_sim
[3.280s] -- Install configuration: "Release"
[3.280s] -- Execute custom install script
[3.281s] -- Symlinking: /home/ross/RosSwarm/ros2_ws/install/crazyflie_sim/share/crazyflie_sim/environment/pythonpath.sh
[3.288s] -- Symlinking: /home/ross/RosSwarm/ros2_ws/install/crazyflie_sim/share/crazyflie_sim/environment/pythonpath.dsv
[3.296s] -- Symlinking: /home/ross/RosSwarm/ros2_ws/install/crazyflie_sim/lib/python3.12/site-packages/crazyflie_sim-2.0.0-py3.12.egg-info/PKG-INFO
[3.303s] -- Symlinking: /home/ross/RosSwarm/ros2_ws/install/crazyflie_sim/lib/python3.12/site-packages/crazyflie_sim-2.0.0-py3.12.egg-info/SOURCES.txt
[3.311s] -- Symlinking: /home/ross/RosSwarm/ros2_ws/install/crazyflie_sim/lib/python3.12/site-packages/crazyflie_sim-2.0.0-py3.12.egg-info/dependency_links.txt
[3.318s] -- Symlinking: /home/ross/RosSwarm/ros2_ws/install/crazyflie_sim/lib/python3.12/site-packages/crazyflie_sim-2.0.0-py3.12.egg-info/entry_points.txt
[3.326s] -- Symlinking: /home/ross/RosSwarm/ros2_ws/install/crazyflie_sim/lib/python3.12/site-packages/crazyflie_sim-2.0.0-py3.12.egg-info/top_level.txt
[3.334s] -- Symlinking: /home/ross/RosSwarm/ros2_ws/install/crazyflie_sim/lib/crazyflie_sim//crazyflie_server
[3.342s] -- Symlinking: /home/ross/RosSwarm/ros2_ws/install/crazyflie_sim/lib/python3.12/site-packages/crazyflie_sim/__init__.py
[3.350s] -- Symlinking: /home/ross/RosSwarm/ros2_ws/install/crazyflie_sim/lib/python3.12/site-packages/crazyflie_sim/backend/data/dynobench/crazyflie2.yaml
[3.358s] -- Symlinking: /home/ross/RosSwarm/ros2_ws/install/crazyflie_sim/lib/python3.12/site-packages/crazyflie_sim/backend/data/neuralswarm2/phi_G.pth
[3.366s] -- Symlinking: /home/ross/RosSwarm/ros2_ws/install/crazyflie_sim/lib/python3.12/site-packages/crazyflie_sim/backend/data/neuralswarm2/phi_L.pth
[3.373s] -- Symlinking: /home/ross/RosSwarm/ros2_ws/install/crazyflie_sim/lib/python3.12/site-packages/crazyflie_sim/backend/data/neuralswarm2/phi_S.pth
[3.381s] -- Symlinking: /home/ross/RosSwarm/ros2_ws/install/crazyflie_sim/lib/python3.12/site-packages/crazyflie_sim/backend/data/neuralswarm2/rho_L.pth
[3.388s] -- Symlinking: /home/ross/RosSwarm/ros2_ws/install/crazyflie_sim/lib/python3.12/site-packages/crazyflie_sim/backend/data/neuralswarm2/rho_S.pth
[3.396s] -- Symlinking: /home/ross/RosSwarm/ros2_ws/install/crazyflie_sim/lib/python3.12/site-packages/crazyflie_sim/backend/data/pinocchio/crazyflie2.urdf
[3.404s] -- Symlinking: /home/ross/RosSwarm/ros2_ws/install/crazyflie_sim/lib/python3.12/site-packages/crazyflie_sim/backend/dynobench.py
[3.412s] -- Symlinking: /home/ross/RosSwarm/ros2_ws/install/crazyflie_sim/lib/python3.12/site-packages/crazyflie_sim/backend/neuralswarm.py
[3.419s] -- Symlinking: /home/ross/RosSwarm/ros2_ws/install/crazyflie_sim/lib/python3.12/site-packages/crazyflie_sim/backend/none.py
[3.427s] -- Symlinking: /home/ross/RosSwarm/ros2_ws/install/crazyflie_sim/lib/python3.12/site-packages/crazyflie_sim/backend/np.py
[3.434s] -- Symlinking: /home/ross/RosSwarm/ros2_ws/install/crazyflie_sim/lib/python3.12/site-packages/crazyflie_sim/backend/pinocchio.py
[3.442s] -- Symlinking: /home/ross/RosSwarm/ros2_ws/install/crazyflie_sim/lib/python3.12/site-packages/crazyflie_sim/crazyflie_server.py
[3.449s] -- Symlinking: /home/ross/RosSwarm/ros2_ws/install/crazyflie_sim/lib/python3.12/site-packages/crazyflie_sim/crazyflie_sil.py
[3.457s] -- Symlinking: /home/ross/RosSwarm/ros2_ws/install/crazyflie_sim/lib/python3.12/site-packages/crazyflie_sim/sim_data_types.py
[3.465s] -- Symlinking: /home/ross/RosSwarm/ros2_ws/install/crazyflie_sim/lib/python3.12/site-packages/crazyflie_sim/visualization/README.md
[3.472s] -- Symlinking: /home/ross/RosSwarm/ros2_ws/install/crazyflie_sim/lib/python3.12/site-packages/crazyflie_sim/visualization/blender.py
[3.480s] -- Symlinking: /home/ross/RosSwarm/ros2_ws/install/crazyflie_sim/lib/python3.12/site-packages/crazyflie_sim/visualization/data/README.md
[3.487s] -- Symlinking: /home/ross/RosSwarm/ros2_ws/install/crazyflie_sim/lib/python3.12/site-packages/crazyflie_sim/visualization/data/env/abandoned_greenhouse.jpg
[3.494s] -- Symlinking: /home/ross/RosSwarm/ros2_ws/install/crazyflie_sim/lib/python3.12/site-packages/crazyflie_sim/visualization/data/env/aerodynamics_workshop.jpg
[3.501s] -- Symlinking: /home/ross/RosSwarm/ros2_ws/install/crazyflie_sim/lib/python3.12/site-packages/crazyflie_sim/visualization/data/env/aviation_museum.jpg
[3.508s] -- Symlinking: /home/ross/RosSwarm/ros2_ws/install/crazyflie_sim/lib/python3.12/site-packages/crazyflie_sim/visualization/data/env/crosswalk.jpg
[3.516s] -- Symlinking: /home/ross/RosSwarm/ros2_ws/install/crazyflie_sim/lib/python3.12/site-packages/crazyflie_sim/visualization/data/env/derelict_overpass.jpg
[3.523s] -- Symlinking: /home/ross/RosSwarm/ros2_ws/install/crazyflie_sim/lib/python3.12/site-packages/crazyflie_sim/visualization/data/env/env.jpg
[3.530s] -- Symlinking: /home/ross/RosSwarm/ros2_ws/install/crazyflie_sim/lib/python3.12/site-packages/crazyflie_sim/visualization/data/env/lago_disola.jpg
[3.538s] -- Symlinking: /home/ross/RosSwarm/ros2_ws/install/crazyflie_sim/lib/python3.12/site-packages/crazyflie_sim/visualization/data/env/lake_pier.jpg
[3.545s] -- Symlinking: /home/ross/RosSwarm/ros2_ws/install/crazyflie_sim/lib/python3.12/site-packages/crazyflie_sim/visualization/data/env/machine_shop.jpg
[3.553s] -- Symlinking: /home/ross/RosSwarm/ros2_ws/install/crazyflie_sim/lib/python3.12/site-packages/crazyflie_sim/visualization/data/env/museumplein.jpg
[3.559s] -- Symlinking: /home/ross/RosSwarm/ros2_ws/install/crazyflie_sim/lib/python3.12/site-packages/crazyflie_sim/visualization/data/env/peppermint_powerplant.jpg
[3.566s] -- Symlinking: /home/ross/RosSwarm/ros2_ws/install/crazyflie_sim/lib/python3.12/site-packages/crazyflie_sim/visualization/data/env/studio_garden.jpg
[3.573s] -- Symlinking: /home/ross/RosSwarm/ros2_ws/install/crazyflie_sim/lib/python3.12/site-packages/crazyflie_sim/visualization/data/model/cf.mtl
[3.580s] -- Symlinking: /home/ross/RosSwarm/ros2_ws/install/crazyflie_sim/lib/python3.12/site-packages/crazyflie_sim/visualization/data/model/cf.obj
[3.587s] -- Symlinking: /home/ross/RosSwarm/ros2_ws/install/crazyflie_sim/lib/python3.12/site-packages/crazyflie_sim/visualization/pdf.py
[3.594s] -- Symlinking: /home/ross/RosSwarm/ros2_ws/install/crazyflie_sim/lib/python3.12/site-packages/crazyflie_sim/visualization/record_states.py
[3.602s] -- Symlinking: /home/ross/RosSwarm/ros2_ws/install/crazyflie_sim/lib/python3.12/site-packages/crazyflie_sim/visualization/rviz.py
[3.609s] -- Symlinking: /home/ross/RosSwarm/ros2_ws/install/crazyflie_sim/share/ament_index/resource_index/package_run_dependencies/crazyflie_sim
[3.617s] -- Symlinking: /home/ross/RosSwarm/ros2_ws/install/crazyflie_sim/share/ament_index/resource_index/parent_prefix_path/crazyflie_sim
[3.624s] -- Symlinking: /home/ross/RosSwarm/ros2_ws/install/crazyflie_sim/share/crazyflie_sim/environment/ament_prefix_path.sh
[3.632s] -- Symlinking: /home/ross/RosSwarm/ros2_ws/install/crazyflie_sim/share/crazyflie_sim/environment/ament_prefix_path.dsv
[3.640s] -- Symlinking: /home/ross/RosSwarm/ros2_ws/install/crazyflie_sim/share/crazyflie_sim/environment/path.sh
[3.648s] -- Symlinking: /home/ross/RosSwarm/ros2_ws/install/crazyflie_sim/share/crazyflie_sim/environment/path.dsv
[3.655s] -- Symlinking: /home/ross/RosSwarm/ros2_ws/install/crazyflie_sim/share/crazyflie_sim/local_setup.bash
[3.663s] -- Symlinking: /home/ross/RosSwarm/ros2_ws/install/crazyflie_sim/share/crazyflie_sim/local_setup.sh
[3.671s] -- Symlinking: /home/ross/RosSwarm/ros2_ws/install/crazyflie_sim/share/crazyflie_sim/local_setup.zsh
[3.679s] -- Symlinking: /home/ross/RosSwarm/ros2_ws/install/crazyflie_sim/share/crazyflie_sim/local_setup.dsv
[3.686s] -- Symlinking: /home/ross/RosSwarm/ros2_ws/install/crazyflie_sim/share/crazyflie_sim/package.dsv
[3.694s] -- Symlinking: /home/ross/RosSwarm/ros2_ws/install/crazyflie_sim/share/ament_index/resource_index/packages/crazyflie_sim
[3.702s] -- Symlinking: /home/ross/RosSwarm/ros2_ws/install/crazyflie_sim/share/crazyflie_sim/cmake/crazyflie_simConfig.cmake
[3.709s] -- Symlinking: /home/ross/RosSwarm/ros2_ws/install/crazyflie_sim/share/crazyflie_sim/cmake/crazyflie_simConfig-version.cmake
[3.716s] -- Symlinking: /home/ross/RosSwarm/ros2_ws/install/crazyflie_sim/share/crazyflie_sim/package.xml
[3.776s] Listing '/home/ross/RosSwarm/ros2_ws/install/crazyflie_sim/lib/python3.12/site-packages/crazyflie_sim'...
[3.776s] Compiling '/home/ross/RosSwarm/ros2_ws/install/crazyflie_sim/lib/python3.12/site-packages/crazyflie_sim/__init__.py'...
[3.776s] Listing '/home/ross/RosSwarm/ros2_ws/install/crazyflie_sim/lib/python3.12/site-packages/crazyflie_sim/backend'...
[3.776s] Listing '/home/ross/RosSwarm/ros2_ws/install/crazyflie_sim/lib/python3.12/site-packages/crazyflie_sim/backend/data'...
[3.776s] Listing '/home/ross/RosSwarm/ros2_ws/install/crazyflie_sim/lib/python3.12/site-packages/crazyflie_sim/backend/data/dynobench'...
[3.776s] Listing '/home/ross/RosSwarm/ros2_ws/install/crazyflie_sim/lib/python3.12/site-packages/crazyflie_sim/backend/data/neuralswarm2'...
[3.776s] Listing '/home/ross/RosSwarm/ros2_ws/install/crazyflie_sim/lib/python3.12/site-packages/crazyflie_sim/backend/data/pinocchio'...
[3.776s] Compiling '/home/ross/RosSwarm/ros2_ws/install/crazyflie_sim/lib/python3.12/site-packages/crazyflie_sim/backend/dynobench.py'...
[3.776s] Compiling '/home/ross/RosSwarm/ros2_ws/install/crazyflie_sim/lib/python3.12/site-packages/crazyflie_sim/backend/neuralswarm.py'...
[3.776s] Compiling '/home/ross/RosSwarm/ros2_ws/install/crazyflie_sim/lib/python3.12/site-packages/crazyflie_sim/backend/none.py'...
[3.777s] Compiling '/home/ross/RosSwarm/ros2_ws/install/crazyflie_sim/lib/python3.12/site-packages/crazyflie_sim/backend/np.py'...
[3.777s] Compiling '/home/ross/RosSwarm/ros2_ws/install/crazyflie_sim/lib/python3.12/site-packages/crazyflie_sim/backend/pinocchio.py'...
[3.777s] Compiling '/home/ross/RosSwarm/ros2_ws/install/crazyflie_sim/lib/python3.12/site-packages/crazyflie_sim/crazyflie_server.py'...
[3.777s] Compiling '/home/ross/RosSwarm/ros2_ws/install/crazyflie_sim/lib/python3.12/site-packages/crazyflie_sim/crazyflie_sil.py'...
[3.777s] Compiling '/home/ross/RosSwarm/ros2_ws/install/crazyflie_sim/lib/python3.12/site-packages/crazyflie_sim/sim_data_types.py'...
[3.777s] Listing '/home/ross/RosSwarm/ros2_ws/install/crazyflie_sim/lib/python3.12/site-packages/crazyflie_sim/visualization'...
[3.777s] Compiling '/home/ross/RosSwarm/ros2_ws/install/crazyflie_sim/lib/python3.12/site-packages/crazyflie_sim/visualization/blender.py'...
[3.777s] Listing '/home/ross/RosSwarm/ros2_ws/install/crazyflie_sim/lib/python3.12/site-packages/crazyflie_sim/visualization/data'...
[3.777s] Listing '/home/ross/RosSwarm/ros2_ws/install/crazyflie_sim/lib/python3.12/site-packages/crazyflie_sim/visualization/data/env'...
[3.777s] Listing '/home/ross/RosSwarm/ros2_ws/install/crazyflie_sim/lib/python3.12/site-packages/crazyflie_sim/visualization/data/model'...
[3.777s] Compiling '/home/ross/RosSwarm/ros2_ws/install/crazyflie_sim/lib/python3.12/site-packages/crazyflie_sim/visualization/pdf.py'...
[3.777s] Compiling '/home/ross/RosSwarm/ros2_ws/install/crazyflie_sim/lib/python3.12/site-packages/crazyflie_sim/visualization/record_states.py'...
[3.777s] Compiling '/home/ross/RosSwarm/ros2_ws/install/crazyflie_sim/lib/python3.12/site-packages/crazyflie_sim/visualization/rviz.py'...
[3.784s] Invoked command in '/home/ross/RosSwarm/ros2_ws/build/crazyflie_sim' returned '0': AMENT_PREFIX_PATH=/home/ross/RosSwarm/ros2_ws/install/crazyflie_interfaces:${AMENT_PREFIX_PATH} CMAKE_PREFIX_PATH=/home/ross/RosSwarm/ros2_ws/install/crazyflie_interfaces:/opt/ros/jazzy/opt/gz_math_vendor:/opt/ros/jazzy/opt/gz_utils_vendor:/opt/ros/jazzy/opt/gz_cmake_vendor:/opt/ros/jazzy DEBUGINFOD_URLS=https://debuginfod.ubuntu.com LD_LIBRARY_PATH=/home/ross/RosSwarm/ros2_ws/install/crazyflie_interfaces/lib:${LD_LIBRARY_PATH} PYTHONPATH=/home/ross/RosSwarm/ros2_ws/install/crazyflie_interfaces/lib/python3.12/site-packages:${PYTHONPATH} /usr/bin/cmake --install /home/ross/RosSwarm/ros2_ws/build/crazyflie_sim
