running develop
/usr/lib/python3/dist-packages/setuptools/command/develop.py:40: EasyInstallDeprecationWarning: easy_install command is deprecated.
!!

        ********************************************************************************
        Please avoid running ``setup.py`` and ``easy_install``.
        Instead, use pypa/build, pypa/installer or other
        standards-based tools.

        See https://github.com/pypa/setuptools/issues/917 for details.
        ********************************************************************************

!!
  easy_install.initialize_options(self)
running egg_info
writing crazyflie_py.egg-info/PKG-INFO
writing dependency_links to crazyflie_py.egg-info/dependency_links.txt
writing requirements to crazyflie_py.egg-info/requires.txt
writing top-level names to crazyflie_py.egg-info/top_level.txt
reading manifest file 'crazyflie_py.egg-info/SOURCES.txt'
writing manifest file 'crazyflie_py.egg-info/SOURCES.txt'
running build_ext
Creating /home/ross/RosSwarm/ros2_ws/install/crazyflie_py/lib/python3.12/site-packages/crazyflie-py.egg-link (link to .)

Installed /home/ross/RosSwarm/ros2_ws/build/crazyflie_py
running symlink_data
