[0.879s] Invoking command in '/home/ross/RosSwarm/ros2_ws/build/crazyflie_py': AMENT_PREFIX_PATH=/home/ross/RosSwarm/ros2_ws/install/crazyflie_interfaces:${AMENT_PREFIX_PATH} CMAKE_PREFIX_PATH=/home/ross/RosSwarm/ros2_ws/install/crazyflie_interfaces:${CMAKE_PREFIX_PATH} DEBUGINFOD_URLS=https://debuginfod.ubuntu.com LD_LIBRARY_PATH=/home/ross/RosSwarm/ros2_ws/install/crazyflie_interfaces/lib:${LD_LIBRARY_PATH} PYTHONPATH=/home/ross/RosSwarm/ros2_ws/build/crazyflie_py/prefix_override:/home/ross/RosSwarm/ros2_ws/install/crazyflie_py/lib/python3.12/site-packages:/home/ross/RosSwarm/ros2_ws/install/crazyflie_interfaces/lib/python3.12/site-packages:${PYTHONPATH} /usr/bin/python3 -W ignore:setup.py install is deprecated setup.py develop --editable --build-directory /home/ross/RosSwarm/ros2_ws/build/crazyflie_py/build --no-deps symlink_data
[1.245s] running develop
[1.245s] /usr/lib/python3/dist-packages/setuptools/command/develop.py:40: EasyInstallDeprecationWarning: easy_install command is deprecated.
[1.246s] !!
[1.246s] 
[1.246s]         ********************************************************************************
[1.246s]         Please avoid running ``setup.py`` and ``easy_install``.
[1.246s]         Instead, use pypa/build, pypa/installer or other
[1.246s]         standards-based tools.
[1.246s] 
[1.246s]         See https://github.com/pypa/setuptools/issues/917 for details.
[1.246s]         ********************************************************************************
[1.247s] 
[1.247s] !!
[1.247s]   easy_install.initialize_options(self)
[1.483s] running egg_info
[1.505s] writing crazyflie_py.egg-info/PKG-INFO
[1.505s] writing dependency_links to crazyflie_py.egg-info/dependency_links.txt
[1.505s] writing requirements to crazyflie_py.egg-info/requires.txt
[1.506s] writing top-level names to crazyflie_py.egg-info/top_level.txt
[1.552s] reading manifest file 'crazyflie_py.egg-info/SOURCES.txt'
[1.553s] writing manifest file 'crazyflie_py.egg-info/SOURCES.txt'
[1.577s] running build_ext
[1.577s] Creating /home/ross/RosSwarm/ros2_ws/install/crazyflie_py/lib/python3.12/site-packages/crazyflie-py.egg-link (link to .)
[1.578s] 
[1.578s] Installed /home/ross/RosSwarm/ros2_ws/build/crazyflie_py
[1.578s] running symlink_data
[1.607s] Invoked command in '/home/ross/RosSwarm/ros2_ws/build/crazyflie_py' returned '0': AMENT_PREFIX_PATH=/home/ross/RosSwarm/ros2_ws/install/crazyflie_interfaces:${AMENT_PREFIX_PATH} CMAKE_PREFIX_PATH=/home/ross/RosSwarm/ros2_ws/install/crazyflie_interfaces:${CMAKE_PREFIX_PATH} DEBUGINFOD_URLS=https://debuginfod.ubuntu.com LD_LIBRARY_PATH=/home/ross/RosSwarm/ros2_ws/install/crazyflie_interfaces/lib:${LD_LIBRARY_PATH} PYTHONPATH=/home/ross/RosSwarm/ros2_ws/build/crazyflie_py/prefix_override:/home/ross/RosSwarm/ros2_ws/install/crazyflie_py/lib/python3.12/site-packages:/home/ross/RosSwarm/ros2_ws/install/crazyflie_interfaces/lib/python3.12/site-packages:${PYTHONPATH} /usr/bin/python3 -W ignore:setup.py install is deprecated setup.py develop --editable --build-directory /home/ross/RosSwarm/ros2_ws/build/crazyflie_py/build --no-deps symlink_data
