[0.214s] Invoking command in '/home/ross/RosSwarm/ros2_ws/src/build/crazyflie_sim': AMENT_PREFIX_PATH=/home/ross/RosSwarm/ros2_ws/src/install/crazyflie_interfaces:${AMENT_PREFIX_PATH} CMAKE_PREFIX_PATH=/home/ross/RosSwarm/ros2_ws/src/install/crazyflie_interfaces:/home/ross/RosSwarm/ros2_ws/install/crazyflie_sim:/home/ross/RosSwarm/ros2_ws/install/crazyflie_examples:/home/ross/RosSwarm/ros2_ws/install/crazyflie:/home/ross/RosSwarm/ros2_ws/install/crazyflie_interfaces:/opt/ros/jazzy/opt/gz_math_vendor:/opt/ros/jazzy/opt/gz_utils_vendor:/opt/ros/jazzy/opt/gz_cmake_vendor:/home/ross/RosSwarm/ros2_ws/install/crazyflie_py:/opt/ros/jazzy DEBUGINFOD_URLS=https://debuginfod.ubuntu.com LD_LIBRARY_PATH=/home/ross/RosSwarm/ros2_ws/src/install/crazyflie_interfaces/lib:${LD_LIBRARY_PATH} PYTHONPATH=/home/ross/RosSwarm/ros2_ws/src/install/crazyflie_interfaces/lib/python3.12/site-packages:${PYTHONPATH} /usr/bin/cmake /home/ross/RosSwarm/ros2_ws/src/crazyswarm2/crazyflie_sim -DCMAKE_INSTALL_PREFIX=/home/ross/RosSwarm/ros2_ws/src/install/crazyflie_sim
[0.258s] -- The C compiler identification is GNU 13.2.0
[0.306s] -- The CXX compiler identification is GNU 13.2.0
[0.318s] -- Detecting C compiler ABI info
[0.385s] -- Detecting C compiler ABI info - done
[0.401s] -- Check for working C compiler: /usr/bin/cc - skipped
[0.402s] -- Detecting C compile features
[0.402s] -- Detecting C compile features - done
[0.410s] -- Detecting CXX compiler ABI info
[0.488s] -- Detecting CXX compiler ABI info - done
[0.497s] -- Check for working CXX compiler: /usr/bin/c++ - skipped
[0.497s] -- Detecting CXX compile features
[0.497s] -- Detecting CXX compile features - done
[0.499s] -- Found ament_cmake: 2.5.0 (/opt/ros/jazzy/share/ament_cmake/cmake)
[0.635s] -- Found Python3: /usr/bin/python3 (found version "3.12.3") found components: Interpreter 
[0.830s] -- Found ament_cmake_pytest: 2.5.0 (/opt/ros/jazzy/share/ament_cmake_pytest/cmake)
[1.645s] -- Configuring done (1.4s)
[1.648s] -- Generating done (0.0s)
[1.649s] -- Build files have been written to: /home/ross/RosSwarm/ros2_ws/src/build/crazyflie_sim
[1.653s] Invoked command in '/home/ross/RosSwarm/ros2_ws/src/build/crazyflie_sim' returned '0': AMENT_PREFIX_PATH=/home/ross/RosSwarm/ros2_ws/src/install/crazyflie_interfaces:${AMENT_PREFIX_PATH} CMAKE_PREFIX_PATH=/home/ross/RosSwarm/ros2_ws/src/install/crazyflie_interfaces:/home/ross/RosSwarm/ros2_ws/install/crazyflie_sim:/home/ross/RosSwarm/ros2_ws/install/crazyflie_examples:/home/ross/RosSwarm/ros2_ws/install/crazyflie:/home/ross/RosSwarm/ros2_ws/install/crazyflie_interfaces:/opt/ros/jazzy/opt/gz_math_vendor:/opt/ros/jazzy/opt/gz_utils_vendor:/opt/ros/jazzy/opt/gz_cmake_vendor:/home/ross/RosSwarm/ros2_ws/install/crazyflie_py:/opt/ros/jazzy DEBUGINFOD_URLS=https://debuginfod.ubuntu.com LD_LIBRARY_PATH=/home/ross/RosSwarm/ros2_ws/src/install/crazyflie_interfaces/lib:${LD_LIBRARY_PATH} PYTHONPATH=/home/ross/RosSwarm/ros2_ws/src/install/crazyflie_interfaces/lib/python3.12/site-packages:${PYTHONPATH} /usr/bin/cmake /home/ross/RosSwarm/ros2_ws/src/crazyswarm2/crazyflie_sim -DCMAKE_INSTALL_PREFIX=/home/ross/RosSwarm/ros2_ws/src/install/crazyflie_sim
[1.654s] Invoking command in '/home/ross/RosSwarm/ros2_ws/src/build/crazyflie_sim': AMENT_PREFIX_PATH=/home/ross/RosSwarm/ros2_ws/src/install/crazyflie_interfaces:${AMENT_PREFIX_PATH} CMAKE_PREFIX_PATH=/home/ross/RosSwarm/ros2_ws/src/install/crazyflie_interfaces:/home/ross/RosSwarm/ros2_ws/install/crazyflie_sim:/home/ross/RosSwarm/ros2_ws/install/crazyflie_examples:/home/ross/RosSwarm/ros2_ws/install/crazyflie:/home/ross/RosSwarm/ros2_ws/install/crazyflie_interfaces:/opt/ros/jazzy/opt/gz_math_vendor:/opt/ros/jazzy/opt/gz_utils_vendor:/opt/ros/jazzy/opt/gz_cmake_vendor:/home/ross/RosSwarm/ros2_ws/install/crazyflie_py:/opt/ros/jazzy DEBUGINFOD_URLS=https://debuginfod.ubuntu.com LD_LIBRARY_PATH=/home/ross/RosSwarm/ros2_ws/src/install/crazyflie_interfaces/lib:${LD_LIBRARY_PATH} PYTHONPATH=/home/ross/RosSwarm/ros2_ws/src/install/crazyflie_interfaces/lib/python3.12/site-packages:${PYTHONPATH} /usr/bin/cmake --build /home/ross/RosSwarm/ros2_ws/src/build/crazyflie_sim -- -j12 -l12
[1.694s] Built target ament_cmake_python_copy_crazyflie_sim_setup
[1.918s] Built target ament_cmake_python_copy_crazyflie_sim
[2.324s] running egg_info
[2.326s] creating crazyflie_sim.egg-info
[2.365s] running install_scripts
[2.379s] writing crazyflie_sim.egg-info/PKG-INFO
[2.379s] writing dependency_links to crazyflie_sim.egg-info/dependency_links.txt
[2.380s] writing entry points to crazyflie_sim.egg-info/entry_points.txt
[2.380s] writing top-level names to crazyflie_sim.egg-info/top_level.txt
[2.380s] writing manifest file 'crazyflie_sim.egg-info/SOURCES.txt'
[2.469s] /usr/lib/python3/dist-packages/setuptools/_distutils/cmd.py:66: SetuptoolsDeprecationWarning: setup.py install is deprecated.
[2.470s] !!
[2.470s] 
[2.470s]         ********************************************************************************
[2.470s]         Please avoid running ``setup.py`` directly.
[2.470s]         Instead, use pypa/build, pypa/installer or other
[2.470s]         standards-based tools.
[2.470s] 
[2.471s]         See https://blog.ganssle.io/articles/2021/10/setup-py-deprecated.html for details.
[2.471s]         ********************************************************************************
[2.471s] 
[2.471s] !!
[2.471s]   self.initialize_options()
[2.479s] running egg_info
[2.533s] reading manifest file 'crazyflie_sim.egg-info/SOURCES.txt'
[2.533s] writing crazyflie_sim.egg-info/PKG-INFO
[2.533s] writing dependency_links to crazyflie_sim.egg-info/dependency_links.txt
[2.533s] writing entry points to crazyflie_sim.egg-info/entry_points.txt
[2.534s] writing top-level names to crazyflie_sim.egg-info/top_level.txt
[2.534s] writing manifest file 'crazyflie_sim.egg-info/SOURCES.txt'
[2.573s] Built target ament_cmake_python_build_crazyflie_sim_egg
[2.587s] reading manifest file 'crazyflie_sim.egg-info/SOURCES.txt'
[2.588s] writing manifest file 'crazyflie_sim.egg-info/SOURCES.txt'
[2.728s] Installing crazyflie_server script to scripts
[2.772s] Built target ament_cmake_python_build_crazyflie_sim_scripts
[2.781s] Invoked command in '/home/ross/RosSwarm/ros2_ws/src/build/crazyflie_sim' returned '0': AMENT_PREFIX_PATH=/home/ross/RosSwarm/ros2_ws/src/install/crazyflie_interfaces:${AMENT_PREFIX_PATH} CMAKE_PREFIX_PATH=/home/ross/RosSwarm/ros2_ws/src/install/crazyflie_interfaces:/home/ross/RosSwarm/ros2_ws/install/crazyflie_sim:/home/ross/RosSwarm/ros2_ws/install/crazyflie_examples:/home/ross/RosSwarm/ros2_ws/install/crazyflie:/home/ross/RosSwarm/ros2_ws/install/crazyflie_interfaces:/opt/ros/jazzy/opt/gz_math_vendor:/opt/ros/jazzy/opt/gz_utils_vendor:/opt/ros/jazzy/opt/gz_cmake_vendor:/home/ross/RosSwarm/ros2_ws/install/crazyflie_py:/opt/ros/jazzy DEBUGINFOD_URLS=https://debuginfod.ubuntu.com LD_LIBRARY_PATH=/home/ross/RosSwarm/ros2_ws/src/install/crazyflie_interfaces/lib:${LD_LIBRARY_PATH} PYTHONPATH=/home/ross/RosSwarm/ros2_ws/src/install/crazyflie_interfaces/lib/python3.12/site-packages:${PYTHONPATH} /usr/bin/cmake --build /home/ross/RosSwarm/ros2_ws/src/build/crazyflie_sim -- -j12 -l12
[2.800s] Invoking command in '/home/ross/RosSwarm/ros2_ws/src/build/crazyflie_sim': AMENT_PREFIX_PATH=/home/ross/RosSwarm/ros2_ws/src/install/crazyflie_interfaces:${AMENT_PREFIX_PATH} CMAKE_PREFIX_PATH=/home/ross/RosSwarm/ros2_ws/src/install/crazyflie_interfaces:/home/ross/RosSwarm/ros2_ws/install/crazyflie_sim:/home/ross/RosSwarm/ros2_ws/install/crazyflie_examples:/home/ross/RosSwarm/ros2_ws/install/crazyflie:/home/ross/RosSwarm/ros2_ws/install/crazyflie_interfaces:/opt/ros/jazzy/opt/gz_math_vendor:/opt/ros/jazzy/opt/gz_utils_vendor:/opt/ros/jazzy/opt/gz_cmake_vendor:/home/ross/RosSwarm/ros2_ws/install/crazyflie_py:/opt/ros/jazzy DEBUGINFOD_URLS=https://debuginfod.ubuntu.com LD_LIBRARY_PATH=/home/ross/RosSwarm/ros2_ws/src/install/crazyflie_interfaces/lib:${LD_LIBRARY_PATH} PYTHONPATH=/home/ross/RosSwarm/ros2_ws/src/install/crazyflie_interfaces/lib/python3.12/site-packages:${PYTHONPATH} /usr/bin/cmake --install /home/ross/RosSwarm/ros2_ws/src/build/crazyflie_sim
[2.807s] -- Install configuration: ""
[2.808s] -- Installing: /home/ross/RosSwarm/ros2_ws/src/install/crazyflie_sim/share/crazyflie_sim/environment/pythonpath.sh
[2.808s] -- Installing: /home/ross/RosSwarm/ros2_ws/src/install/crazyflie_sim/share/crazyflie_sim/environment/pythonpath.dsv
[2.808s] -- Installing: /home/ross/RosSwarm/ros2_ws/src/install/crazyflie_sim/lib/python3.12/site-packages/crazyflie_sim-2.0.0-py3.12.egg-info
[2.808s] -- Installing: /home/ross/RosSwarm/ros2_ws/src/install/crazyflie_sim/lib/python3.12/site-packages/crazyflie_sim-2.0.0-py3.12.egg-info/top_level.txt
[2.808s] -- Installing: /home/ross/RosSwarm/ros2_ws/src/install/crazyflie_sim/lib/python3.12/site-packages/crazyflie_sim-2.0.0-py3.12.egg-info/dependency_links.txt
[2.808s] -- Installing: /home/ross/RosSwarm/ros2_ws/src/install/crazyflie_sim/lib/python3.12/site-packages/crazyflie_sim-2.0.0-py3.12.egg-info/entry_points.txt
[2.808s] -- Installing: /home/ross/RosSwarm/ros2_ws/src/install/crazyflie_sim/lib/python3.12/site-packages/crazyflie_sim-2.0.0-py3.12.egg-info/SOURCES.txt
[2.809s] -- Installing: /home/ross/RosSwarm/ros2_ws/src/install/crazyflie_sim/lib/python3.12/site-packages/crazyflie_sim-2.0.0-py3.12.egg-info/PKG-INFO
[2.809s] -- Installing: /home/ross/RosSwarm/ros2_ws/src/install/crazyflie_sim/lib/crazyflie_sim/
[2.809s] -- Installing: /home/ross/RosSwarm/ros2_ws/src/install/crazyflie_sim/lib/crazyflie_sim//crazyflie_server
[2.809s] -- Installing: /home/ross/RosSwarm/ros2_ws/src/install/crazyflie_sim/lib/python3.12/site-packages/crazyflie_sim
[2.809s] -- Installing: /home/ross/RosSwarm/ros2_ws/src/install/crazyflie_sim/lib/python3.12/site-packages/crazyflie_sim/backend
[2.809s] -- Installing: /home/ross/RosSwarm/ros2_ws/src/install/crazyflie_sim/lib/python3.12/site-packages/crazyflie_sim/backend/none.py
[2.809s] -- Installing: /home/ross/RosSwarm/ros2_ws/src/install/crazyflie_sim/lib/python3.12/site-packages/crazyflie_sim/backend/dynobench.py
[2.810s] -- Installing: /home/ross/RosSwarm/ros2_ws/src/install/crazyflie_sim/lib/python3.12/site-packages/crazyflie_sim/backend/neuralswarm.py
[2.810s] -- Installing: /home/ross/RosSwarm/ros2_ws/src/install/crazyflie_sim/lib/python3.12/site-packages/crazyflie_sim/backend/pinocchio.py
[2.810s] -- Installing: /home/ross/RosSwarm/ros2_ws/src/install/crazyflie_sim/lib/python3.12/site-packages/crazyflie_sim/backend/data
[2.810s] -- Installing: /home/ross/RosSwarm/ros2_ws/src/install/crazyflie_sim/lib/python3.12/site-packages/crazyflie_sim/backend/data/neuralswarm2
[2.810s] -- Installing: /home/ross/RosSwarm/ros2_ws/src/install/crazyflie_sim/lib/python3.12/site-packages/crazyflie_sim/backend/data/neuralswarm2/phi_S.pth
[2.810s] -- Installing: /home/ross/RosSwarm/ros2_ws/src/install/crazyflie_sim/lib/python3.12/site-packages/crazyflie_sim/backend/data/neuralswarm2/rho_L.pth
[2.810s] -- Installing: /home/ross/RosSwarm/ros2_ws/src/install/crazyflie_sim/lib/python3.12/site-packages/crazyflie_sim/backend/data/neuralswarm2/rho_S.pth
[2.811s] -- Installing: /home/ross/RosSwarm/ros2_ws/src/install/crazyflie_sim/lib/python3.12/site-packages/crazyflie_sim/backend/data/neuralswarm2/phi_G.pth
[2.811s] -- Installing: /home/ross/RosSwarm/ros2_ws/src/install/crazyflie_sim/lib/python3.12/site-packages/crazyflie_sim/backend/data/neuralswarm2/phi_L.pth
[2.811s] -- Installing: /home/ross/RosSwarm/ros2_ws/src/install/crazyflie_sim/lib/python3.12/site-packages/crazyflie_sim/backend/data/pinocchio
[2.811s] -- Installing: /home/ross/RosSwarm/ros2_ws/src/install/crazyflie_sim/lib/python3.12/site-packages/crazyflie_sim/backend/data/pinocchio/crazyflie2.urdf
[2.811s] -- Installing: /home/ross/RosSwarm/ros2_ws/src/install/crazyflie_sim/lib/python3.12/site-packages/crazyflie_sim/backend/data/dynobench
[2.811s] -- Installing: /home/ross/RosSwarm/ros2_ws/src/install/crazyflie_sim/lib/python3.12/site-packages/crazyflie_sim/backend/data/dynobench/crazyflie2.yaml
[2.812s] -- Installing: /home/ross/RosSwarm/ros2_ws/src/install/crazyflie_sim/lib/python3.12/site-packages/crazyflie_sim/backend/np.py
[2.812s] -- Installing: /home/ross/RosSwarm/ros2_ws/src/install/crazyflie_sim/lib/python3.12/site-packages/crazyflie_sim/sim_data_types.py
[2.812s] -- Installing: /home/ross/RosSwarm/ros2_ws/src/install/crazyflie_sim/lib/python3.12/site-packages/crazyflie_sim/crazyflie_sil.py
[2.812s] -- Installing: /home/ross/RosSwarm/ros2_ws/src/install/crazyflie_sim/lib/python3.12/site-packages/crazyflie_sim/__init__.py
[2.812s] -- Installing: /home/ross/RosSwarm/ros2_ws/src/install/crazyflie_sim/lib/python3.12/site-packages/crazyflie_sim/crazyflie_server.py
[2.812s] -- Installing: /home/ross/RosSwarm/ros2_ws/src/install/crazyflie_sim/lib/python3.12/site-packages/crazyflie_sim/visualization
[2.813s] -- Installing: /home/ross/RosSwarm/ros2_ws/src/install/crazyflie_sim/lib/python3.12/site-packages/crazyflie_sim/visualization/README.md
[2.813s] -- Installing: /home/ross/RosSwarm/ros2_ws/src/install/crazyflie_sim/lib/python3.12/site-packages/crazyflie_sim/visualization/record_states.py
[2.813s] -- Installing: /home/ross/RosSwarm/ros2_ws/src/install/crazyflie_sim/lib/python3.12/site-packages/crazyflie_sim/visualization/data
[2.813s] -- Installing: /home/ross/RosSwarm/ros2_ws/src/install/crazyflie_sim/lib/python3.12/site-packages/crazyflie_sim/visualization/data/README.md
[2.813s] -- Installing: /home/ross/RosSwarm/ros2_ws/src/install/crazyflie_sim/lib/python3.12/site-packages/crazyflie_sim/visualization/data/model
[2.813s] -- Installing: /home/ross/RosSwarm/ros2_ws/src/install/crazyflie_sim/lib/python3.12/site-packages/crazyflie_sim/visualization/data/model/cf.obj
[2.813s] -- Installing: /home/ross/RosSwarm/ros2_ws/src/install/crazyflie_sim/lib/python3.12/site-packages/crazyflie_sim/visualization/data/model/cf.mtl
[2.813s] -- Installing: /home/ross/RosSwarm/ros2_ws/src/install/crazyflie_sim/lib/python3.12/site-packages/crazyflie_sim/visualization/data/env
[2.814s] -- Installing: /home/ross/RosSwarm/ros2_ws/src/install/crazyflie_sim/lib/python3.12/site-packages/crazyflie_sim/visualization/data/env/derelict_overpass.jpg
[2.814s] -- Installing: /home/ross/RosSwarm/ros2_ws/src/install/crazyflie_sim/lib/python3.12/site-packages/crazyflie_sim/visualization/data/env/aviation_museum.jpg
[2.814s] -- Installing: /home/ross/RosSwarm/ros2_ws/src/install/crazyflie_sim/lib/python3.12/site-packages/crazyflie_sim/visualization/data/env/lago_disola.jpg
[2.814s] -- Installing: /home/ross/RosSwarm/ros2_ws/src/install/crazyflie_sim/lib/python3.12/site-packages/crazyflie_sim/visualization/data/env/machine_shop.jpg
[2.814s] -- Installing: /home/ross/RosSwarm/ros2_ws/src/install/crazyflie_sim/lib/python3.12/site-packages/crazyflie_sim/visualization/data/env/museumplein.jpg
[2.814s] -- Installing: /home/ross/RosSwarm/ros2_ws/src/install/crazyflie_sim/lib/python3.12/site-packages/crazyflie_sim/visualization/data/env/peppermint_powerplant.jpg
[2.814s] -- Installing: /home/ross/RosSwarm/ros2_ws/src/install/crazyflie_sim/lib/python3.12/site-packages/crazyflie_sim/visualization/data/env/abandoned_greenhouse.jpg
[2.815s] -- Installing: /home/ross/RosSwarm/ros2_ws/src/install/crazyflie_sim/lib/python3.12/site-packages/crazyflie_sim/visualization/data/env/crosswalk.jpg
[2.815s] -- Installing: /home/ross/RosSwarm/ros2_ws/src/install/crazyflie_sim/lib/python3.12/site-packages/crazyflie_sim/visualization/data/env/lake_pier.jpg
[2.815s] -- Installing: /home/ross/RosSwarm/ros2_ws/src/install/crazyflie_sim/lib/python3.12/site-packages/crazyflie_sim/visualization/data/env/env.jpg
[2.815s] -- Installing: /home/ross/RosSwarm/ros2_ws/src/install/crazyflie_sim/lib/python3.12/site-packages/crazyflie_sim/visualization/data/env/aerodynamics_workshop.jpg
[2.816s] -- Installing: /home/ross/RosSwarm/ros2_ws/src/install/crazyflie_sim/lib/python3.12/site-packages/crazyflie_sim/visualization/data/env/studio_garden.jpg
[2.816s] -- Installing: /home/ross/RosSwarm/ros2_ws/src/install/crazyflie_sim/lib/python3.12/site-packages/crazyflie_sim/visualization/pdf.py
[2.816s] -- Installing: /home/ross/RosSwarm/ros2_ws/src/install/crazyflie_sim/lib/python3.12/site-packages/crazyflie_sim/visualization/blender.py
[2.816s] -- Installing: /home/ross/RosSwarm/ros2_ws/src/install/crazyflie_sim/lib/python3.12/site-packages/crazyflie_sim/visualization/rviz.py
[2.877s] Listing '/home/ross/RosSwarm/ros2_ws/src/install/crazyflie_sim/lib/python3.12/site-packages/crazyflie_sim'...
[2.877s] Compiling '/home/ross/RosSwarm/ros2_ws/src/install/crazyflie_sim/lib/python3.12/site-packages/crazyflie_sim/__init__.py'...
[2.877s] Listing '/home/ross/RosSwarm/ros2_ws/src/install/crazyflie_sim/lib/python3.12/site-packages/crazyflie_sim/backend'...
[2.877s] Listing '/home/ross/RosSwarm/ros2_ws/src/install/crazyflie_sim/lib/python3.12/site-packages/crazyflie_sim/backend/data'...
[2.877s] Listing '/home/ross/RosSwarm/ros2_ws/src/install/crazyflie_sim/lib/python3.12/site-packages/crazyflie_sim/backend/data/dynobench'...
[2.877s] Listing '/home/ross/RosSwarm/ros2_ws/src/install/crazyflie_sim/lib/python3.12/site-packages/crazyflie_sim/backend/data/neuralswarm2'...
[2.877s] Listing '/home/ross/RosSwarm/ros2_ws/src/install/crazyflie_sim/lib/python3.12/site-packages/crazyflie_sim/backend/data/pinocchio'...
[2.877s] Compiling '/home/ross/RosSwarm/ros2_ws/src/install/crazyflie_sim/lib/python3.12/site-packages/crazyflie_sim/backend/dynobench.py'...
[2.878s] Compiling '/home/ross/RosSwarm/ros2_ws/src/install/crazyflie_sim/lib/python3.12/site-packages/crazyflie_sim/backend/neuralswarm.py'...
[2.878s] Compiling '/home/ross/RosSwarm/ros2_ws/src/install/crazyflie_sim/lib/python3.12/site-packages/crazyflie_sim/backend/none.py'...
[2.878s] Compiling '/home/ross/RosSwarm/ros2_ws/src/install/crazyflie_sim/lib/python3.12/site-packages/crazyflie_sim/backend/np.py'...
[2.878s] Compiling '/home/ross/RosSwarm/ros2_ws/src/install/crazyflie_sim/lib/python3.12/site-packages/crazyflie_sim/backend/pinocchio.py'...
[2.878s] Compiling '/home/ross/RosSwarm/ros2_ws/src/install/crazyflie_sim/lib/python3.12/site-packages/crazyflie_sim/crazyflie_server.py'...
[2.878s] Compiling '/home/ross/RosSwarm/ros2_ws/src/install/crazyflie_sim/lib/python3.12/site-packages/crazyflie_sim/crazyflie_sil.py'...
[2.878s] Compiling '/home/ross/RosSwarm/ros2_ws/src/install/crazyflie_sim/lib/python3.12/site-packages/crazyflie_sim/sim_data_types.py'...
[2.879s] Listing '/home/ross/RosSwarm/ros2_ws/src/install/crazyflie_sim/lib/python3.12/site-packages/crazyflie_sim/visualization'...
[2.879s] Compiling '/home/ross/RosSwarm/ros2_ws/src/install/crazyflie_sim/lib/python3.12/site-packages/crazyflie_sim/visualization/blender.py'...
[2.879s] Listing '/home/ross/RosSwarm/ros2_ws/src/install/crazyflie_sim/lib/python3.12/site-packages/crazyflie_sim/visualization/data'...
[2.879s] Listing '/home/ross/RosSwarm/ros2_ws/src/install/crazyflie_sim/lib/python3.12/site-packages/crazyflie_sim/visualization/data/env'...
[2.879s] Listing '/home/ross/RosSwarm/ros2_ws/src/install/crazyflie_sim/lib/python3.12/site-packages/crazyflie_sim/visualization/data/model'...
[2.879s] Compiling '/home/ross/RosSwarm/ros2_ws/src/install/crazyflie_sim/lib/python3.12/site-packages/crazyflie_sim/visualization/pdf.py'...
[2.879s] Compiling '/home/ross/RosSwarm/ros2_ws/src/install/crazyflie_sim/lib/python3.12/site-packages/crazyflie_sim/visualization/record_states.py'...
[2.879s] Compiling '/home/ross/RosSwarm/ros2_ws/src/install/crazyflie_sim/lib/python3.12/site-packages/crazyflie_sim/visualization/rviz.py'...
[2.884s] -- Installing: /home/ross/RosSwarm/ros2_ws/src/install/crazyflie_sim/share/ament_index/resource_index/package_run_dependencies/crazyflie_sim
[2.884s] -- Installing: /home/ross/RosSwarm/ros2_ws/src/install/crazyflie_sim/share/ament_index/resource_index/parent_prefix_path/crazyflie_sim
[2.885s] -- Installing: /home/ross/RosSwarm/ros2_ws/src/install/crazyflie_sim/share/crazyflie_sim/environment/ament_prefix_path.sh
[2.885s] -- Installing: /home/ross/RosSwarm/ros2_ws/src/install/crazyflie_sim/share/crazyflie_sim/environment/ament_prefix_path.dsv
[2.885s] -- Installing: /home/ross/RosSwarm/ros2_ws/src/install/crazyflie_sim/share/crazyflie_sim/environment/path.sh
[2.885s] -- Installing: /home/ross/RosSwarm/ros2_ws/src/install/crazyflie_sim/share/crazyflie_sim/environment/path.dsv
[2.885s] -- Installing: /home/ross/RosSwarm/ros2_ws/src/install/crazyflie_sim/share/crazyflie_sim/local_setup.bash
[2.886s] -- Installing: /home/ross/RosSwarm/ros2_ws/src/install/crazyflie_sim/share/crazyflie_sim/local_setup.sh
[2.886s] -- Installing: /home/ross/RosSwarm/ros2_ws/src/install/crazyflie_sim/share/crazyflie_sim/local_setup.zsh
[2.886s] -- Installing: /home/ross/RosSwarm/ros2_ws/src/install/crazyflie_sim/share/crazyflie_sim/local_setup.dsv
[2.886s] -- Installing: /home/ross/RosSwarm/ros2_ws/src/install/crazyflie_sim/share/crazyflie_sim/package.dsv
[2.886s] -- Installing: /home/ross/RosSwarm/ros2_ws/src/install/crazyflie_sim/share/ament_index/resource_index/packages/crazyflie_sim
[2.886s] -- Installing: /home/ross/RosSwarm/ros2_ws/src/install/crazyflie_sim/share/crazyflie_sim/cmake/crazyflie_simConfig.cmake
[2.887s] -- Installing: /home/ross/RosSwarm/ros2_ws/src/install/crazyflie_sim/share/crazyflie_sim/cmake/crazyflie_simConfig-version.cmake
[2.887s] -- Installing: /home/ross/RosSwarm/ros2_ws/src/install/crazyflie_sim/share/crazyflie_sim/package.xml
[2.889s] Invoked command in '/home/ross/RosSwarm/ros2_ws/src/build/crazyflie_sim' returned '0': AMENT_PREFIX_PATH=/home/ross/RosSwarm/ros2_ws/src/install/crazyflie_interfaces:${AMENT_PREFIX_PATH} CMAKE_PREFIX_PATH=/home/ross/RosSwarm/ros2_ws/src/install/crazyflie_interfaces:/home/ross/RosSwarm/ros2_ws/install/crazyflie_sim:/home/ross/RosSwarm/ros2_ws/install/crazyflie_examples:/home/ross/RosSwarm/ros2_ws/install/crazyflie:/home/ross/RosSwarm/ros2_ws/install/crazyflie_interfaces:/opt/ros/jazzy/opt/gz_math_vendor:/opt/ros/jazzy/opt/gz_utils_vendor:/opt/ros/jazzy/opt/gz_cmake_vendor:/home/ross/RosSwarm/ros2_ws/install/crazyflie_py:/opt/ros/jazzy DEBUGINFOD_URLS=https://debuginfod.ubuntu.com LD_LIBRARY_PATH=/home/ross/RosSwarm/ros2_ws/src/install/crazyflie_interfaces/lib:${LD_LIBRARY_PATH} PYTHONPATH=/home/ross/RosSwarm/ros2_ws/src/install/crazyflie_interfaces/lib/python3.12/site-packages:${PYTHONPATH} /usr/bin/cmake --install /home/ross/RosSwarm/ros2_ws/src/build/crazyflie_sim
